0 verbose cli /usr/local/bin/node /usr/local/bin/npm
1 info using npm@11.6.2
2 info using node@v24.12.0
3 silly config load:file:/usr/local/lib/node_modules/npm/npmrc
4 silly config load:file:/Users/wuwenbo/.npmrc
5 verbose config error loading user config Error: EACCES: permission denied, open '/Users/wuwenbo/.npmrc'
5 verbose config     at async open (node:internal/fs/promises:642:25)
5 verbose config     at async readFile (node:internal/fs/promises:1279:14)
5 verbose config     at async #loadFile (/usr/local/lib/node_modules/npm/node_modules/@npmcli/config/lib/index.js:635:5)
5 verbose config     at async Config.load (/usr/local/lib/node_modules/npm/node_modules/@npmcli/config/lib/index.js:259:5)
5 verbose config     at async #load (/usr/local/lib/node_modules/npm/lib/npm.js:99:5)
5 verbose config     at async Npm.load (/usr/local/lib/node_modules/npm/lib/npm.js:81:14)
5 verbose config     at async module.exports (/usr/local/lib/node_modules/npm/lib/cli/entry.js:35:37) {
5 verbose config   errno: -13,
5 verbose config   code: 'EACCES',
5 verbose config   syscall: 'open',
5 verbose config   path: '/Users/wuwenbo/.npmrc'
5 verbose config }
6 silly config load:file:/usr/local/etc/npmrc
7 verbose title npm install yarn
8 verbose argv "install" "--global" "yarn" "--cache" "./.npm-cache"
9 verbose logfile logs-max:10 dir:/Users/wuwenbo/Documents/trae_projects/SoloProjects-hll/p3/.npm-cache/_logs/2026-05-23T09_55_13_261Z-
10 verbose logfile /Users/wuwenbo/Documents/trae_projects/SoloProjects-hll/p3/.npm-cache/_logs/2026-05-23T09_55_13_261Z-debug-0.log
11 silly packumentCache heap:4496293888 maxSize:1124073472 maxEntrySize:562036736
12 silly logfile done cleaning log files
13 silly idealTree buildDeps
14 silly fetch manifest yarn@*
15 silly packumentCache full:https://registry.npmjs.org/yarn cache-miss
16 http fetch GET 200 https://registry.npmjs.org/yarn 850ms (cache miss)
17 silly packumentCache full:https://registry.npmjs.org/yarn set size:undefined disposed:false
18 silly placeDep ROOT yarn@1.22.22 OK for:  want: *
19 silly reify moves {}
20 verbose stack Error: EACCES: permission denied, mkdir '/usr/local/lib/node_modules/yarn'
20 verbose stack     at async mkdir (node:internal/fs/promises:861:10)
20 verbose stack     at async /usr/local/lib/node_modules/npm/node_modules/@npmcli/arborist/lib/arborist/reify.js:576:20
20 verbose stack     at async Promise.allSettled (index 0)
20 verbose stack     at async [reifyPackages] (/usr/local/lib/node_modules/npm/node_modules/@npmcli/arborist/lib/arborist/reify.js:313:11)
20 verbose stack     at async Arborist.reify (/usr/local/lib/node_modules/npm/node_modules/@npmcli/arborist/lib/arborist/reify.js:125:5)
20 verbose stack     at async Install.exec (/usr/local/lib/node_modules/npm/lib/commands/install.js:150:5)
20 verbose stack     at async Npm.exec (/usr/local/lib/node_modules/npm/lib/npm.js:208:9)
20 verbose stack     at async module.exports (/usr/local/lib/node_modules/npm/lib/cli/entry.js:67:5)
21 error code EACCES
22 error syscall mkdir
23 error path /usr/local/lib/node_modules/yarn
24 error errno -13
25 error Error: EACCES: permission denied, mkdir '/usr/local/lib/node_modules/yarn'
25 error     at async mkdir (node:internal/fs/promises:861:10)
25 error     at async /usr/local/lib/node_modules/npm/node_modules/@npmcli/arborist/lib/arborist/reify.js:576:20
25 error     at async Promise.allSettled (index 0)
25 error     at async [reifyPackages] (/usr/local/lib/node_modules/npm/node_modules/@npmcli/arborist/lib/arborist/reify.js:313:11)
25 error     at async Arborist.reify (/usr/local/lib/node_modules/npm/node_modules/@npmcli/arborist/lib/arborist/reify.js:125:5)
25 error     at async Install.exec (/usr/local/lib/node_modules/npm/lib/commands/install.js:150:5)
25 error     at async Npm.exec (/usr/local/lib/node_modules/npm/lib/npm.js:208:9)
25 error     at async module.exports (/usr/local/lib/node_modules/npm/lib/cli/entry.js:67:5) {
25 error   errno: -13,
25 error   code: 'EACCES',
25 error   syscall: 'mkdir',
25 error   path: '/usr/local/lib/node_modules/yarn'
25 error }
26 error
26 error The operation was rejected by your operating system.
26 error It is likely you do not have the permissions to access this file as the current user
26 error
26 error If you believe this might be a permissions issue, please double-check the
26 error permissions of the file and its containing directories, or try running
26 error the command again as root/Administrator.
27 silly unfinished npm timer reify 1779530113512
28 silly unfinished npm timer reify:createSparse 1779530114385
29 verbose cwd /Users/wuwenbo/Documents/trae_projects/SoloProjects-hll/p3
30 verbose os Darwin 23.5.0
31 verbose node v24.12.0
32 verbose npm  v11.6.2
33 verbose exit -13
34 verbose code -13
35 error A complete log of this run can be found in: /Users/wuwenbo/Documents/trae_projects/SoloProjects-hll/p3/.npm-cache/_logs/2026-05-23T09_55_13_261Z-debug-0.log
