0 verbose cli /usr/local/bin/node /usr/local/bin/npm
1 info using npm@11.6.2
2 info using node@v24.12.0
3 silly config load:file:/usr/local/lib/node_modules/npm/npmrc
4 silly config load:file:/Users/wuwenbo/Documents/trae_projects/SoloProjects-hll/p3/.npmrc
5 silly config load:file:/Users/wuwenbo/.npmrc
6 verbose config error loading user config Error: EACCES: permission denied, open '/Users/wuwenbo/.npmrc'
6 verbose config     at async open (node:internal/fs/promises:642:25)
6 verbose config     at async readFile (node:internal/fs/promises:1279:14)
6 verbose config     at async #loadFile (/usr/local/lib/node_modules/npm/node_modules/@npmcli/config/lib/index.js:635:5)
6 verbose config     at async Config.load (/usr/local/lib/node_modules/npm/node_modules/@npmcli/config/lib/index.js:259:5)
6 verbose config     at async #load (/usr/local/lib/node_modules/npm/lib/npm.js:99:5)
6 verbose config     at async Npm.load (/usr/local/lib/node_modules/npm/lib/npm.js:81:14)
6 verbose config     at async module.exports (/usr/local/lib/node_modules/npm/lib/cli/entry.js:35:37) {
6 verbose config   errno: -13,
6 verbose config   code: 'EACCES',
6 verbose config   syscall: 'open',
6 verbose config   path: '/Users/wuwenbo/.npmrc'
6 verbose config }
7 silly config load:file:/Users/wuwenbo/Documents/trae_projects/SoloProjects-hll/p3/etc/npmrc
8 verbose title npm install express cors xmlbuilder2
9 verbose argv "install" "--prefix" "./" "--cache" "./.npm-cache" "express" "cors" "xmlbuilder2"
10 verbose logfile logs-max:10 dir:/Users/wuwenbo/Documents/trae_projects/SoloProjects-hll/p3/.npm-cache/_logs/2026-05-23T09_55_22_033Z-
11 verbose logfile /Users/wuwenbo/Documents/trae_projects/SoloProjects-hll/p3/.npm-cache/_logs/2026-05-23T09_55_22_033Z-debug-0.log
12 silly logfile done cleaning log files
13 silly packumentCache heap:4496293888 maxSize:1124073472 maxEntrySize:562036736
14 silly idealTree buildDeps
15 silly fetch manifest express@^4.18.2
16 silly packumentCache full:https://registry.npmjs.org/express cache-miss
17 http fetch GET 200 https://registry.npmjs.org/express 3159ms (cache miss)
18 silly packumentCache full:https://registry.npmjs.org/express set size:undefined disposed:false
19 silly fetch manifest cors@^2.8.5
20 silly packumentCache full:https://registry.npmjs.org/cors cache-miss
21 http fetch GET 200 https://registry.npmjs.org/cors 242ms (cache miss)
22 silly packumentCache full:https://registry.npmjs.org/cors set size:undefined disposed:false
23 silly fetch manifest xmlbuilder2@^3.1.1
24 silly packumentCache full:https://registry.npmjs.org/xmlbuilder2 cache-miss
25 http fetch GET 200 https://registry.npmjs.org/xmlbuilder2 696ms (cache miss)
26 silly packumentCache full:https://registry.npmjs.org/xmlbuilder2 set size:undefined disposed:false
27 silly fetch manifest nodemon@^3.0.1
28 silly packumentCache full:https://registry.npmjs.org/nodemon cache-miss
29 http fetch GET 200 https://registry.npmjs.org/nodemon 867ms (cache miss)
30 silly packumentCache full:https://registry.npmjs.org/nodemon set size:undefined disposed:false
31 silly placeDep ROOT cors@2.8.6 OK for: direction-finding-system@1.0.0 want: ^2.8.5
32 silly placeDep ROOT express@4.22.2 OK for: direction-finding-system@1.0.0 want: ^4.18.2
33 silly placeDep ROOT nodemon@3.1.14 OK for: direction-finding-system@1.0.0 want: ^3.0.1
34 silly placeDep ROOT xmlbuilder2@3.1.1 OK for: direction-finding-system@1.0.0 want: ^3.1.1
35 silly fetch manifest object-assign@^4
36 silly packumentCache full:https://registry.npmjs.org/object-assign cache-miss
37 silly fetch manifest vary@^1
38 silly packumentCache full:https://registry.npmjs.org/vary cache-miss
39 silly fetch manifest qs@~6.15.1
40 silly packumentCache full:https://registry.npmjs.org/qs cache-miss
41 silly fetch manifest depd@2.0.0
42 silly packumentCache full:https://registry.npmjs.org/depd cache-miss
43 silly fetch manifest etag@~1.8.1
44 silly packumentCache full:https://registry.npmjs.org/etag cache-miss
45 silly fetch manifest send@~0.19.0
46 silly packumentCache full:https://registry.npmjs.org/send cache-miss
47 silly fetch manifest vary@~1.1.2
48 silly packumentCache full:https://registry.npmjs.org/vary cache-miss
49 http fetch GET 200 https://registry.npmjs.org/object-assign 464ms (cache miss)
50 silly packumentCache full:https://registry.npmjs.org/object-assign set size:undefined disposed:false
51 silly fetch manifest debug@2.6.9
52 silly packumentCache full:https://registry.npmjs.org/debug cache-miss
53 http fetch GET 200 https://registry.npmjs.org/vary 1267ms (cache miss)
54 silly packumentCache full:https://registry.npmjs.org/vary set size:undefined disposed:false
55 silly fetch manifest fresh@~0.5.2
56 silly packumentCache full:https://registry.npmjs.org/fresh cache-miss
57 http fetch GET 200 https://registry.npmjs.org/etag 1293ms (cache miss)
58 silly packumentCache full:https://registry.npmjs.org/etag set size:undefined disposed:false
59 silly fetch manifest cookie@~0.7.1
60 silly packumentCache full:https://registry.npmjs.org/cookie cache-miss
61 http fetch GET 200 https://registry.npmjs.org/fresh 208ms (cache miss)
62 silly packumentCache full:https://registry.npmjs.org/fresh set size:undefined disposed:false
63 silly fetch manifest accepts@~1.3.8
64 silly packumentCache full:https://registry.npmjs.org/accepts cache-miss
65 http fetch GET 200 https://registry.npmjs.org/debug 1108ms (cache miss)
66 silly packumentCache full:https://registry.npmjs.org/debug set size:undefined disposed:false
67 silly fetch manifest methods@~1.1.2
68 silly packumentCache full:https://registry.npmjs.org/methods cache-miss
69 http fetch GET 200 https://registry.npmjs.org/send 1592ms (cache miss)
70 silly packumentCache full:https://registry.npmjs.org/send set size:undefined disposed:false
71 silly fetch manifest type-is@~1.6.18
72 silly packumentCache full:https://registry.npmjs.org/type-is cache-miss
73 http fetch GET 200 https://registry.npmjs.org/methods 233ms (cache miss)
74 silly packumentCache full:https://registry.npmjs.org/methods set size:undefined disposed:false
75 silly fetch manifest parseurl@~1.3.3
76 silly packumentCache full:https://registry.npmjs.org/parseurl cache-miss
77 http fetch GET 200 https://registry.npmjs.org/type-is 237ms (cache miss)
78 silly packumentCache full:https://registry.npmjs.org/type-is set size:undefined disposed:false
79 silly fetch manifest statuses@~2.0.1
80 silly packumentCache full:https://registry.npmjs.org/statuses cache-miss
81 http fetch GET 200 https://registry.npmjs.org/accepts 396ms (cache miss)
82 silly packumentCache full:https://registry.npmjs.org/accepts set size:undefined disposed:false
83 silly fetch manifest encodeurl@~2.0.0
84 silly packumentCache full:https://registry.npmjs.org/encodeurl cache-miss
85 http fetch GET 200 https://registry.npmjs.org/cookie 621ms (cache miss)
86 silly packumentCache full:https://registry.npmjs.org/cookie set size:undefined disposed:false
87 silly fetch manifest proxy-addr@~2.0.7
88 silly packumentCache full:https://registry.npmjs.org/proxy-addr cache-miss
89 http fetch GET 200 https://registry.npmjs.org/encodeurl 206ms (cache miss)
90 silly packumentCache full:https://registry.npmjs.org/encodeurl set size:undefined disposed:false
91 silly fetch manifest body-parser@~1.20.5
92 silly packumentCache full:https://registry.npmjs.org/body-parser cache-miss
93 http fetch GET 200 https://registry.npmjs.org/vary 2132ms (cache miss)
94 silly packumentCache full:https://registry.npmjs.org/vary set size:undefined disposed:false
95 silly fetch manifest escape-html@~1.0.3
96 silly packumentCache full:https://registry.npmjs.org/escape-html cache-miss
97 http fetch GET 200 https://registry.npmjs.org/statuses 472ms (cache miss)
98 silly packumentCache full:https://registry.npmjs.org/statuses set size:undefined disposed:false
99 silly fetch manifest http-errors@~2.0.0
100 silly packumentCache full:https://registry.npmjs.org/http-errors cache-miss
101 http fetch GET 200 https://registry.npmjs.org/parseurl 501ms (cache miss)
102 silly packumentCache full:https://registry.npmjs.org/parseurl set size:undefined disposed:false
103 silly fetch manifest on-finished@~2.4.1
104 silly packumentCache full:https://registry.npmjs.org/on-finished cache-miss
105 http fetch GET 200 https://registry.npmjs.org/escape-html 221ms (cache miss)
106 silly packumentCache full:https://registry.npmjs.org/escape-html set size:undefined disposed:false
107 silly fetch manifest safe-buffer@5.2.1
108 silly packumentCache full:https://registry.npmjs.org/safe-buffer cache-miss
109 http fetch GET 200 https://registry.npmjs.org/qs 2583ms (cache miss)
110 silly packumentCache full:https://registry.npmjs.org/qs set size:undefined disposed:false
111 silly fetch manifest utils-merge@1.0.1
112 silly packumentCache full:https://registry.npmjs.org/utils-merge cache-miss
113 http fetch GET 200 https://registry.npmjs.org/body-parser 639ms (cache miss)
114 silly packumentCache full:https://registry.npmjs.org/body-parser set size:undefined disposed:false
115 silly fetch manifest content-type@~1.0.4
116 silly packumentCache full:https://registry.npmjs.org/content-type cache-miss
117 http fetch GET 200 https://registry.npmjs.org/on-finished 469ms (cache miss)
118 silly packumentCache full:https://registry.npmjs.org/on-finished set size:undefined disposed:false
119 silly fetch manifest finalhandler@~1.3.1
120 silly packumentCache full:https://registry.npmjs.org/finalhandler cache-miss
121 http fetch GET 200 https://registry.npmjs.org/utils-merge 223ms (cache miss)
122 silly packumentCache full:https://registry.npmjs.org/utils-merge set size:undefined disposed:false
123 silly fetch manifest range-parser@~1.2.1
124 silly packumentCache full:https://registry.npmjs.org/range-parser cache-miss
125 http fetch GET 200 https://registry.npmjs.org/proxy-addr 1082ms (cache miss)
126 silly packumentCache full:https://registry.npmjs.org/proxy-addr set size:undefined disposed:false
127 silly fetch manifest serve-static@~1.16.2
128 silly packumentCache full:https://registry.npmjs.org/serve-static cache-miss
129 http fetch GET 200 https://registry.npmjs.org/content-type 438ms (cache miss)
130 silly packumentCache full:https://registry.npmjs.org/content-type set size:undefined disposed:false
131 silly fetch manifest array-flatten@1.1.1
132 silly packumentCache full:https://registry.npmjs.org/array-flatten cache-miss
133 http fetch GET 200 https://registry.npmjs.org/safe-buffer 818ms (cache miss)
134 silly packumentCache full:https://registry.npmjs.org/safe-buffer set size:undefined disposed:false
135 silly fetch manifest path-to-regexp@~0.1.12
136 silly packumentCache full:https://registry.npmjs.org/path-to-regexp cache-miss
137 http fetch GET 200 https://registry.npmjs.org/http-errors 1206ms (cache miss)
138 silly packumentCache full:https://registry.npmjs.org/http-errors set size:undefined disposed:false
139 silly fetch manifest setprototypeof@1.2.0
140 silly packumentCache full:https://registry.npmjs.org/setprototypeof cache-miss
141 http fetch GET 200 https://registry.npmjs.org/array-flatten 439ms (cache miss)
142 silly packumentCache full:https://registry.npmjs.org/array-flatten set size:undefined disposed:false
143 silly fetch manifest cookie-signature@~1.0.6
144 silly packumentCache full:https://registry.npmjs.org/cookie-signature cache-miss
145 http fetch GET 200 https://registry.npmjs.org/path-to-regexp 450ms (cache miss)
146 silly packumentCache full:https://registry.npmjs.org/path-to-regexp set size:undefined disposed:false
147 silly fetch manifest merge-descriptors@1.0.3
148 silly packumentCache full:https://registry.npmjs.org/merge-descriptors cache-miss
149 http fetch GET 200 https://registry.npmjs.org/finalhandler 915ms (cache miss)
150 silly packumentCache full:https://registry.npmjs.org/finalhandler set size:undefined disposed:false
151 silly fetch manifest content-disposition@~0.5.4
152 silly packumentCache full:https://registry.npmjs.org/content-disposition cache-miss
153 http fetch GET 200 https://registry.npmjs.org/serve-static 728ms (cache miss)
154 silly packumentCache full:https://registry.npmjs.org/serve-static set size:undefined disposed:false
155 silly fetch manifest debug@^4
156 silly packumentCache full:https://registry.npmjs.org/debug cache-miss
157 http cache https://registry.npmjs.org/debug 5ms (cache hit)
158 silly packumentCache full:https://registry.npmjs.org/debug set size:195840 disposed:false
159 silly fetch manifest touch@^3.1.0
160 silly packumentCache full:https://registry.npmjs.org/touch cache-miss
161 http fetch GET 200 https://registry.npmjs.org/merge-descriptors 224ms (cache miss)
162 silly packumentCache full:https://registry.npmjs.org/merge-descriptors set size:undefined disposed:false
163 silly fetch manifest semver@^7.5.3
164 silly packumentCache full:https://registry.npmjs.org/semver cache-miss
165 http fetch GET 200 https://registry.npmjs.org/content-disposition 233ms (cache miss)
166 silly packumentCache full:https://registry.npmjs.org/content-disposition set size:undefined disposed:false
167 silly fetch manifest chokidar@^3.5.2
168 silly packumentCache full:https://registry.npmjs.org/chokidar cache-miss
169 http fetch GET 200 https://registry.npmjs.org/setprototypeof 470ms (cache miss)
170 silly packumentCache full:https://registry.npmjs.org/setprototypeof set size:undefined disposed:false
171 silly fetch manifest minimatch@^10.2.1
172 silly packumentCache full:https://registry.npmjs.org/minimatch cache-miss
173 http fetch GET 200 https://registry.npmjs.org/depd 4010ms (cache miss)
174 silly packumentCache full:https://registry.npmjs.org/depd set size:undefined disposed:false
175 silly fetch manifest undefsafe@^2.0.5
176 silly packumentCache full:https://registry.npmjs.org/undefsafe cache-miss
177 http fetch GET 200 https://registry.npmjs.org/cookie-signature 457ms (cache miss)
178 silly packumentCache full:https://registry.npmjs.org/cookie-signature set size:undefined disposed:false
179 silly fetch manifest pstree.remy@^1.1.8
180 silly packumentCache full:https://registry.npmjs.org/pstree.remy cache-miss
181 http fetch GET 200 https://registry.npmjs.org/touch 464ms (cache miss)
182 silly packumentCache full:https://registry.npmjs.org/touch set size:undefined disposed:false
183 silly fetch manifest supports-color@^5.5.0
184 silly packumentCache full:https://registry.npmjs.org/supports-color cache-miss
185 http fetch GET 200 https://registry.npmjs.org/undefsafe 213ms (cache miss)
186 silly packumentCache full:https://registry.npmjs.org/undefsafe set size:undefined disposed:false
187 silly fetch manifest ignore-by-default@^1.0.1
188 silly packumentCache full:https://registry.npmjs.org/ignore-by-default cache-miss
189 http fetch GET 200 https://registry.npmjs.org/semver 629ms (cache miss)
190 silly packumentCache full:https://registry.npmjs.org/semver set size:undefined disposed:false
191 silly fetch manifest simple-update-notifier@^2.0.0
192 silly packumentCache full:https://registry.npmjs.org/simple-update-notifier cache-miss
193 http fetch GET 200 https://registry.npmjs.org/pstree.remy 631ms (cache miss)
194 silly packumentCache full:https://registry.npmjs.org/pstree.remy set size:undefined disposed:false
195 silly fetch manifest js-yaml@3.14.1
196 silly packumentCache full:https://registry.npmjs.org/js-yaml cache-miss
197 http fetch GET 200 https://registry.npmjs.org/chokidar 772ms (cache miss)
198 silly packumentCache full:https://registry.npmjs.org/chokidar set size:undefined disposed:false
199 silly fetch manifest @oozcitak/dom@1.15.10
200 silly packumentCache full:https://registry.npmjs.org/@oozcitak%2fdom cache-miss
201 http fetch GET 200 https://registry.npmjs.org/range-parser 2047ms (cache miss)
202 silly packumentCache full:https://registry.npmjs.org/range-parser set size:undefined disposed:false
203 silly fetch manifest @oozcitak/util@8.3.8
204 silly packumentCache full:https://registry.npmjs.org/@oozcitak%2futil cache-miss
205 http fetch GET 200 https://registry.npmjs.org/simple-update-notifier 418ms (cache miss)
206 silly packumentCache full:https://registry.npmjs.org/simple-update-notifier set size:undefined disposed:false
207 silly fetch manifest @oozcitak/infra@1.0.8
208 silly packumentCache full:https://registry.npmjs.org/@oozcitak%2finfra cache-miss
209 http fetch GET 200 https://registry.npmjs.org/@oozcitak%2finfra 239ms (cache miss)
210 silly packumentCache full:https://registry.npmjs.org/@oozcitak%2finfra set size:undefined disposed:false
211 http fetch GET 200 https://registry.npmjs.org/@oozcitak%2fdom 514ms (cache miss)
212 silly packumentCache full:https://registry.npmjs.org/@oozcitak%2fdom set size:undefined disposed:false
213 http fetch GET 200 https://registry.npmjs.org/supports-color 1262ms (cache miss)
214 silly packumentCache full:https://registry.npmjs.org/supports-color set size:undefined disposed:false
215 http fetch GET 200 https://registry.npmjs.org/ignore-by-default 1316ms (cache miss)
216 silly packumentCache full:https://registry.npmjs.org/ignore-by-default set size:undefined disposed:false
217 http fetch GET 200 https://registry.npmjs.org/@oozcitak%2futil 1103ms (cache miss)
218 silly packumentCache full:https://registry.npmjs.org/@oozcitak%2futil set size:undefined disposed:false
219 http fetch GET 200 https://registry.npmjs.org/minimatch 3067ms (cache miss)
220 silly packumentCache full:https://registry.npmjs.org/minimatch set size:undefined disposed:false
221 http fetch GET 200 https://registry.npmjs.org/js-yaml 3347ms (cache miss)
222 silly packumentCache full:https://registry.npmjs.org/js-yaml set size:undefined disposed:false
223 silly placeDep ROOT object-assign@4.1.1 OK for: cors@2.8.6 want: ^4
224 silly placeDep ROOT vary@1.1.2 OK for: cors@2.8.6 want: ^1
225 silly placeDep ROOT accepts@1.3.8 OK for: express@4.22.2 want: ~1.3.8
226 silly placeDep ROOT array-flatten@1.1.1 OK for: express@4.22.2 want: 1.1.1
227 silly placeDep ROOT body-parser@1.20.5 OK for: express@4.22.2 want: ~1.20.5
228 silly placeDep ROOT content-disposition@0.5.4 OK for: express@4.22.2 want: ~0.5.4
229 silly placeDep ROOT content-type@1.0.5 OK for: express@4.22.2 want: ~1.0.4
230 silly placeDep ROOT cookie@0.7.2 OK for: express@4.22.2 want: ~0.7.1
231 silly placeDep ROOT cookie-signature@1.0.7 OK for: express@4.22.2 want: ~1.0.6
232 silly placeDep ROOT debug@2.6.9 OK for: express@4.22.2 want: 2.6.9
233 silly placeDep ROOT depd@2.0.0 OK for: express@4.22.2 want: 2.0.0
234 silly placeDep ROOT encodeurl@2.0.0 OK for: express@4.22.2 want: ~2.0.0
235 silly placeDep ROOT escape-html@1.0.3 OK for: express@4.22.2 want: ~1.0.3
236 silly placeDep ROOT etag@1.8.1 OK for: express@4.22.2 want: ~1.8.1
237 silly placeDep ROOT finalhandler@1.3.2 OK for: express@4.22.2 want: ~1.3.1
238 silly placeDep ROOT fresh@0.5.2 OK for: express@4.22.2 want: ~0.5.2
239 silly placeDep ROOT http-errors@2.0.1 OK for: express@4.22.2 want: ~2.0.0
240 silly placeDep ROOT merge-descriptors@1.0.3 OK for: express@4.22.2 want: 1.0.3
241 silly placeDep ROOT methods@1.1.2 OK for: express@4.22.2 want: ~1.1.2
242 silly placeDep ROOT on-finished@2.4.1 OK for: express@4.22.2 want: ~2.4.1
243 silly placeDep ROOT parseurl@1.3.3 OK for: express@4.22.2 want: ~1.3.3
244 silly placeDep ROOT path-to-regexp@0.1.13 OK for: express@4.22.2 want: ~0.1.12
245 silly placeDep ROOT proxy-addr@2.0.7 OK for: express@4.22.2 want: ~2.0.7
246 silly placeDep ROOT qs@6.15.2 OK for: express@4.22.2 want: ~6.15.1
247 silly placeDep ROOT range-parser@1.2.1 OK for: express@4.22.2 want: ~1.2.1
248 silly placeDep ROOT safe-buffer@5.2.1 OK for: express@4.22.2 want: 5.2.1
249 silly placeDep ROOT send@0.19.2 OK for: express@4.22.2 want: ~0.19.0
250 silly placeDep ROOT serve-static@1.16.3 OK for: express@4.22.2 want: ~1.16.2
251 silly placeDep ROOT setprototypeof@1.2.0 OK for: express@4.22.2 want: 1.2.0
252 silly placeDep ROOT statuses@2.0.2 OK for: express@4.22.2 want: ~2.0.1
253 silly placeDep ROOT type-is@1.6.18 OK for: express@4.22.2 want: ~1.6.18
254 silly placeDep ROOT utils-merge@1.0.1 OK for: express@4.22.2 want: 1.0.1
255 silly fetch manifest mime-types@~2.1.34
256 silly packumentCache full:https://registry.npmjs.org/mime-types cache-miss
257 silly fetch manifest negotiator@0.6.3
258 silly packumentCache full:https://registry.npmjs.org/negotiator cache-miss
259 silly fetch manifest bytes@~3.1.2
260 silly packumentCache full:https://registry.npmjs.org/bytes cache-miss
261 silly fetch manifest content-type@~1.0.5
262 silly packumentCache full:https://registry.npmjs.org/content-type cache-miss
263 silly fetch manifest destroy@~1.2.0
264 silly packumentCache full:https://registry.npmjs.org/destroy cache-miss
265 silly fetch manifest http-errors@~2.0.1
266 silly packumentCache full:https://registry.npmjs.org/http-errors cache-miss
267 silly fetch manifest iconv-lite@~0.4.24
268 silly packumentCache full:https://registry.npmjs.org/iconv-lite cache-miss
269 http cache https://registry.npmjs.org/http-errors 10ms (cache hit)
270 silly packumentCache full:https://registry.npmjs.org/http-errors set size:71987 disposed:false
271 silly fetch manifest raw-body@~2.5.3
272 silly packumentCache full:https://registry.npmjs.org/raw-body cache-miss
273 http cache https://registry.npmjs.org/content-type 12ms (cache hit)
274 silly packumentCache full:https://registry.npmjs.org/content-type set size:18994 disposed:false
275 silly fetch manifest unpipe@~1.0.0
276 silly packumentCache full:https://registry.npmjs.org/unpipe cache-miss
277 http fetch GET 200 https://registry.npmjs.org/negotiator 248ms (cache miss)
278 silly packumentCache full:https://registry.npmjs.org/negotiator set size:undefined disposed:false
279 silly fetch manifest ms@2.0.0
280 silly packumentCache full:https://registry.npmjs.org/ms cache-miss
281 http fetch GET 200 https://registry.npmjs.org/destroy 293ms (cache miss)
282 silly packumentCache full:https://registry.npmjs.org/destroy set size:undefined disposed:false
283 silly fetch manifest unpipe@~1.0.0
284 silly packumentCache full:https://registry.npmjs.org/unpipe cache-miss
285 http fetch GET 200 https://registry.npmjs.org/bytes 476ms (cache miss)
286 silly packumentCache full:https://registry.npmjs.org/bytes set size:undefined disposed:false
287 silly fetch manifest statuses@~2.0.2
288 silly packumentCache full:https://registry.npmjs.org/statuses cache-miss
289 http cache https://registry.npmjs.org/statuses 4ms (cache hit)
290 silly packumentCache full:https://registry.npmjs.org/statuses set size:37117 disposed:false
291 silly fetch manifest inherits@~2.0.4
292 silly packumentCache full:https://registry.npmjs.org/inherits cache-miss
293 http fetch GET 200 https://registry.npmjs.org/unpipe 488ms (cache miss)
294 silly packumentCache full:https://registry.npmjs.org/unpipe set size:undefined disposed:false
295 silly fetch manifest setprototypeof@~1.2.0
296 silly packumentCache full:https://registry.npmjs.org/setprototypeof cache-miss
297 http cache https://registry.npmjs.org/setprototypeof 2ms (cache hit)
298 silly packumentCache full:https://registry.npmjs.org/setprototypeof set size:14532 disposed:false
299 silly fetch manifest toidentifier@~1.0.1
300 silly packumentCache full:https://registry.npmjs.org/toidentifier cache-miss
301 http fetch GET 200 https://registry.npmjs.org/ms 618ms (cache miss)
302 silly packumentCache full:https://registry.npmjs.org/ms set size:undefined disposed:false
303 silly fetch manifest ee-first@1.1.1
304 silly packumentCache full:https://registry.npmjs.org/ee-first cache-miss
305 http fetch GET 200 https://registry.npmjs.org/inherits 475ms (cache miss)
306 silly packumentCache full:https://registry.npmjs.org/inherits set size:undefined disposed:false
307 silly fetch manifest forwarded@0.2.0
308 silly packumentCache full:https://registry.npmjs.org/forwarded cache-miss
309 http fetch GET 200 https://registry.npmjs.org/unpipe 954ms (cache miss)
310 silly packumentCache full:https://registry.npmjs.org/unpipe set size:undefined disposed:false
311 silly fetch manifest ipaddr.js@1.9.1
312 silly packumentCache full:https://registry.npmjs.org/ipaddr.js cache-miss
313 http fetch GET 200 https://registry.npmjs.org/iconv-lite 1081ms (cache miss)
314 silly packumentCache full:https://registry.npmjs.org/iconv-lite set size:undefined disposed:false
315 silly fetch manifest side-channel@^1.1.0
316 silly packumentCache full:https://registry.npmjs.org/side-channel cache-miss
317 http fetch GET 200 https://registry.npmjs.org/mime-types 1126ms (cache miss)
318 silly packumentCache full:https://registry.npmjs.org/mime-types set size:undefined disposed:false
319 silly fetch manifest ms@2.1.3
320 silly packumentCache full:https://registry.npmjs.org/ms cache-miss
321 http cache https://registry.npmjs.org/ms 4ms (cache hit)
322 silly packumentCache full:https://registry.npmjs.org/ms set size:92208 disposed:false
323 silly fetch manifest mime@1.6.0
324 silly packumentCache full:https://registry.npmjs.org/mime cache-miss
325 http fetch GET 200 https://registry.npmjs.org/forwarded 238ms (cache miss)
326 silly packumentCache full:https://registry.npmjs.org/forwarded set size:undefined disposed:false
327 silly fetch manifest destroy@1.2.0
328 silly packumentCache full:https://registry.npmjs.org/destroy cache-miss
329 http cache https://registry.npmjs.org/destroy 2ms (cache hit)
330 silly packumentCache full:https://registry.npmjs.org/destroy set size:15738 disposed:false
331 silly fetch manifest mime-types@~2.1.24
332 silly packumentCache full:https://registry.npmjs.org/mime-types cache-miss
333 http cache https://registry.npmjs.org/mime-types 1ms (cache hit)
334 silly packumentCache full:https://registry.npmjs.org/mime-types set size:139110 disposed:false
335 silly fetch manifest media-typer@0.3.0
336 silly packumentCache full:https://registry.npmjs.org/media-typer cache-miss
337 http fetch GET 200 https://registry.npmjs.org/toidentifier 496ms (cache miss)
338 silly packumentCache full:https://registry.npmjs.org/toidentifier set size:undefined disposed:false
339 http fetch GET 200 https://registry.npmjs.org/media-typer 467ms (cache miss)
340 silly packumentCache full:https://registry.npmjs.org/media-typer set size:undefined disposed:false
341 http fetch GET 200 https://registry.npmjs.org/ipaddr.js 706ms (cache miss)
342 silly packumentCache full:https://registry.npmjs.org/ipaddr.js set size:undefined disposed:false
343 http fetch GET 200 https://registry.npmjs.org/ee-first 835ms (cache miss)
344 silly packumentCache full:https://registry.npmjs.org/ee-first set size:undefined disposed:false
345 http fetch GET 200 https://registry.npmjs.org/raw-body 1905ms (cache miss)
346 silly packumentCache full:https://registry.npmjs.org/raw-body set size:undefined disposed:false
347 http fetch GET 200 https://registry.npmjs.org/mime 1100ms (cache miss)
348 silly packumentCache full:https://registry.npmjs.org/mime set size:undefined disposed:false
349 http fetch GET 200 https://registry.npmjs.org/side-channel 1256ms (cache miss)
350 silly packumentCache full:https://registry.npmjs.org/side-channel set size:undefined disposed:false
351 silly placeDep ROOT mime-types@2.1.35 OK for: accepts@1.3.8 want: ~2.1.34
352 silly placeDep ROOT negotiator@0.6.3 OK for: accepts@1.3.8 want: 0.6.3
353 silly fetch manifest mime-db@1.52.0
354 silly packumentCache full:https://registry.npmjs.org/mime-db cache-miss
355 http fetch GET 200 https://registry.npmjs.org/mime-db 1331ms (cache miss)
356 silly packumentCache full:https://registry.npmjs.org/mime-db set size:undefined disposed:false
357 silly placeDep ROOT bytes@3.1.2 OK for: body-parser@1.20.5 want: ~3.1.2
358 silly placeDep ROOT destroy@1.2.0 OK for: body-parser@1.20.5 want: ~1.2.0
359 silly placeDep ROOT iconv-lite@0.4.24 OK for: body-parser@1.20.5 want: ~0.4.24
360 silly placeDep ROOT raw-body@2.5.3 OK for: body-parser@1.20.5 want: ~2.5.3
361 silly placeDep ROOT unpipe@1.0.0 OK for: body-parser@1.20.5 want: ~1.0.0
362 silly fetch manifest safer-buffer@>= 2.1.2 < 3
363 silly packumentCache full:https://registry.npmjs.org/safer-buffer cache-miss
364 http fetch GET 200 https://registry.npmjs.org/safer-buffer 394ms (cache miss)
365 silly packumentCache full:https://registry.npmjs.org/safer-buffer set size:undefined disposed:false
366 silly placeDep ROOT ms@2.0.0 OK for: debug@2.6.9 want: 2.0.0
367 silly placeDep ROOT inherits@2.0.4 OK for: http-errors@2.0.1 want: ~2.0.4
368 silly placeDep ROOT toidentifier@1.0.1 OK for: http-errors@2.0.1 want: ~1.0.1
369 silly placeDep ROOT safer-buffer@2.1.2 OK for: iconv-lite@0.4.24 want: >= 2.1.2 < 3
370 silly placeDep ROOT mime-db@1.52.0 OK for: mime-types@2.1.35 want: 1.52.0
371 silly placeDep ROOT chokidar@3.6.0 OK for: nodemon@3.1.14 want: ^3.5.2
372 silly placeDep node_modules/nodemon debug@4.4.3 OK for: nodemon@3.1.14 want: ^4
373 silly placeDep ROOT ignore-by-default@1.0.1 OK for: nodemon@3.1.14 want: ^1.0.1
374 silly placeDep ROOT minimatch@10.2.5 OK for: nodemon@3.1.14 want: ^10.2.1
375 silly placeDep ROOT pstree.remy@1.1.8 OK for: nodemon@3.1.14 want: ^1.1.8
376 silly placeDep ROOT semver@7.8.1 OK for: nodemon@3.1.14 want: ^7.5.3
377 silly placeDep ROOT simple-update-notifier@2.0.0 OK for: nodemon@3.1.14 want: ^2.0.0
378 silly placeDep ROOT supports-color@5.5.0 OK for: nodemon@3.1.14 want: ^5.5.0
379 silly placeDep ROOT touch@3.1.1 OK for: nodemon@3.1.14 want: ^3.1.0
380 silly placeDep ROOT undefsafe@2.0.5 OK for: nodemon@3.1.14 want: ^2.0.5
381 silly fetch manifest braces@~3.0.2
382 silly packumentCache full:https://registry.npmjs.org/braces cache-miss
383 silly fetch manifest is-glob@~4.0.1
384 silly packumentCache full:https://registry.npmjs.org/is-glob cache-miss
385 silly fetch manifest anymatch@~3.1.2
386 silly packumentCache full:https://registry.npmjs.org/anymatch cache-miss
387 silly fetch manifest readdirp@~3.6.0
388 silly packumentCache full:https://registry.npmjs.org/readdirp cache-miss
389 silly fetch manifest glob-parent@~5.1.2
390 silly packumentCache full:https://registry.npmjs.org/glob-parent cache-miss
391 silly fetch manifest is-binary-path@~2.1.0
392 silly packumentCache full:https://registry.npmjs.org/is-binary-path cache-miss
393 silly fetch manifest normalize-path@~3.0.0
394 silly packumentCache full:https://registry.npmjs.org/normalize-path cache-miss
395 http fetch GET 200 https://registry.npmjs.org/is-glob 364ms (cache miss)
396 silly packumentCache full:https://registry.npmjs.org/is-glob set size:undefined disposed:false
397 silly fetch manifest fsevents@~2.3.2
398 silly packumentCache full:https://registry.npmjs.org/fsevents cache-miss
399 http fetch GET 200 https://registry.npmjs.org/readdirp 473ms (cache miss)
400 silly packumentCache full:https://registry.npmjs.org/readdirp set size:undefined disposed:false
401 silly fetch manifest ms@^2.1.3
402 silly packumentCache full:https://registry.npmjs.org/ms cache-hit
403 silly fetch manifest brace-expansion@^5.0.5
404 silly packumentCache full:https://registry.npmjs.org/brace-expansion cache-miss
405 http fetch GET 200 https://registry.npmjs.org/normalize-path 538ms (cache miss)
406 silly packumentCache full:https://registry.npmjs.org/normalize-path set size:undefined disposed:false
407 silly fetch manifest has-flag@^3.0.0
408 silly packumentCache full:https://registry.npmjs.org/has-flag cache-miss
409 http fetch GET 200 https://registry.npmjs.org/braces 800ms (cache miss)
410 silly packumentCache full:https://registry.npmjs.org/braces set size:undefined disposed:false
411 http fetch GET 200 https://registry.npmjs.org/is-binary-path 843ms (cache miss)
412 silly packumentCache full:https://registry.npmjs.org/is-binary-path set size:undefined disposed:false
413 http fetch GET 200 https://registry.npmjs.org/glob-parent 912ms (cache miss)
414 silly packumentCache full:https://registry.npmjs.org/glob-parent set size:undefined disposed:false
415 http fetch GET 200 https://registry.npmjs.org/anymatch 915ms (cache miss)
416 silly packumentCache full:https://registry.npmjs.org/anymatch set size:undefined disposed:false
417 http fetch GET 200 https://registry.npmjs.org/brace-expansion 458ms (cache miss)
418 silly packumentCache full:https://registry.npmjs.org/brace-expansion set size:undefined disposed:false
419 http fetch GET 200 https://registry.npmjs.org/has-flag 585ms (cache miss)
420 silly packumentCache full:https://registry.npmjs.org/has-flag set size:undefined disposed:false
421 http fetch GET 200 https://registry.npmjs.org/fsevents 1247ms (cache miss)
422 silly packumentCache full:https://registry.npmjs.org/fsevents set size:undefined disposed:false
423 silly placeDep ROOT anymatch@3.1.3 OK for: chokidar@3.6.0 want: ~3.1.2
424 silly placeDep ROOT braces@3.0.3 OK for: chokidar@3.6.0 want: ~3.0.2
425 silly placeDep ROOT fsevents@2.3.3 OK for: chokidar@3.6.0 want: ~2.3.2
426 silly placeDep ROOT glob-parent@5.1.2 OK for: chokidar@3.6.0 want: ~5.1.2
427 silly placeDep ROOT is-binary-path@2.1.0 OK for: chokidar@3.6.0 want: ~2.1.0
428 silly placeDep ROOT is-glob@4.0.3 OK for: chokidar@3.6.0 want: ~4.0.1
429 silly placeDep ROOT normalize-path@3.0.0 OK for: chokidar@3.6.0 want: ~3.0.0
430 silly placeDep ROOT readdirp@3.6.0 OK for: chokidar@3.6.0 want: ~3.6.0
431 silly fetch manifest picomatch@^2.0.4
432 silly packumentCache full:https://registry.npmjs.org/picomatch cache-miss
433 silly fetch manifest normalize-path@^3.0.0
434 silly packumentCache full:https://registry.npmjs.org/normalize-path cache-miss
435 silly fetch manifest fill-range@^7.1.1
436 silly packumentCache full:https://registry.npmjs.org/fill-range cache-miss
437 silly fetch manifest is-glob@^4.0.1
438 silly packumentCache full:https://registry.npmjs.org/is-glob cache-miss
439 silly fetch manifest binary-extensions@^2.0.0
440 silly packumentCache full:https://registry.npmjs.org/binary-extensions cache-miss
441 silly fetch manifest is-extglob@^2.1.1
442 silly packumentCache full:https://registry.npmjs.org/is-extglob cache-miss
443 silly fetch manifest picomatch@^2.2.1
444 silly packumentCache full:https://registry.npmjs.org/picomatch cache-miss
445 http cache https://registry.npmjs.org/normalize-path 3ms (cache hit)
446 silly packumentCache full:https://registry.npmjs.org/normalize-path set size:28713 disposed:false
447 http cache https://registry.npmjs.org/is-glob 4ms (cache hit)
448 silly packumentCache full:https://registry.npmjs.org/is-glob set size:40530 disposed:false
449 http fetch GET 200 https://registry.npmjs.org/is-extglob 525ms (cache miss)
450 silly packumentCache full:https://registry.npmjs.org/is-extglob set size:undefined disposed:false
451 http fetch GET 200 https://registry.npmjs.org/binary-extensions 531ms (cache miss)
452 silly packumentCache full:https://registry.npmjs.org/binary-extensions set size:undefined disposed:false
453 http fetch GET 200 https://registry.npmjs.org/fill-range 707ms (cache miss)
454 silly packumentCache full:https://registry.npmjs.org/fill-range set size:undefined disposed:false
455 http fetch GET 200 https://registry.npmjs.org/picomatch 1100ms (cache miss)
456 silly packumentCache full:https://registry.npmjs.org/picomatch set size:undefined disposed:false
457 http fetch GET 200 https://registry.npmjs.org/picomatch 1260ms (cache miss)
458 silly packumentCache full:https://registry.npmjs.org/picomatch set size:undefined disposed:false
459 silly placeDep ROOT picomatch@2.3.2 OK for: anymatch@3.1.3 want: ^2.0.4
460 silly placeDep ROOT fill-range@7.1.1 OK for: braces@3.0.3 want: ^7.1.1
461 silly fetch manifest to-regex-range@^5.0.1
462 silly packumentCache full:https://registry.npmjs.org/to-regex-range cache-miss
463 http fetch GET 200 https://registry.npmjs.org/to-regex-range 896ms (cache miss)
464 silly packumentCache full:https://registry.npmjs.org/to-regex-range set size:undefined disposed:false
465 silly placeDep ROOT to-regex-range@5.0.1 OK for: fill-range@7.1.1 want: ^5.0.1
466 silly fetch manifest is-number@^7.0.0
467 silly packumentCache full:https://registry.npmjs.org/is-number cache-miss
468 http fetch GET 200 https://registry.npmjs.org/is-number 515ms (cache miss)
469 silly packumentCache full:https://registry.npmjs.org/is-number set size:undefined disposed:false
470 silly placeDep ROOT binary-extensions@2.3.0 OK for: is-binary-path@2.1.0 want: ^2.0.0
471 silly placeDep ROOT is-extglob@2.1.1 OK for: is-glob@4.0.3 want: ^2.1.1
472 silly placeDep ROOT brace-expansion@5.0.6 OK for: minimatch@10.2.5 want: ^5.0.5
473 silly fetch manifest balanced-match@^4.0.2
474 silly packumentCache full:https://registry.npmjs.org/balanced-match cache-miss
475 http fetch GET 200 https://registry.npmjs.org/balanced-match 787ms (cache miss)
476 silly packumentCache full:https://registry.npmjs.org/balanced-match set size:undefined disposed:false
477 silly placeDep ROOT balanced-match@4.0.4 OK for: brace-expansion@5.0.6 want: ^4.0.2
478 silly placeDep ROOT ee-first@1.1.1 OK for: on-finished@2.4.1 want: 1.1.1
479 silly placeDep ROOT forwarded@0.2.0 OK for: proxy-addr@2.0.7 want: 0.2.0
480 silly placeDep ROOT ipaddr.js@1.9.1 OK for: proxy-addr@2.0.7 want: 1.9.1
481 silly placeDep ROOT side-channel@1.1.0 OK for: qs@6.15.2 want: ^1.1.0
482 silly fetch manifest es-errors@^1.3.0
483 silly packumentCache full:https://registry.npmjs.org/es-errors cache-miss
484 silly fetch manifest object-inspect@^1.13.3
485 silly packumentCache full:https://registry.npmjs.org/object-inspect cache-miss
486 silly fetch manifest side-channel-list@^1.0.0
487 silly packumentCache full:https://registry.npmjs.org/side-channel-list cache-miss
488 silly fetch manifest side-channel-map@^1.0.1
489 silly packumentCache full:https://registry.npmjs.org/side-channel-map cache-miss
490 silly fetch manifest side-channel-weakmap@^1.0.2
491 silly packumentCache full:https://registry.npmjs.org/side-channel-weakmap cache-miss
492 http fetch GET 200 https://registry.npmjs.org/side-channel-list 229ms (cache miss)
493 silly packumentCache full:https://registry.npmjs.org/side-channel-list set size:undefined disposed:false
494 http fetch GET 200 https://registry.npmjs.org/side-channel-map 487ms (cache miss)
495 silly packumentCache full:https://registry.npmjs.org/side-channel-map set size:undefined disposed:false
496 http fetch GET 200 https://registry.npmjs.org/side-channel-weakmap 505ms (cache miss)
497 silly packumentCache full:https://registry.npmjs.org/side-channel-weakmap set size:undefined disposed:false
498 http fetch GET 200 https://registry.npmjs.org/object-inspect 707ms (cache miss)
499 silly packumentCache full:https://registry.npmjs.org/object-inspect set size:undefined disposed:false
500 http fetch GET 200 https://registry.npmjs.org/es-errors 1256ms (cache miss)
501 silly packumentCache full:https://registry.npmjs.org/es-errors set size:undefined disposed:false
502 silly placeDep ROOT mime@1.6.0 OK for: send@0.19.2 want: 1.6.0
503 silly placeDep node_modules/send ms@2.1.3 OK for: send@0.19.2 want: 2.1.3
504 silly placeDep ROOT es-errors@1.3.0 OK for: side-channel@1.1.0 want: ^1.3.0
505 silly placeDep ROOT object-inspect@1.13.4 OK for: side-channel@1.1.0 want: ^1.13.3
506 silly placeDep ROOT side-channel-list@1.0.1 OK for: side-channel@1.1.0 want: ^1.0.0
507 silly placeDep ROOT side-channel-map@1.0.1 OK for: side-channel@1.1.0 want: ^1.0.1
508 silly placeDep ROOT side-channel-weakmap@1.0.2 OK for: side-channel@1.1.0 want: ^1.0.2
509 silly fetch manifest call-bound@^1.0.2
510 silly packumentCache full:https://registry.npmjs.org/call-bound cache-miss
511 silly fetch manifest get-intrinsic@^1.2.5
512 silly packumentCache full:https://registry.npmjs.org/get-intrinsic cache-miss
513 silly fetch manifest call-bound@^1.0.2
514 silly packumentCache full:https://registry.npmjs.org/call-bound cache-miss
515 silly fetch manifest get-intrinsic@^1.2.5
516 silly packumentCache full:https://registry.npmjs.org/get-intrinsic cache-miss
517 http fetch GET 200 https://registry.npmjs.org/call-bound 234ms (cache miss)
518 silly packumentCache full:https://registry.npmjs.org/call-bound set size:undefined disposed:false
519 http fetch GET 200 https://registry.npmjs.org/call-bound 273ms (cache miss)
520 silly packumentCache full:https://registry.npmjs.org/call-bound set size:undefined disposed:false
521 http fetch GET 200 https://registry.npmjs.org/get-intrinsic 567ms (cache miss)
522 silly packumentCache full:https://registry.npmjs.org/get-intrinsic set size:undefined disposed:false
523 http fetch GET 200 https://registry.npmjs.org/get-intrinsic 867ms (cache miss)
524 silly packumentCache full:https://registry.npmjs.org/get-intrinsic set size:undefined disposed:false
525 silly placeDep ROOT call-bound@1.0.4 OK for: side-channel-map@1.0.1 want: ^1.0.2
526 silly placeDep ROOT get-intrinsic@1.3.0 OK for: side-channel-map@1.0.1 want: ^1.2.5
527 silly fetch manifest call-bind-apply-helpers@^1.0.2
528 silly packumentCache full:https://registry.npmjs.org/call-bind-apply-helpers cache-miss
529 silly fetch manifest get-intrinsic@^1.3.0
530 silly packumentCache full:https://registry.npmjs.org/get-intrinsic cache-miss
531 silly fetch manifest gopd@^1.2.0
532 silly packumentCache full:https://registry.npmjs.org/gopd cache-miss
533 silly fetch manifest hasown@^2.0.2
534 silly packumentCache full:https://registry.npmjs.org/hasown cache-miss
535 silly fetch manifest get-proto@^1.0.1
536 silly packumentCache full:https://registry.npmjs.org/get-proto cache-miss
537 silly fetch manifest has-symbols@^1.1.0
538 silly packumentCache full:https://registry.npmjs.org/has-symbols cache-miss
539 silly fetch manifest function-bind@^1.1.2
540 silly packumentCache full:https://registry.npmjs.org/function-bind cache-miss
541 http cache https://registry.npmjs.org/get-intrinsic 6ms (cache hit)
542 silly packumentCache full:https://registry.npmjs.org/get-intrinsic set size:60985 disposed:false
543 silly fetch manifest es-object-atoms@^1.1.1
544 silly packumentCache full:https://registry.npmjs.org/es-object-atoms cache-miss
545 http fetch GET 200 https://registry.npmjs.org/get-proto 224ms (cache miss)
546 silly packumentCache full:https://registry.npmjs.org/get-proto set size:undefined disposed:false
547 silly fetch manifest math-intrinsics@^1.1.0
548 silly packumentCache full:https://registry.npmjs.org/math-intrinsics cache-miss
549 http fetch GET 200 https://registry.npmjs.org/hasown 226ms (cache miss)
550 silly packumentCache full:https://registry.npmjs.org/hasown set size:undefined disposed:false
551 silly fetch manifest es-define-property@^1.0.1
552 silly packumentCache full:https://registry.npmjs.org/es-define-property cache-miss
553 http fetch GET 200 https://registry.npmjs.org/has-symbols 304ms (cache miss)
554 silly packumentCache full:https://registry.npmjs.org/has-symbols set size:undefined disposed:false
555 silly fetch manifest call-bind-apply-helpers@^1.0.2
556 silly packumentCache full:https://registry.npmjs.org/call-bind-apply-helpers cache-miss
557 http fetch GET 200 https://registry.npmjs.org/call-bind-apply-helpers 353ms (cache miss)
558 silly packumentCache full:https://registry.npmjs.org/call-bind-apply-helpers set size:undefined disposed:false
559 http fetch GET 200 https://registry.npmjs.org/gopd 459ms (cache miss)
560 silly packumentCache full:https://registry.npmjs.org/gopd set size:undefined disposed:false
561 http fetch GET 200 https://registry.npmjs.org/es-define-property 237ms (cache miss)
562 silly packumentCache full:https://registry.npmjs.org/es-define-property set size:undefined disposed:false
563 http fetch GET 200 https://registry.npmjs.org/function-bind 528ms (cache miss)
564 silly packumentCache full:https://registry.npmjs.org/function-bind set size:undefined disposed:false
565 http fetch GET 200 https://registry.npmjs.org/es-object-atoms 557ms (cache miss)
566 silly packumentCache full:https://registry.npmjs.org/es-object-atoms set size:undefined disposed:false
567 http fetch GET 200 https://registry.npmjs.org/math-intrinsics 492ms (cache miss)
568 silly packumentCache full:https://registry.npmjs.org/math-intrinsics set size:undefined disposed:false
569 http fetch GET 200 https://registry.npmjs.org/call-bind-apply-helpers 1251ms (cache miss)
570 silly packumentCache full:https://registry.npmjs.org/call-bind-apply-helpers set size:undefined disposed:false
571 silly placeDep ROOT call-bind-apply-helpers@1.0.2 OK for: call-bound@1.0.4 want: ^1.0.2
572 silly placeDep ROOT function-bind@1.1.2 OK for: call-bind-apply-helpers@1.0.2 want: ^1.1.2
573 silly placeDep ROOT es-define-property@1.0.1 OK for: get-intrinsic@1.3.0 want: ^1.0.1
574 silly placeDep ROOT es-object-atoms@1.1.2 OK for: get-intrinsic@1.3.0 want: ^1.1.1
575 silly placeDep ROOT get-proto@1.0.1 OK for: get-intrinsic@1.3.0 want: ^1.0.1
576 silly placeDep ROOT gopd@1.2.0 OK for: get-intrinsic@1.3.0 want: ^1.2.0
577 silly placeDep ROOT has-symbols@1.1.0 OK for: get-intrinsic@1.3.0 want: ^1.1.0
578 silly placeDep ROOT hasown@2.0.3 OK for: get-intrinsic@1.3.0 want: ^2.0.2
579 silly placeDep ROOT math-intrinsics@1.1.0 OK for: get-intrinsic@1.3.0 want: ^1.1.0
580 silly fetch manifest dunder-proto@^1.0.1
581 silly packumentCache full:https://registry.npmjs.org/dunder-proto cache-miss
582 http fetch GET 200 https://registry.npmjs.org/dunder-proto 553ms (cache miss)
583 silly packumentCache full:https://registry.npmjs.org/dunder-proto set size:undefined disposed:false
584 silly placeDep ROOT dunder-proto@1.0.1 OK for: get-proto@1.0.1 want: ^1.0.1
585 silly placeDep ROOT has-flag@3.0.0 OK for: supports-color@5.5.0 want: ^3.0.0
586 silly placeDep ROOT is-number@7.0.0 OK for: to-regex-range@5.0.1 want: ^7.0.0
587 silly placeDep ROOT media-typer@0.3.0 OK for: type-is@1.6.18 want: 0.3.0
588 silly placeDep ROOT @oozcitak/dom@1.15.10 OK for: xmlbuilder2@3.1.1 want: 1.15.10
589 silly placeDep ROOT @oozcitak/infra@1.0.8 OK for: xmlbuilder2@3.1.1 want: 1.0.8
590 silly placeDep ROOT @oozcitak/util@8.3.8 OK for: xmlbuilder2@3.1.1 want: 8.3.8
591 silly placeDep ROOT js-yaml@3.14.1 OK for: xmlbuilder2@3.1.1 want: 3.14.1
592 silly fetch manifest @oozcitak/url@1.0.4
593 silly packumentCache full:https://registry.npmjs.org/@oozcitak%2furl cache-miss
594 silly fetch manifest esprima@^4.0.0
595 silly packumentCache full:https://registry.npmjs.org/esprima cache-miss
596 silly fetch manifest argparse@^1.0.7
597 silly packumentCache full:https://registry.npmjs.org/argparse cache-miss
598 http fetch GET 200 https://registry.npmjs.org/esprima 631ms (cache miss)
599 silly packumentCache full:https://registry.npmjs.org/esprima set size:undefined disposed:false
600 http fetch GET 200 https://registry.npmjs.org/@oozcitak%2furl 1188ms (cache miss)
601 silly packumentCache full:https://registry.npmjs.org/@oozcitak%2furl set size:undefined disposed:false
602 http fetch GET 200 https://registry.npmjs.org/argparse 1866ms (cache miss)
603 silly packumentCache full:https://registry.npmjs.org/argparse set size:undefined disposed:false
604 silly placeDep ROOT @oozcitak/url@1.0.4 OK for: @oozcitak/dom@1.15.10 want: 1.0.4
605 silly placeDep ROOT argparse@1.0.10 OK for: js-yaml@3.14.1 want: ^1.0.7
606 silly placeDep ROOT esprima@4.0.1 OK for: js-yaml@3.14.1 want: ^4.0.0
607 silly fetch manifest sprintf-js@~1.0.2
608 silly packumentCache full:https://registry.npmjs.org/sprintf-js cache-miss
609 http fetch GET 200 https://registry.npmjs.org/sprintf-js 520ms (cache miss)
610 silly packumentCache full:https://registry.npmjs.org/sprintf-js set size:undefined disposed:false
611 silly placeDep ROOT sprintf-js@1.0.3 OK for: argparse@1.0.10 want: ~1.0.2
612 silly placeDep node_modules/nodemon ms@2.1.3 OK for: debug@4.4.3 want: ^2.1.3
613 silly reify moves {}
614 silly audit bulk request {
614 silly audit   cors: [ '2.8.6' ],
614 silly audit   express: [ '4.22.2' ],
614 silly audit   nodemon: [ '3.1.14' ],
614 silly audit   xmlbuilder2: [ '3.1.1' ],
614 silly audit   'object-assign': [ '4.1.1' ],
614 silly audit   vary: [ '1.1.2' ],
614 silly audit   accepts: [ '1.3.8' ],
614 silly audit   'array-flatten': [ '1.1.1' ],
614 silly audit   'body-parser': [ '1.20.5' ],
614 silly audit   'content-disposition': [ '0.5.4' ],
614 silly audit   'content-type': [ '1.0.5' ],
614 silly audit   cookie: [ '0.7.2' ],
614 silly audit   'cookie-signature': [ '1.0.7' ],
614 silly audit   debug: [ '2.6.9', '4.4.3' ],
614 silly audit   depd: [ '2.0.0' ],
614 silly audit   encodeurl: [ '2.0.0' ],
614 silly audit   'escape-html': [ '1.0.3' ],
614 silly audit   etag: [ '1.8.1' ],
614 silly audit   finalhandler: [ '1.3.2' ],
614 silly audit   fresh: [ '0.5.2' ],
614 silly audit   'http-errors': [ '2.0.1' ],
614 silly audit   'merge-descriptors': [ '1.0.3' ],
614 silly audit   methods: [ '1.1.2' ],
614 silly audit   'on-finished': [ '2.4.1' ],
614 silly audit   parseurl: [ '1.3.3' ],
614 silly audit   'path-to-regexp': [ '0.1.13' ],
614 silly audit   'proxy-addr': [ '2.0.7' ],
614 silly audit   qs: [ '6.15.2' ],
614 silly audit   'range-parser': [ '1.2.1' ],
614 silly audit   'safe-buffer': [ '5.2.1' ],
614 silly audit   send: [ '0.19.2' ],
614 silly audit   'serve-static': [ '1.16.3' ],
614 silly audit   setprototypeof: [ '1.2.0' ],
614 silly audit   statuses: [ '2.0.2' ],
614 silly audit   'type-is': [ '1.6.18' ],
614 silly audit   'utils-merge': [ '1.0.1' ],
614 silly audit   'mime-types': [ '2.1.35' ],
614 silly audit   negotiator: [ '0.6.3' ],
614 silly audit   bytes: [ '3.1.2' ],
614 silly audit   destroy: [ '1.2.0' ],
614 silly audit   'iconv-lite': [ '0.4.24' ],
614 silly audit   'raw-body': [ '2.5.3' ],
614 silly audit   unpipe: [ '1.0.0' ],
614 silly audit   ms: [ '2.0.0', '2.1.3' ],
614 silly audit   inherits: [ '2.0.4' ],
614 silly audit   toidentifier: [ '1.0.1' ],
614 silly audit   'safer-buffer': [ '2.1.2' ],
614 silly audit   'mime-db': [ '1.52.0' ],
614 silly audit   chokidar: [ '3.6.0' ],
614 silly audit   'ignore-by-default': [ '1.0.1' ],
614 silly audit   minimatch: [ '10.2.5' ],
614 silly audit   'pstree.remy': [ '1.1.8' ],
614 silly audit   semver: [ '7.8.1' ],
614 silly audit   'simple-update-notifier': [ '2.0.0' ],
614 silly audit   'supports-color': [ '5.5.0' ],
614 silly audit   touch: [ '3.1.1' ],
614 silly audit   undefsafe: [ '2.0.5' ],
614 silly audit   anymatch: [ '3.1.3' ],
614 silly audit   braces: [ '3.0.3' ],
614 silly audit   fsevents: [ '2.3.3' ],
614 silly audit   'glob-parent': [ '5.1.2' ],
614 silly audit   'is-binary-path': [ '2.1.0' ],
614 silly audit   'is-glob': [ '4.0.3' ],
614 silly audit   'normalize-path': [ '3.0.0' ],
614 silly audit   readdirp: [ '3.6.0' ],
614 silly audit   picomatch: [ '2.3.2' ],
614 silly audit   'fill-range': [ '7.1.1' ],
614 silly audit   'to-regex-range': [ '5.0.1' ],
614 silly audit   'binary-extensions': [ '2.3.0' ],
614 silly audit   'is-extglob': [ '2.1.1' ],
614 silly audit   'brace-expansion': [ '5.0.6' ],
614 silly audit   'balanced-match': [ '4.0.4' ],
614 silly audit   'ee-first': [ '1.1.1' ],
614 silly audit   forwarded: [ '0.2.0' ],
614 silly audit   'ipaddr.js': [ '1.9.1' ],
614 silly audit   'side-channel': [ '1.1.0' ],
614 silly audit   mime: [ '1.6.0' ],
614 silly audit   'es-errors': [ '1.3.0' ],
614 silly audit   'object-inspect': [ '1.13.4' ],
614 silly audit   'side-channel-list': [ '1.0.1' ],
614 silly audit   'side-channel-map': [ '1.0.1' ],
614 silly audit   'side-channel-weakmap': [ '1.0.2' ],
614 silly audit   'call-bound': [ '1.0.4' ],
614 silly audit   'get-intrinsic': [ '1.3.0' ],
614 silly audit   'call-bind-apply-helpers': [ '1.0.2' ],
614 silly audit   'function-bind': [ '1.1.2' ],
614 silly audit   'es-define-property': [ '1.0.1' ],
614 silly audit   'es-object-atoms': [ '1.1.2' ],
614 silly audit   'get-proto': [ '1.0.1' ],
614 silly audit   gopd: [ '1.2.0' ],
614 silly audit   'has-symbols': [ '1.1.0' ],
614 silly audit   hasown: [ '2.0.3' ],
614 silly audit   'math-intrinsics': [ '1.1.0' ],
614 silly audit   'dunder-proto': [ '1.0.1' ],
614 silly audit   'has-flag': [ '3.0.0' ],
614 silly audit   'is-number': [ '7.0.0' ],
614 silly audit   'media-typer': [ '0.3.0' ],
614 silly audit   '@oozcitak/dom': [ '1.15.10' ],
614 silly audit   '@oozcitak/infra': [ '1.0.8' ],
614 silly audit   '@oozcitak/util': [ '8.3.8' ],
614 silly audit   'js-yaml': [ '3.14.1' ],
614 silly audit   '@oozcitak/url': [ '1.0.4' ],
614 silly audit   argparse: [ '1.0.10' ],
614 silly audit   esprima: [ '4.0.1' ],
614 silly audit   'sprintf-js': [ '1.0.3' ]
614 silly audit }
615 http cache sprintf-js@https://registry.npmjs.org/sprintf-js/-/sprintf-js-1.0.3.tgz 0ms (cache hit)
616 http cache esprima@https://registry.npmjs.org/esprima/-/esprima-4.0.1.tgz 0ms (cache hit)
617 http cache argparse@https://registry.npmjs.org/argparse/-/argparse-1.0.10.tgz 0ms (cache hit)
618 http cache @oozcitak/url@https://registry.npmjs.org/@oozcitak/url/-/url-1.0.4.tgz 0ms (cache hit)
619 http cache js-yaml@https://registry.npmjs.org/js-yaml/-/js-yaml-3.14.1.tgz 0ms (cache hit)
620 http cache @oozcitak/util@https://registry.npmjs.org/@oozcitak/util/-/util-8.3.8.tgz 0ms (cache hit)
621 http cache @oozcitak/infra@https://registry.npmjs.org/@oozcitak/infra/-/infra-1.0.8.tgz 0ms (cache hit)
622 http cache @oozcitak/dom@https://registry.npmjs.org/@oozcitak/dom/-/dom-1.15.10.tgz 0ms (cache hit)
623 http cache media-typer@https://registry.npmjs.org/media-typer/-/media-typer-0.3.0.tgz 0ms (cache hit)
624 http cache is-number@https://registry.npmjs.org/is-number/-/is-number-7.0.0.tgz 0ms (cache hit)
625 http cache has-flag@https://registry.npmjs.org/has-flag/-/has-flag-3.0.0.tgz 0ms (cache hit)
626 http cache dunder-proto@https://registry.npmjs.org/dunder-proto/-/dunder-proto-1.0.1.tgz 0ms (cache hit)
627 http cache math-intrinsics@https://registry.npmjs.org/math-intrinsics/-/math-intrinsics-1.1.0.tgz 0ms (cache hit)
628 http cache has-symbols@https://registry.npmjs.org/has-symbols/-/has-symbols-1.1.0.tgz 0ms (cache hit)
629 http cache gopd@https://registry.npmjs.org/gopd/-/gopd-1.2.0.tgz 0ms (cache hit)
630 http cache es-object-atoms@https://registry.npmjs.org/es-object-atoms/-/es-object-atoms-1.1.2.tgz 0ms (cache hit)
631 http cache es-define-property@https://registry.npmjs.org/es-define-property/-/es-define-property-1.0.1.tgz 0ms (cache hit)
632 http cache function-bind@https://registry.npmjs.org/function-bind/-/function-bind-1.1.2.tgz 0ms (cache hit)
633 http cache call-bind-apply-helpers@https://registry.npmjs.org/call-bind-apply-helpers/-/call-bind-apply-helpers-1.0.2.tgz 0ms (cache hit)
634 http cache get-intrinsic@https://registry.npmjs.org/get-intrinsic/-/get-intrinsic-1.3.0.tgz 0ms (cache hit)
635 http cache call-bound@https://registry.npmjs.org/call-bound/-/call-bound-1.0.4.tgz 0ms (cache hit)
636 http cache side-channel-weakmap@https://registry.npmjs.org/side-channel-weakmap/-/side-channel-weakmap-1.0.2.tgz 0ms (cache hit)
637 http cache side-channel-map@https://registry.npmjs.org/side-channel-map/-/side-channel-map-1.0.1.tgz 0ms (cache hit)
638 http cache side-channel-list@https://registry.npmjs.org/side-channel-list/-/side-channel-list-1.0.1.tgz 0ms (cache hit)
639 http cache get-proto@https://registry.npmjs.org/get-proto/-/get-proto-1.0.1.tgz 0ms (cache hit)
640 http cache object-inspect@https://registry.npmjs.org/object-inspect/-/object-inspect-1.13.4.tgz 0ms (cache hit)
641 http cache mime@https://registry.npmjs.org/mime/-/mime-1.6.0.tgz 0ms (cache hit)
642 http cache es-errors@https://registry.npmjs.org/es-errors/-/es-errors-1.3.0.tgz 0ms (cache hit)
643 http cache side-channel@https://registry.npmjs.org/side-channel/-/side-channel-1.1.0.tgz 0ms (cache hit)
644 http cache ipaddr.js@https://registry.npmjs.org/ipaddr.js/-/ipaddr.js-1.9.1.tgz 0ms (cache hit)
645 http cache forwarded@https://registry.npmjs.org/forwarded/-/forwarded-0.2.0.tgz 0ms (cache hit)
646 http cache ee-first@https://registry.npmjs.org/ee-first/-/ee-first-1.1.1.tgz 0ms (cache hit)
647 http cache balanced-match@https://registry.npmjs.org/balanced-match/-/balanced-match-4.0.4.tgz 0ms (cache hit)
648 http cache binary-extensions@https://registry.npmjs.org/binary-extensions/-/binary-extensions-2.3.0.tgz 0ms (cache hit)
649 http cache is-extglob@https://registry.npmjs.org/is-extglob/-/is-extglob-2.1.1.tgz 0ms (cache hit)
650 http cache brace-expansion@https://registry.npmjs.org/brace-expansion/-/brace-expansion-5.0.6.tgz 0ms (cache hit)
651 http cache to-regex-range@https://registry.npmjs.org/to-regex-range/-/to-regex-range-5.0.1.tgz 0ms (cache hit)
652 http cache fill-range@https://registry.npmjs.org/fill-range/-/fill-range-7.1.1.tgz 0ms (cache hit)
653 http cache picomatch@https://registry.npmjs.org/picomatch/-/picomatch-2.3.2.tgz 0ms (cache hit)
654 http cache normalize-path@https://registry.npmjs.org/normalize-path/-/normalize-path-3.0.0.tgz 0ms (cache hit)
655 http cache is-glob@https://registry.npmjs.org/is-glob/-/is-glob-4.0.3.tgz 0ms (cache hit)
656 http cache is-binary-path@https://registry.npmjs.org/is-binary-path/-/is-binary-path-2.1.0.tgz 0ms (cache hit)
657 http cache readdirp@https://registry.npmjs.org/readdirp/-/readdirp-3.6.0.tgz 0ms (cache hit)
658 http cache glob-parent@https://registry.npmjs.org/glob-parent/-/glob-parent-5.1.2.tgz 0ms (cache hit)
659 http cache braces@https://registry.npmjs.org/braces/-/braces-3.0.3.tgz 0ms (cache hit)
660 http cache fsevents@https://registry.npmjs.org/fsevents/-/fsevents-2.3.3.tgz 0ms (cache hit)
661 http cache touch@https://registry.npmjs.org/touch/-/touch-3.1.1.tgz 0ms (cache hit)
662 http cache undefsafe@https://registry.npmjs.org/undefsafe/-/undefsafe-2.0.5.tgz 0ms (cache hit)
663 http cache pstree.remy@https://registry.npmjs.org/pstree.remy/-/pstree.remy-1.1.8.tgz 0ms (cache hit)
664 http cache minimatch@https://registry.npmjs.org/minimatch/-/minimatch-10.2.5.tgz 0ms (cache hit)
665 http cache simple-update-notifier@https://registry.npmjs.org/simple-update-notifier/-/simple-update-notifier-2.0.0.tgz 0ms (cache hit)
666 http cache supports-color@https://registry.npmjs.org/supports-color/-/supports-color-5.5.0.tgz 0ms (cache hit)
667 http cache ignore-by-default@https://registry.npmjs.org/ignore-by-default/-/ignore-by-default-1.0.1.tgz 0ms (cache hit)
668 http cache chokidar@https://registry.npmjs.org/chokidar/-/chokidar-3.6.0.tgz 0ms (cache hit)
669 http cache semver@https://registry.npmjs.org/semver/-/semver-7.8.1.tgz 0ms (cache hit)
670 http cache mime-db@https://registry.npmjs.org/mime-db/-/mime-db-1.52.0.tgz 0ms (cache hit)
671 http cache toidentifier@https://registry.npmjs.org/toidentifier/-/toidentifier-1.0.1.tgz 0ms (cache hit)
672 http cache safer-buffer@https://registry.npmjs.org/safer-buffer/-/safer-buffer-2.1.2.tgz 0ms (cache hit)
673 http cache inherits@https://registry.npmjs.org/inherits/-/inherits-2.0.4.tgz 0ms (cache hit)
674 http cache ms@https://registry.npmjs.org/ms/-/ms-2.0.0.tgz 0ms (cache hit)
675 http cache unpipe@https://registry.npmjs.org/unpipe/-/unpipe-1.0.0.tgz 0ms (cache hit)
676 http cache raw-body@https://registry.npmjs.org/raw-body/-/raw-body-2.5.3.tgz 0ms (cache hit)
677 http cache destroy@https://registry.npmjs.org/destroy/-/destroy-1.2.0.tgz 0ms (cache hit)
678 http cache iconv-lite@https://registry.npmjs.org/iconv-lite/-/iconv-lite-0.4.24.tgz 0ms (cache hit)
679 http cache negotiator@https://registry.npmjs.org/negotiator/-/negotiator-0.6.3.tgz 0ms (cache hit)
680 http cache mime-types@https://registry.npmjs.org/mime-types/-/mime-types-2.1.35.tgz 0ms (cache hit)
681 http cache type-is@https://registry.npmjs.org/type-is/-/type-is-1.6.18.tgz 0ms (cache hit)
682 http cache bytes@https://registry.npmjs.org/bytes/-/bytes-3.1.2.tgz 0ms (cache hit)
683 http cache statuses@https://registry.npmjs.org/statuses/-/statuses-2.0.2.tgz 0ms (cache hit)
684 http cache utils-merge@https://registry.npmjs.org/utils-merge/-/utils-merge-1.0.1.tgz 0ms (cache hit)
685 http cache hasown@https://registry.npmjs.org/hasown/-/hasown-2.0.3.tgz 0ms (cache hit)
686 http cache setprototypeof@https://registry.npmjs.org/setprototypeof/-/setprototypeof-1.2.0.tgz 0ms (cache hit)
687 http cache serve-static@https://registry.npmjs.org/serve-static/-/serve-static-1.16.3.tgz 0ms (cache hit)
688 http cache send@https://registry.npmjs.org/send/-/send-0.19.2.tgz 0ms (cache hit)
689 http cache safe-buffer@https://registry.npmjs.org/safe-buffer/-/safe-buffer-5.2.1.tgz 0ms (cache hit)
690 http cache range-parser@https://registry.npmjs.org/range-parser/-/range-parser-1.2.1.tgz 0ms (cache hit)
691 http cache qs@https://registry.npmjs.org/qs/-/qs-6.15.2.tgz 0ms (cache hit)
692 http cache proxy-addr@https://registry.npmjs.org/proxy-addr/-/proxy-addr-2.0.7.tgz 0ms (cache hit)
693 http cache path-to-regexp@https://registry.npmjs.org/path-to-regexp/-/path-to-regexp-0.1.13.tgz 0ms (cache hit)
694 http cache on-finished@https://registry.npmjs.org/on-finished/-/on-finished-2.4.1.tgz 0ms (cache hit)
695 http cache parseurl@https://registry.npmjs.org/parseurl/-/parseurl-1.3.3.tgz 0ms (cache hit)
696 http cache methods@https://registry.npmjs.org/methods/-/methods-1.1.2.tgz 0ms (cache hit)
697 http cache merge-descriptors@https://registry.npmjs.org/merge-descriptors/-/merge-descriptors-1.0.3.tgz 0ms (cache hit)
698 http cache http-errors@https://registry.npmjs.org/http-errors/-/http-errors-2.0.1.tgz 0ms (cache hit)
699 http cache fresh@https://registry.npmjs.org/fresh/-/fresh-0.5.2.tgz 0ms (cache hit)
700 http cache finalhandler@https://registry.npmjs.org/finalhandler/-/finalhandler-1.3.2.tgz 0ms (cache hit)
701 http cache anymatch@https://registry.npmjs.org/anymatch/-/anymatch-3.1.3.tgz 0ms (cache hit)
702 http cache escape-html@https://registry.npmjs.org/escape-html/-/escape-html-1.0.3.tgz 0ms (cache hit)
703 http cache etag@https://registry.npmjs.org/etag/-/etag-1.8.1.tgz 0ms (cache hit)
704 http cache encodeurl@https://registry.npmjs.org/encodeurl/-/encodeurl-2.0.0.tgz 0ms (cache hit)
705 http cache depd@https://registry.npmjs.org/depd/-/depd-2.0.0.tgz 0ms (cache hit)
706 http cache debug@https://registry.npmjs.org/debug/-/debug-2.6.9.tgz 0ms (cache hit)
707 http cache content-type@https://registry.npmjs.org/content-type/-/content-type-1.0.5.tgz 0ms (cache hit)
708 http cache cookie@https://registry.npmjs.org/cookie/-/cookie-0.7.2.tgz 0ms (cache hit)
709 http cache cookie-signature@https://registry.npmjs.org/cookie-signature/-/cookie-signature-1.0.7.tgz 0ms (cache hit)
710 http cache content-disposition@https://registry.npmjs.org/content-disposition/-/content-disposition-0.5.4.tgz 0ms (cache hit)
711 http cache body-parser@https://registry.npmjs.org/body-parser/-/body-parser-1.20.5.tgz 0ms (cache hit)
712 http cache array-flatten@https://registry.npmjs.org/array-flatten/-/array-flatten-1.1.1.tgz 0ms (cache hit)
713 http cache vary@https://registry.npmjs.org/vary/-/vary-1.1.2.tgz 0ms (cache hit)
714 http cache accepts@https://registry.npmjs.org/accepts/-/accepts-1.3.8.tgz 0ms (cache hit)
715 http cache xmlbuilder2@https://registry.npmjs.org/xmlbuilder2/-/xmlbuilder2-3.1.1.tgz 0ms (cache hit)
716 http cache object-assign@https://registry.npmjs.org/object-assign/-/object-assign-4.1.1.tgz 0ms (cache hit)
717 http cache nodemon@https://registry.npmjs.org/nodemon/-/nodemon-3.1.14.tgz 0ms (cache hit)
718 http cache cors@https://registry.npmjs.org/cors/-/cors-2.8.6.tgz 0ms (cache hit)
719 http cache express@https://registry.npmjs.org/express/-/express-4.22.2.tgz 0ms (cache hit)
720 http cache ms@https://registry.npmjs.org/ms/-/ms-2.1.3.tgz 0ms (cache hit)
721 http cache ms@https://registry.npmjs.org/ms/-/ms-2.1.3.tgz 0ms (cache hit)
722 http cache debug@https://registry.npmjs.org/debug/-/debug-4.4.3.tgz 0ms (cache hit)
723 silly tarball no local data for sprintf-js@https://registry.npmjs.org/sprintf-js/-/sprintf-js-1.0.3.tgz. Extracting by manifest.
724 silly tarball no local data for esprima@https://registry.npmjs.org/esprima/-/esprima-4.0.1.tgz. Extracting by manifest.
725 silly tarball no local data for argparse@https://registry.npmjs.org/argparse/-/argparse-1.0.10.tgz. Extracting by manifest.
726 silly tarball no local data for @oozcitak/url@https://registry.npmjs.org/@oozcitak/url/-/url-1.0.4.tgz. Extracting by manifest.
727 silly tarball no local data for js-yaml@https://registry.npmjs.org/js-yaml/-/js-yaml-3.14.1.tgz. Extracting by manifest.
728 silly tarball no local data for @oozcitak/util@https://registry.npmjs.org/@oozcitak/util/-/util-8.3.8.tgz. Extracting by manifest.
729 silly tarball no local data for @oozcitak/infra@https://registry.npmjs.org/@oozcitak/infra/-/infra-1.0.8.tgz. Extracting by manifest.
730 silly tarball no local data for @oozcitak/dom@https://registry.npmjs.org/@oozcitak/dom/-/dom-1.15.10.tgz. Extracting by manifest.
731 silly tarball no local data for media-typer@https://registry.npmjs.org/media-typer/-/media-typer-0.3.0.tgz. Extracting by manifest.
732 silly tarball no local data for is-number@https://registry.npmjs.org/is-number/-/is-number-7.0.0.tgz. Extracting by manifest.
733 silly tarball no local data for has-flag@https://registry.npmjs.org/has-flag/-/has-flag-3.0.0.tgz. Extracting by manifest.
734 silly tarball no local data for dunder-proto@https://registry.npmjs.org/dunder-proto/-/dunder-proto-1.0.1.tgz. Extracting by manifest.
735 silly tarball no local data for math-intrinsics@https://registry.npmjs.org/math-intrinsics/-/math-intrinsics-1.1.0.tgz. Extracting by manifest.
736 silly tarball no local data for has-symbols@https://registry.npmjs.org/has-symbols/-/has-symbols-1.1.0.tgz. Extracting by manifest.
737 silly tarball no local data for gopd@https://registry.npmjs.org/gopd/-/gopd-1.2.0.tgz. Extracting by manifest.
738 silly tarball no local data for es-object-atoms@https://registry.npmjs.org/es-object-atoms/-/es-object-atoms-1.1.2.tgz. Extracting by manifest.
739 silly tarball no local data for es-define-property@https://registry.npmjs.org/es-define-property/-/es-define-property-1.0.1.tgz. Extracting by manifest.
740 silly tarball no local data for function-bind@https://registry.npmjs.org/function-bind/-/function-bind-1.1.2.tgz. Extracting by manifest.
741 silly tarball no local data for call-bind-apply-helpers@https://registry.npmjs.org/call-bind-apply-helpers/-/call-bind-apply-helpers-1.0.2.tgz. Extracting by manifest.
742 silly tarball no local data for get-intrinsic@https://registry.npmjs.org/get-intrinsic/-/get-intrinsic-1.3.0.tgz. Extracting by manifest.
743 silly tarball no local data for call-bound@https://registry.npmjs.org/call-bound/-/call-bound-1.0.4.tgz. Extracting by manifest.
744 silly tarball no local data for side-channel-weakmap@https://registry.npmjs.org/side-channel-weakmap/-/side-channel-weakmap-1.0.2.tgz. Extracting by manifest.
745 silly tarball no local data for side-channel-map@https://registry.npmjs.org/side-channel-map/-/side-channel-map-1.0.1.tgz. Extracting by manifest.
746 silly tarball no local data for side-channel-list@https://registry.npmjs.org/side-channel-list/-/side-channel-list-1.0.1.tgz. Extracting by manifest.
747 silly tarball no local data for get-proto@https://registry.npmjs.org/get-proto/-/get-proto-1.0.1.tgz. Extracting by manifest.
748 silly tarball no local data for object-inspect@https://registry.npmjs.org/object-inspect/-/object-inspect-1.13.4.tgz. Extracting by manifest.
749 silly tarball no local data for mime@https://registry.npmjs.org/mime/-/mime-1.6.0.tgz. Extracting by manifest.
750 silly tarball no local data for es-errors@https://registry.npmjs.org/es-errors/-/es-errors-1.3.0.tgz. Extracting by manifest.
751 silly tarball no local data for side-channel@https://registry.npmjs.org/side-channel/-/side-channel-1.1.0.tgz. Extracting by manifest.
752 silly tarball no local data for ipaddr.js@https://registry.npmjs.org/ipaddr.js/-/ipaddr.js-1.9.1.tgz. Extracting by manifest.
753 silly tarball no local data for forwarded@https://registry.npmjs.org/forwarded/-/forwarded-0.2.0.tgz. Extracting by manifest.
754 silly tarball no local data for ee-first@https://registry.npmjs.org/ee-first/-/ee-first-1.1.1.tgz. Extracting by manifest.
755 silly tarball no local data for balanced-match@https://registry.npmjs.org/balanced-match/-/balanced-match-4.0.4.tgz. Extracting by manifest.
756 silly tarball no local data for binary-extensions@https://registry.npmjs.org/binary-extensions/-/binary-extensions-2.3.0.tgz. Extracting by manifest.
757 silly tarball no local data for is-extglob@https://registry.npmjs.org/is-extglob/-/is-extglob-2.1.1.tgz. Extracting by manifest.
758 silly tarball no local data for brace-expansion@https://registry.npmjs.org/brace-expansion/-/brace-expansion-5.0.6.tgz. Extracting by manifest.
759 silly tarball no local data for to-regex-range@https://registry.npmjs.org/to-regex-range/-/to-regex-range-5.0.1.tgz. Extracting by manifest.
760 silly tarball no local data for fill-range@https://registry.npmjs.org/fill-range/-/fill-range-7.1.1.tgz. Extracting by manifest.
761 silly tarball no local data for picomatch@https://registry.npmjs.org/picomatch/-/picomatch-2.3.2.tgz. Extracting by manifest.
762 silly tarball no local data for normalize-path@https://registry.npmjs.org/normalize-path/-/normalize-path-3.0.0.tgz. Extracting by manifest.
763 silly tarball no local data for is-glob@https://registry.npmjs.org/is-glob/-/is-glob-4.0.3.tgz. Extracting by manifest.
764 silly tarball no local data for is-binary-path@https://registry.npmjs.org/is-binary-path/-/is-binary-path-2.1.0.tgz. Extracting by manifest.
765 silly tarball no local data for readdirp@https://registry.npmjs.org/readdirp/-/readdirp-3.6.0.tgz. Extracting by manifest.
766 silly tarball no local data for glob-parent@https://registry.npmjs.org/glob-parent/-/glob-parent-5.1.2.tgz. Extracting by manifest.
767 silly tarball no local data for braces@https://registry.npmjs.org/braces/-/braces-3.0.3.tgz. Extracting by manifest.
768 silly tarball no local data for fsevents@https://registry.npmjs.org/fsevents/-/fsevents-2.3.3.tgz. Extracting by manifest.
769 silly tarball no local data for touch@https://registry.npmjs.org/touch/-/touch-3.1.1.tgz. Extracting by manifest.
770 silly tarball no local data for undefsafe@https://registry.npmjs.org/undefsafe/-/undefsafe-2.0.5.tgz. Extracting by manifest.
771 silly tarball no local data for pstree.remy@https://registry.npmjs.org/pstree.remy/-/pstree.remy-1.1.8.tgz. Extracting by manifest.
772 silly tarball no local data for minimatch@https://registry.npmjs.org/minimatch/-/minimatch-10.2.5.tgz. Extracting by manifest.
773 silly tarball no local data for simple-update-notifier@https://registry.npmjs.org/simple-update-notifier/-/simple-update-notifier-2.0.0.tgz. Extracting by manifest.
774 silly tarball no local data for supports-color@https://registry.npmjs.org/supports-color/-/supports-color-5.5.0.tgz. Extracting by manifest.
775 silly tarball no local data for ignore-by-default@https://registry.npmjs.org/ignore-by-default/-/ignore-by-default-1.0.1.tgz. Extracting by manifest.
776 silly tarball no local data for chokidar@https://registry.npmjs.org/chokidar/-/chokidar-3.6.0.tgz. Extracting by manifest.
777 silly tarball no local data for semver@https://registry.npmjs.org/semver/-/semver-7.8.1.tgz. Extracting by manifest.
778 silly tarball no local data for mime-db@https://registry.npmjs.org/mime-db/-/mime-db-1.52.0.tgz. Extracting by manifest.
779 silly tarball no local data for toidentifier@https://registry.npmjs.org/toidentifier/-/toidentifier-1.0.1.tgz. Extracting by manifest.
780 silly tarball no local data for safer-buffer@https://registry.npmjs.org/safer-buffer/-/safer-buffer-2.1.2.tgz. Extracting by manifest.
781 silly tarball no local data for inherits@https://registry.npmjs.org/inherits/-/inherits-2.0.4.tgz. Extracting by manifest.
782 silly tarball no local data for ms@https://registry.npmjs.org/ms/-/ms-2.0.0.tgz. Extracting by manifest.
783 silly tarball no local data for unpipe@https://registry.npmjs.org/unpipe/-/unpipe-1.0.0.tgz. Extracting by manifest.
784 silly tarball no local data for raw-body@https://registry.npmjs.org/raw-body/-/raw-body-2.5.3.tgz. Extracting by manifest.
785 silly tarball no local data for destroy@https://registry.npmjs.org/destroy/-/destroy-1.2.0.tgz. Extracting by manifest.
786 silly tarball no local data for iconv-lite@https://registry.npmjs.org/iconv-lite/-/iconv-lite-0.4.24.tgz. Extracting by manifest.
787 silly tarball no local data for negotiator@https://registry.npmjs.org/negotiator/-/negotiator-0.6.3.tgz. Extracting by manifest.
788 silly tarball no local data for type-is@https://registry.npmjs.org/type-is/-/type-is-1.6.18.tgz. Extracting by manifest.
789 silly tarball no local data for bytes@https://registry.npmjs.org/bytes/-/bytes-3.1.2.tgz. Extracting by manifest.
790 silly tarball no local data for mime-types@https://registry.npmjs.org/mime-types/-/mime-types-2.1.35.tgz. Extracting by manifest.
791 silly tarball no local data for statuses@https://registry.npmjs.org/statuses/-/statuses-2.0.2.tgz. Extracting by manifest.
792 silly tarball no local data for utils-merge@https://registry.npmjs.org/utils-merge/-/utils-merge-1.0.1.tgz. Extracting by manifest.
793 silly tarball no local data for hasown@https://registry.npmjs.org/hasown/-/hasown-2.0.3.tgz. Extracting by manifest.
794 silly tarball no local data for setprototypeof@https://registry.npmjs.org/setprototypeof/-/setprototypeof-1.2.0.tgz. Extracting by manifest.
795 silly tarball no local data for serve-static@https://registry.npmjs.org/serve-static/-/serve-static-1.16.3.tgz. Extracting by manifest.
796 silly tarball no local data for send@https://registry.npmjs.org/send/-/send-0.19.2.tgz. Extracting by manifest.
797 silly tarball no local data for safe-buffer@https://registry.npmjs.org/safe-buffer/-/safe-buffer-5.2.1.tgz. Extracting by manifest.
798 silly tarball no local data for range-parser@https://registry.npmjs.org/range-parser/-/range-parser-1.2.1.tgz. Extracting by manifest.
799 silly tarball no local data for qs@https://registry.npmjs.org/qs/-/qs-6.15.2.tgz. Extracting by manifest.
800 silly tarball no local data for proxy-addr@https://registry.npmjs.org/proxy-addr/-/proxy-addr-2.0.7.tgz. Extracting by manifest.
801 silly tarball no local data for path-to-regexp@https://registry.npmjs.org/path-to-regexp/-/path-to-regexp-0.1.13.tgz. Extracting by manifest.
802 silly tarball no local data for on-finished@https://registry.npmjs.org/on-finished/-/on-finished-2.4.1.tgz. Extracting by manifest.
803 silly tarball no local data for parseurl@https://registry.npmjs.org/parseurl/-/parseurl-1.3.3.tgz. Extracting by manifest.
804 silly tarball no local data for methods@https://registry.npmjs.org/methods/-/methods-1.1.2.tgz. Extracting by manifest.
805 silly tarball no local data for merge-descriptors@https://registry.npmjs.org/merge-descriptors/-/merge-descriptors-1.0.3.tgz. Extracting by manifest.
806 silly tarball no local data for http-errors@https://registry.npmjs.org/http-errors/-/http-errors-2.0.1.tgz. Extracting by manifest.
807 silly tarball no local data for fresh@https://registry.npmjs.org/fresh/-/fresh-0.5.2.tgz. Extracting by manifest.
808 silly tarball no local data for finalhandler@https://registry.npmjs.org/finalhandler/-/finalhandler-1.3.2.tgz. Extracting by manifest.
809 silly tarball no local data for anymatch@https://registry.npmjs.org/anymatch/-/anymatch-3.1.3.tgz. Extracting by manifest.
810 silly tarball no local data for escape-html@https://registry.npmjs.org/escape-html/-/escape-html-1.0.3.tgz. Extracting by manifest.
811 silly tarball no local data for etag@https://registry.npmjs.org/etag/-/etag-1.8.1.tgz. Extracting by manifest.
812 silly tarball no local data for encodeurl@https://registry.npmjs.org/encodeurl/-/encodeurl-2.0.0.tgz. Extracting by manifest.
813 silly tarball no local data for depd@https://registry.npmjs.org/depd/-/depd-2.0.0.tgz. Extracting by manifest.
814 silly tarball no local data for debug@https://registry.npmjs.org/debug/-/debug-2.6.9.tgz. Extracting by manifest.
815 silly tarball no local data for content-type@https://registry.npmjs.org/content-type/-/content-type-1.0.5.tgz. Extracting by manifest.
816 silly tarball no local data for cookie@https://registry.npmjs.org/cookie/-/cookie-0.7.2.tgz. Extracting by manifest.
817 silly tarball no local data for cookie-signature@https://registry.npmjs.org/cookie-signature/-/cookie-signature-1.0.7.tgz. Extracting by manifest.
818 silly tarball no local data for content-disposition@https://registry.npmjs.org/content-disposition/-/content-disposition-0.5.4.tgz. Extracting by manifest.
819 silly tarball no local data for body-parser@https://registry.npmjs.org/body-parser/-/body-parser-1.20.5.tgz. Extracting by manifest.
820 silly tarball no local data for array-flatten@https://registry.npmjs.org/array-flatten/-/array-flatten-1.1.1.tgz. Extracting by manifest.
821 silly tarball no local data for vary@https://registry.npmjs.org/vary/-/vary-1.1.2.tgz. Extracting by manifest.
822 silly tarball no local data for accepts@https://registry.npmjs.org/accepts/-/accepts-1.3.8.tgz. Extracting by manifest.
823 silly tarball no local data for xmlbuilder2@https://registry.npmjs.org/xmlbuilder2/-/xmlbuilder2-3.1.1.tgz. Extracting by manifest.
824 silly tarball no local data for object-assign@https://registry.npmjs.org/object-assign/-/object-assign-4.1.1.tgz. Extracting by manifest.
825 silly tarball no local data for nodemon@https://registry.npmjs.org/nodemon/-/nodemon-3.1.14.tgz. Extracting by manifest.
826 silly tarball no local data for cors@https://registry.npmjs.org/cors/-/cors-2.8.6.tgz. Extracting by manifest.
827 silly tarball no local data for express@https://registry.npmjs.org/express/-/express-4.22.2.tgz. Extracting by manifest.
828 silly tarball no local data for ms@https://registry.npmjs.org/ms/-/ms-2.1.3.tgz. Extracting by manifest.
829 silly tarball no local data for ms@https://registry.npmjs.org/ms/-/ms-2.1.3.tgz. Extracting by manifest.
830 silly tarball no local data for debug@https://registry.npmjs.org/debug/-/debug-4.4.3.tgz. Extracting by manifest.
831 http fetch GET 200 https://registry.npmjs.org/sprintf-js/-/sprintf-js-1.0.3.tgz 385ms (cache miss)
832 http fetch GET 200 https://registry.npmjs.org/gopd/-/gopd-1.2.0.tgz 656ms (cache miss)
833 http fetch GET 200 https://registry.npmjs.org/is-number/-/is-number-7.0.0.tgz 810ms (cache miss)
834 http fetch GET 200 https://registry.npmjs.org/dunder-proto/-/dunder-proto-1.0.1.tgz 812ms (cache miss)
835 http fetch POST 200 https://registry.npmjs.org/-/npm/v1/security/advisories/bulk 866ms
836 silly audit report {
836 silly audit report   'js-yaml': [
836 silly audit report     {
836 silly audit report       id: 1112714,
836 silly audit report       url: 'https://github.com/advisories/GHSA-mh29-5h37-fv8m',
836 silly audit report       title: 'js-yaml has prototype pollution in merge (<<)',
836 silly audit report       severity: 'moderate',
836 silly audit report       vulnerable_versions: '<3.14.2',
836 silly audit report       cwe: [Array],
836 silly audit report       cvss: [Object]
836 silly audit report     }
836 silly audit report   ]
836 silly audit report }
837 silly packumentCache corgi:https://registry.npmjs.org/js-yaml cache-miss
838 http fetch GET 200 https://registry.npmjs.org/js-yaml/-/js-yaml-3.14.1.tgz 886ms (cache miss)
839 http fetch GET 200 https://registry.npmjs.org/es-object-atoms/-/es-object-atoms-1.1.2.tgz 923ms (cache miss)
840 http fetch GET 200 https://registry.npmjs.org/es-define-property/-/es-define-property-1.0.1.tgz 1022ms (cache miss)
841 http fetch GET 200 https://registry.npmjs.org/math-intrinsics/-/math-intrinsics-1.1.0.tgz 1038ms (cache miss)
842 http fetch GET 200 https://registry.npmjs.org/has-symbols/-/has-symbols-1.1.0.tgz 1041ms (cache miss)
843 http fetch GET 200 https://registry.npmjs.org/call-bound/-/call-bound-1.0.4.tgz 1237ms (cache miss)
844 http fetch GET 200 https://registry.npmjs.org/side-channel-weakmap/-/side-channel-weakmap-1.0.2.tgz 1247ms (cache miss)
845 http fetch GET 200 https://registry.npmjs.org/side-channel-map/-/side-channel-map-1.0.1.tgz 1257ms (cache miss)
846 http fetch GET 200 https://registry.npmjs.org/function-bind/-/function-bind-1.1.2.tgz 1266ms (cache miss)
847 http fetch GET 200 https://registry.npmjs.org/call-bind-apply-helpers/-/call-bind-apply-helpers-1.0.2.tgz 1274ms (cache miss)
848 http fetch GET 200 https://registry.npmjs.org/@oozcitak/url/-/url-1.0.4.tgz 1502ms (cache miss)
849 http fetch GET 200 https://registry.npmjs.org/get-proto/-/get-proto-1.0.1.tgz 1521ms (cache miss)
850 http fetch GET 200 https://registry.npmjs.org/argparse/-/argparse-1.0.10.tgz 1525ms (cache miss)
851 http fetch GET 200 https://registry.npmjs.org/has-flag/-/has-flag-3.0.0.tgz 1563ms (cache miss)
852 http fetch GET 200 https://registry.npmjs.org/mime/-/mime-1.6.0.tgz 1703ms (cache miss)
853 http fetch GET 200 https://registry.npmjs.org/es-errors/-/es-errors-1.3.0.tgz 1717ms (cache miss)
854 http fetch GET 200 https://registry.npmjs.org/@oozcitak/util/-/util-8.3.8.tgz 1772ms (cache miss)
855 http fetch GET 200 https://registry.npmjs.org/media-typer/-/media-typer-0.3.0.tgz 1869ms (cache miss)
856 http fetch GET 200 https://registry.npmjs.org/binary-extensions/-/binary-extensions-2.3.0.tgz 1908ms (cache miss)
857 http fetch GET 200 https://registry.npmjs.org/get-intrinsic/-/get-intrinsic-1.3.0.tgz 1913ms (cache miss)
858 http fetch GET 200 https://registry.npmjs.org/side-channel/-/side-channel-1.1.0.tgz 1965ms (cache miss)
859 http fetch GET 200 https://registry.npmjs.org/@oozcitak/dom/-/dom-1.15.10.tgz 1991ms (cache miss)
860 http fetch GET 200 https://registry.npmjs.org/forwarded/-/forwarded-0.2.0.tgz 1992ms (cache miss)
861 http fetch GET 200 https://registry.npmjs.org/balanced-match/-/balanced-match-4.0.4.tgz 1999ms (cache miss)
862 http fetch GET 200 https://registry.npmjs.org/ee-first/-/ee-first-1.1.1.tgz 2001ms (cache miss)
863 http fetch GET 200 https://registry.npmjs.org/fill-range/-/fill-range-7.1.1.tgz 2115ms (cache miss)
864 http fetch GET 200 https://registry.npmjs.org/side-channel-list/-/side-channel-list-1.0.1.tgz 2153ms (cache miss)
865 http fetch GET 200 https://registry.npmjs.org/is-extglob/-/is-extglob-2.1.1.tgz 2160ms (cache miss)
866 http fetch GET 200 https://registry.npmjs.org/is-binary-path/-/is-binary-path-2.1.0.tgz 2215ms (cache miss)
867 http fetch GET 200 https://registry.npmjs.org/esprima/-/esprima-4.0.1.tgz 2303ms (cache miss)
868 http fetch GET 200 https://registry.npmjs.org/to-regex-range/-/to-regex-range-5.0.1.tgz 2330ms (cache miss)
869 http fetch GET 200 https://registry.npmjs.org/brace-expansion/-/brace-expansion-5.0.6.tgz 2349ms (cache miss)
870 http fetch GET 200 https://registry.npmjs.org/touch/-/touch-3.1.1.tgz 2366ms (cache miss)
871 http fetch GET 200 https://registry.npmjs.org/readdirp/-/readdirp-3.6.0.tgz 2398ms (cache miss)
872 http fetch GET 200 https://registry.npmjs.org/is-glob/-/is-glob-4.0.3.tgz 2400ms (cache miss)
873 http fetch GET 200 https://registry.npmjs.org/undefsafe/-/undefsafe-2.0.5.tgz 2467ms (cache miss)
874 http fetch GET 200 https://registry.npmjs.org/fsevents/-/fsevents-2.3.3.tgz 2549ms (cache miss)
875 http fetch GET 200 https://registry.npmjs.org/picomatch/-/picomatch-2.3.2.tgz 2553ms (cache miss)
876 http fetch GET 200 https://registry.npmjs.org/braces/-/braces-3.0.3.tgz 2565ms (cache miss)
877 http fetch GET 200 https://registry.npmjs.org/supports-color/-/supports-color-5.5.0.tgz 2577ms (cache miss)
878 http fetch GET 200 https://registry.npmjs.org/ignore-by-default/-/ignore-by-default-1.0.1.tgz 2602ms (cache miss)
879 http fetch GET 200 https://registry.npmjs.org/@oozcitak/infra/-/infra-1.0.8.tgz 2694ms (cache miss)
880 http fetch GET 200 https://registry.npmjs.org/ipaddr.js/-/ipaddr.js-1.9.1.tgz 2712ms (cache miss)
881 http fetch GET 200 https://registry.npmjs.org/glob-parent/-/glob-parent-5.1.2.tgz 2764ms (cache miss)
882 http fetch GET 200 https://registry.npmjs.org/toidentifier/-/toidentifier-1.0.1.tgz 2774ms (cache miss)
883 http fetch GET 200 https://registry.npmjs.org/inherits/-/inherits-2.0.4.tgz 2784ms (cache miss)
884 http fetch GET 200 https://registry.npmjs.org/simple-update-notifier/-/simple-update-notifier-2.0.0.tgz 2843ms (cache miss)
885 http fetch GET 200 https://registry.npmjs.org/pstree.remy/-/pstree.remy-1.1.8.tgz 2883ms (cache miss)
886 http fetch GET 200 https://registry.npmjs.org/mime-db/-/mime-db-1.52.0.tgz 2958ms (cache miss)
887 http fetch GET 200 https://registry.npmjs.org/ms/-/ms-2.0.0.tgz 3041ms (cache miss)
888 http fetch GET 200 https://registry.npmjs.org/normalize-path/-/normalize-path-3.0.0.tgz 3117ms (cache miss)
889 http fetch GET 200 https://registry.npmjs.org/chokidar/-/chokidar-3.6.0.tgz 3122ms (cache miss)
890 http fetch GET 200 https://registry.npmjs.org/minimatch/-/minimatch-10.2.5.tgz 3128ms (cache miss)
891 http fetch GET 200 https://registry.npmjs.org/object-inspect/-/object-inspect-1.13.4.tgz 3151ms (cache miss)
892 http fetch GET 200 https://registry.npmjs.org/mime-types/-/mime-types-2.1.35.tgz 3169ms (cache miss)
893 http fetch GET 200 https://registry.npmjs.org/semver/-/semver-7.8.1.tgz 3173ms (cache miss)
894 http fetch GET 200 https://registry.npmjs.org/type-is/-/type-is-1.6.18.tgz 3191ms (cache miss)
895 http fetch GET 200 https://registry.npmjs.org/bytes/-/bytes-3.1.2.tgz 3201ms (cache miss)
896 http fetch GET 200 https://registry.npmjs.org/raw-body/-/raw-body-2.5.3.tgz 3211ms (cache miss)
897 http fetch GET 200 https://registry.npmjs.org/safer-buffer/-/safer-buffer-2.1.2.tgz 3245ms (cache miss)
898 http fetch GET 200 https://registry.npmjs.org/setprototypeof/-/setprototypeof-1.2.0.tgz 3334ms (cache miss)
899 http fetch GET 200 https://registry.npmjs.org/serve-static/-/serve-static-1.16.3.tgz 3367ms (cache miss)
900 http fetch GET 200 https://registry.npmjs.org/destroy/-/destroy-1.2.0.tgz 3475ms (cache miss)
901 http fetch GET 200 https://registry.npmjs.org/path-to-regexp/-/path-to-regexp-0.1.13.tgz 3484ms (cache miss)
902 http fetch GET 200 https://registry.npmjs.org/statuses/-/statuses-2.0.2.tgz 3485ms (cache miss)
903 http fetch GET 200 https://registry.npmjs.org/range-parser/-/range-parser-1.2.1.tgz 3503ms (cache miss)
904 http fetch GET 200 https://registry.npmjs.org/safe-buffer/-/safe-buffer-5.2.1.tgz 3528ms (cache miss)
905 http fetch GET 200 https://registry.npmjs.org/unpipe/-/unpipe-1.0.0.tgz 3547ms (cache miss)
906 http fetch GET 200 https://registry.npmjs.org/hasown/-/hasown-2.0.3.tgz 3553ms (cache miss)
907 http fetch GET 200 https://registry.npmjs.org/send/-/send-0.19.2.tgz 3562ms (cache miss)
908 http fetch GET 200 https://registry.npmjs.org/parseurl/-/parseurl-1.3.3.tgz 3576ms (cache miss)
909 http fetch GET 200 https://registry.npmjs.org/merge-descriptors/-/merge-descriptors-1.0.3.tgz 3689ms (cache miss)
910 http fetch GET 200 https://registry.npmjs.org/proxy-addr/-/proxy-addr-2.0.7.tgz 3745ms (cache miss)
911 http fetch GET 200 https://registry.npmjs.org/escape-html/-/escape-html-1.0.3.tgz 3750ms (cache miss)
912 http fetch GET 200 https://registry.npmjs.org/anymatch/-/anymatch-3.1.3.tgz 3751ms (cache miss)
913 http fetch GET 200 https://registry.npmjs.org/etag/-/etag-1.8.1.tgz 3764ms (cache miss)
914 http fetch GET 200 https://registry.npmjs.org/http-errors/-/http-errors-2.0.1.tgz 3771ms (cache miss)
915 http fetch GET 200 https://registry.npmjs.org/encodeurl/-/encodeurl-2.0.0.tgz 3787ms (cache miss)
916 http fetch GET 200 https://registry.npmjs.org/fresh/-/fresh-0.5.2.tgz 3809ms (cache miss)
917 http fetch GET 200 https://registry.npmjs.org/finalhandler/-/finalhandler-1.3.2.tgz 3835ms (cache miss)
918 http fetch GET 200 https://registry.npmjs.org/utils-merge/-/utils-merge-1.0.1.tgz 3944ms (cache miss)
919 http fetch GET 200 https://registry.npmjs.org/content-type/-/content-type-1.0.5.tgz 3951ms (cache miss)
920 http fetch GET 200 https://registry.npmjs.org/cookie/-/cookie-0.7.2.tgz 3958ms (cache miss)
921 http fetch GET 200 https://registry.npmjs.org/cookie-signature/-/cookie-signature-1.0.7.tgz 3969ms (cache miss)
922 http fetch GET 200 https://registry.npmjs.org/on-finished/-/on-finished-2.4.1.tgz 3994ms (cache miss)
923 http fetch GET 200 https://registry.npmjs.org/array-flatten/-/array-flatten-1.1.1.tgz 4031ms (cache miss)
924 http fetch GET 200 https://registry.npmjs.org/depd/-/depd-2.0.0.tgz 4144ms (cache miss)
925 http fetch GET 200 https://registry.npmjs.org/object-assign/-/object-assign-4.1.1.tgz 4161ms (cache miss)
926 http fetch GET 200 https://registry.npmjs.org/cors/-/cors-2.8.6.tgz 4217ms (cache miss)
927 http fetch GET 200 https://registry.npmjs.org/vary/-/vary-1.1.2.tgz 4326ms (cache miss)
928 http fetch GET 200 https://registry.npmjs.org/methods/-/methods-1.1.2.tgz 4373ms (cache miss)
929 http fetch GET 200 https://registry.npmjs.org/debug/-/debug-4.4.3.tgz 4463ms (cache miss)
930 http fetch GET 200 https://registry.npmjs.org/negotiator/-/negotiator-0.6.3.tgz 4514ms (cache miss)
931 http fetch GET 200 https://registry.npmjs.org/debug/-/debug-2.6.9.tgz 4575ms (cache miss)
932 http fetch GET 200 https://registry.npmjs.org/ms/-/ms-2.1.3.tgz 4601ms (cache miss)
933 http fetch GET 200 https://registry.npmjs.org/content-disposition/-/content-disposition-0.5.4.tgz 4772ms (cache miss)
934 http fetch GET 200 https://registry.npmjs.org/accepts/-/accepts-1.3.8.tgz 4800ms (cache miss)
935 http fetch GET 200 https://registry.npmjs.org/body-parser/-/body-parser-1.20.5.tgz 4954ms (cache miss)
936 http fetch GET 200 https://registry.npmjs.org/nodemon/-/nodemon-3.1.14.tgz 5001ms (cache miss)
937 http fetch GET 200 https://registry.npmjs.org/ms/-/ms-2.1.3.tgz 5006ms (cache miss)
938 http fetch GET 200 https://registry.npmjs.org/xmlbuilder2/-/xmlbuilder2-3.1.1.tgz 5072ms (cache miss)
939 http fetch GET 200 https://registry.npmjs.org/iconv-lite/-/iconv-lite-0.4.24.tgz 5171ms (cache miss)
940 http fetch GET 200 https://registry.npmjs.org/js-yaml 4601ms (cache miss)
941 silly packumentCache corgi:https://registry.npmjs.org/js-yaml set size:undefined disposed:false
942 silly packumentCache corgi:https://registry.npmjs.org/xmlbuilder2 cache-miss
943 http fetch GET 200 https://registry.npmjs.org/qs/-/qs-6.15.2.tgz 5830ms (cache miss)
944 http fetch GET 200 https://registry.npmjs.org/express/-/express-4.22.2.tgz 7239ms (cache miss)
945 info run fsevents@2.3.3 install node_modules/fsevents node-gyp rebuild
946 info run fsevents@2.3.3 install { code: 1, signal: null }
947 verbose reify failed optional dependency /Users/wuwenbo/Documents/trae_projects/SoloProjects-hll/p3/node_modules/fsevents
948 silly reify mark deleted [
948 silly reify   '/Users/wuwenbo/Documents/trae_projects/SoloProjects-hll/p3/node_modules/fsevents'
948 silly reify ]
949 http fetch GET 200 https://registry.npmjs.org/xmlbuilder2 4499ms (cache miss)
950 silly packumentCache corgi:https://registry.npmjs.org/xmlbuilder2 set size:undefined disposed:false
951 silly ADD node_modules/sprintf-js
952 silly ADD node_modules/esprima
953 silly ADD node_modules/argparse
954 silly ADD node_modules/@oozcitak/url
955 silly ADD node_modules/js-yaml
956 silly ADD node_modules/@oozcitak/util
957 silly ADD node_modules/@oozcitak/infra
958 silly ADD node_modules/@oozcitak/dom
959 silly ADD node_modules/media-typer
960 silly ADD node_modules/is-number
961 silly ADD node_modules/has-flag
962 silly ADD node_modules/dunder-proto
963 silly ADD node_modules/math-intrinsics
964 silly ADD node_modules/hasown
965 silly ADD node_modules/has-symbols
966 silly ADD node_modules/gopd
967 silly ADD node_modules/get-proto
968 silly ADD node_modules/es-object-atoms
969 silly ADD node_modules/es-define-property
970 silly ADD node_modules/function-bind
971 silly ADD node_modules/call-bind-apply-helpers
972 silly ADD node_modules/get-intrinsic
973 silly ADD node_modules/call-bound
974 silly ADD node_modules/side-channel-weakmap
975 silly ADD node_modules/side-channel-map
976 silly ADD node_modules/side-channel-list
977 silly ADD node_modules/object-inspect
978 silly ADD node_modules/es-errors
979 silly ADD node_modules/mime
980 silly ADD node_modules/side-channel
981 silly ADD node_modules/ipaddr.js
982 silly ADD node_modules/forwarded
983 silly ADD node_modules/ee-first
984 silly ADD node_modules/balanced-match
985 silly ADD node_modules/brace-expansion
986 silly ADD node_modules/is-extglob
987 silly ADD node_modules/binary-extensions
988 silly ADD node_modules/to-regex-range
989 silly ADD node_modules/fill-range
990 silly ADD node_modules/picomatch
991 silly ADD node_modules/readdirp
992 silly ADD node_modules/normalize-path
993 silly ADD node_modules/is-glob
994 silly ADD node_modules/is-binary-path
995 silly ADD node_modules/glob-parent
996 silly ADD
997 silly ADD node_modules/braces
998 silly ADD node_modules/anymatch
999 silly ADD node_modules/undefsafe
1000 silly ADD node_modules/touch
1001 silly ADD node_modules/supports-color
1002 silly ADD node_modules/simple-update-notifier
1003 silly ADD node_modules/semver
1004 silly ADD node_modules/pstree.remy
1005 silly ADD node_modules/minimatch
1006 silly ADD node_modules/ignore-by-default
1007 silly ADD node_modules/chokidar
1008 silly ADD node_modules/mime-db
1009 silly ADD node_modules/safer-buffer
1010 silly ADD node_modules/toidentifier
1011 silly ADD node_modules/inherits
1012 silly ADD node_modules/ms
1013 silly ADD node_modules/unpipe
1014 silly ADD node_modules/raw-body
1015 silly ADD node_modules/iconv-lite
1016 silly ADD node_modules/destroy
1017 silly ADD node_modules/bytes
1018 silly ADD node_modules/negotiator
1019 silly ADD node_modules/mime-types
1020 silly ADD node_modules/utils-merge
1021 silly ADD node_modules/type-is
1022 silly ADD node_modules/statuses
1023 silly ADD node_modules/setprototypeof
1024 silly ADD node_modules/serve-static
1025 silly ADD node_modules/send
1026 silly ADD node_modules/send/node_modules/ms
1027 silly ADD node_modules/safe-buffer
1028 silly ADD node_modules/range-parser
1029 silly ADD node_modules/qs
1030 silly ADD node_modules/proxy-addr
1031 silly ADD node_modules/path-to-regexp
1032 silly ADD node_modules/parseurl
1033 silly ADD node_modules/on-finished
1034 silly ADD node_modules/methods
1035 silly ADD node_modules/merge-descriptors
1036 silly ADD node_modules/http-errors
1037 silly ADD node_modules/fresh
1038 silly ADD node_modules/finalhandler
1039 silly ADD node_modules/etag
1040 silly ADD node_modules/escape-html
1041 silly ADD node_modules/encodeurl
1042 silly ADD node_modules/depd
1043 silly ADD node_modules/debug
1044 silly ADD node_modules/cookie-signature
1045 silly ADD node_modules/cookie
1046 silly ADD node_modules/content-type
1047 silly ADD node_modules/content-disposition
1048 silly ADD node_modules/body-parser
1049 silly ADD node_modules/array-flatten
1050 silly ADD node_modules/accepts
1051 silly ADD node_modules/vary
1052 silly ADD node_modules/object-assign
1053 silly ADD node_modules/xmlbuilder2
1054 silly ADD node_modules/nodemon
1055 silly ADD node_modules/nodemon/node_modules/ms
1056 silly ADD node_modules/nodemon/node_modules/debug
1057 silly ADD node_modules/express
1058 silly ADD node_modules/cors
1059 verbose cwd /Users/wuwenbo/Documents/trae_projects/SoloProjects-hll/p3
1060 verbose os Darwin 23.5.0
1061 verbose node v24.12.0
1062 verbose npm  v11.6.2
1063 verbose exit 0
1064 info ok
