0 verbose cli /usr/local/bin/node /usr/local/bin/npm
1 info using npm@11.6.2
2 info using node@v24.12.0
3 silly config load:file:/usr/local/lib/node_modules/npm/npmrc
4 silly config load:file:/Users/wuwenbo/Documents/trae_projects/SoloProjects-hll/p148/backend/.npmrc
5 silly config load:file:/Users/wuwenbo/.npmrc
6 verbose config error loading user config Error: EACCES: permission denied, open '/Users/wuwenbo/.npmrc'
6 verbose config     at async open (node:internal/fs/promises:642:25)
6 verbose config     at async readFile (node:internal/fs/promises:1279:14)
6 verbose config     at async #loadFile (/usr/local/lib/node_modules/npm/node_modules/@npmcli/config/lib/index.js:635:5)
6 verbose config     at async Config.load (/usr/local/lib/node_modules/npm/node_modules/@npmcli/config/lib/index.js:259:5)
6 verbose config     at async #load (/usr/local/lib/node_modules/npm/lib/npm.js:99:5)
6 verbose config     at async Npm.load (/usr/local/lib/node_modules/npm/lib/npm.js:81:14)
6 verbose config     at async module.exports (/usr/local/lib/node_modules/npm/lib/cli/entry.js:35:37) {
6 verbose config   errno: -13,
6 verbose config   code: 'EACCES',
6 verbose config   syscall: 'open',
6 verbose config   path: '/Users/wuwenbo/.npmrc'
6 verbose config }
7 silly config load:file:/usr/local/etc/npmrc
8 verbose title npm install
9 verbose argv "install"
10 verbose logfile logs-max:10 dir:/Users/wuwenbo/Documents/trae_projects/SoloProjects-hll/p148/.npm-cache/_logs/2026-05-26T06_50_27_103Z-
11 verbose logfile /Users/wuwenbo/Documents/trae_projects/SoloProjects-hll/p148/.npm-cache/_logs/2026-05-26T06_50_27_103Z-debug-0.log
12 silly logfile done cleaning log files
13 silly packumentCache heap:4496293888 maxSize:1124073472 maxEntrySize:562036736
14 silly idealTree buildDeps
15 silly fetch manifest cors@^2.8.5
16 silly packumentCache full:https://registry.npmjs.org/cors cache-miss
17 http fetch GET 200 https://registry.npmjs.org/npm 1407ms
18 http fetch GET 200 https://registry.npmjs.org/cors 1456ms (cache miss)
19 silly packumentCache full:https://registry.npmjs.org/cors set size:undefined disposed:false
20 silly fetch manifest express@^4.18.2
21 silly packumentCache full:https://registry.npmjs.org/express cache-miss
22 http fetch GET 200 https://registry.npmjs.org/express 839ms (cache miss)
23 silly packumentCache full:https://registry.npmjs.org/express set size:undefined disposed:false
24 silly fetch manifest ws@^8.14.2
25 silly packumentCache full:https://registry.npmjs.org/ws cache-miss
26 http fetch GET 200 https://registry.npmjs.org/ws 1058ms (cache miss)
27 silly packumentCache full:https://registry.npmjs.org/ws set size:undefined disposed:false
28 silly fetch manifest bufferutil@^4.0.1
29 silly packumentCache full:https://registry.npmjs.org/bufferutil cache-miss
30 http fetch GET 200 https://registry.npmjs.org/bufferutil 204ms (cache miss)
31 silly packumentCache full:https://registry.npmjs.org/bufferutil set size:undefined disposed:false
32 silly fetch manifest utf-8-validate@>=5.0.2
33 silly packumentCache full:https://registry.npmjs.org/utf-8-validate cache-miss
34 http fetch GET 200 https://registry.npmjs.org/utf-8-validate 189ms (cache miss)
35 silly packumentCache full:https://registry.npmjs.org/utf-8-validate set size:undefined disposed:false
36 silly placeDep ROOT cors@2.8.6 OK for: dds-performance-test-backend@1.0.0 want: ^2.8.5
37 silly placeDep ROOT express@4.22.2 OK for: dds-performance-test-backend@1.0.0 want: ^4.18.2
38 silly placeDep ROOT ws@8.21.0 OK for: dds-performance-test-backend@1.0.0 want: ^8.14.2
39 silly fetch manifest object-assign@^4
40 silly packumentCache full:https://registry.npmjs.org/object-assign cache-miss
41 silly fetch manifest vary@^1
42 silly packumentCache full:https://registry.npmjs.org/vary cache-miss
43 silly fetch manifest qs@~6.15.1
44 silly packumentCache full:https://registry.npmjs.org/qs cache-miss
45 silly fetch manifest depd@2.0.0
46 silly packumentCache full:https://registry.npmjs.org/depd cache-miss
47 silly fetch manifest etag@~1.8.1
48 silly packumentCache full:https://registry.npmjs.org/etag cache-miss
49 silly fetch manifest send@~0.19.0
50 silly packumentCache full:https://registry.npmjs.org/send cache-miss
51 silly fetch manifest vary@~1.1.2
52 silly packumentCache full:https://registry.npmjs.org/vary cache-miss
53 http fetch GET 200 https://registry.npmjs.org/object-assign 183ms (cache miss)
54 silly packumentCache full:https://registry.npmjs.org/object-assign set size:undefined disposed:false
55 silly fetch manifest debug@2.6.9
56 silly packumentCache full:https://registry.npmjs.org/debug cache-miss
57 http fetch GET 200 https://registry.npmjs.org/vary 381ms (cache miss)
58 silly packumentCache full:https://registry.npmjs.org/vary set size:undefined disposed:false
59 silly fetch manifest fresh@~0.5.2
60 silly packumentCache full:https://registry.npmjs.org/fresh cache-miss
61 http fetch GET 200 https://registry.npmjs.org/debug 422ms (cache miss)
62 silly packumentCache full:https://registry.npmjs.org/debug set size:undefined disposed:false
63 silly fetch manifest cookie@~0.7.1
64 silly packumentCache full:https://registry.npmjs.org/cookie cache-miss
65 http fetch GET 200 https://registry.npmjs.org/fresh 370ms (cache miss)
66 silly packumentCache full:https://registry.npmjs.org/fresh set size:undefined disposed:false
67 silly fetch manifest accepts@~1.3.8
68 silly packumentCache full:https://registry.npmjs.org/accepts cache-miss
69 http fetch GET 200 https://registry.npmjs.org/depd 966ms (cache miss)
70 silly packumentCache full:https://registry.npmjs.org/depd set size:undefined disposed:false
71 silly fetch manifest methods@~1.1.2
72 silly packumentCache full:https://registry.npmjs.org/methods cache-miss
73 http fetch GET 200 https://registry.npmjs.org/etag 999ms (cache miss)
74 silly packumentCache full:https://registry.npmjs.org/etag set size:undefined disposed:false
75 silly fetch manifest type-is@~1.6.18
76 silly packumentCache full:https://registry.npmjs.org/type-is cache-miss
77 http fetch GET 200 https://registry.npmjs.org/cookie 392ms (cache miss)
78 silly packumentCache full:https://registry.npmjs.org/cookie set size:undefined disposed:false
79 silly fetch manifest parseurl@~1.3.3
80 silly packumentCache full:https://registry.npmjs.org/parseurl cache-miss
81 http fetch GET 200 https://registry.npmjs.org/accepts 379ms (cache miss)
82 silly packumentCache full:https://registry.npmjs.org/accepts set size:undefined disposed:false
83 silly fetch manifest statuses@~2.0.1
84 silly packumentCache full:https://registry.npmjs.org/statuses cache-miss
85 http fetch GET 200 https://registry.npmjs.org/parseurl 202ms (cache miss)
86 silly packumentCache full:https://registry.npmjs.org/parseurl set size:undefined disposed:false
87 silly fetch manifest encodeurl@~2.0.0
88 silly packumentCache full:https://registry.npmjs.org/encodeurl cache-miss
89 http fetch GET 200 https://registry.npmjs.org/type-is 211ms (cache miss)
90 silly packumentCache full:https://registry.npmjs.org/type-is set size:undefined disposed:false
91 silly fetch manifest proxy-addr@~2.0.7
92 silly packumentCache full:https://registry.npmjs.org/proxy-addr cache-miss
93 http fetch GET 200 https://registry.npmjs.org/vary 1253ms (cache miss)
94 silly packumentCache full:https://registry.npmjs.org/vary set size:undefined disposed:false
95 silly fetch manifest body-parser@~1.20.5
96 silly packumentCache full:https://registry.npmjs.org/body-parser cache-miss
97 http fetch GET 200 https://registry.npmjs.org/send 1286ms (cache miss)
98 silly packumentCache full:https://registry.npmjs.org/send set size:undefined disposed:false
99 silly fetch manifest escape-html@~1.0.3
100 silly packumentCache full:https://registry.npmjs.org/escape-html cache-miss
101 http fetch GET 200 https://registry.npmjs.org/methods 404ms (cache miss)
102 silly packumentCache full:https://registry.npmjs.org/methods set size:undefined disposed:false
103 silly fetch manifest http-errors@~2.0.0
104 silly packumentCache full:https://registry.npmjs.org/http-errors cache-miss
105 http fetch GET 200 https://registry.npmjs.org/encodeurl 172ms (cache miss)
106 silly packumentCache full:https://registry.npmjs.org/encodeurl set size:undefined disposed:false
107 silly fetch manifest on-finished@~2.4.1
108 silly packumentCache full:https://registry.npmjs.org/on-finished cache-miss
109 http fetch GET 200 https://registry.npmjs.org/escape-html 188ms (cache miss)
110 silly packumentCache full:https://registry.npmjs.org/escape-html set size:undefined disposed:false
111 silly fetch manifest safe-buffer@5.2.1
112 silly packumentCache full:https://registry.npmjs.org/safe-buffer cache-miss
113 http fetch GET 200 https://registry.npmjs.org/http-errors 199ms (cache miss)
114 silly packumentCache full:https://registry.npmjs.org/http-errors set size:undefined disposed:false
115 silly fetch manifest utils-merge@1.0.1
116 silly packumentCache full:https://registry.npmjs.org/utils-merge cache-miss
117 http fetch GET 200 https://registry.npmjs.org/qs 1578ms (cache miss)
118 silly packumentCache full:https://registry.npmjs.org/qs set size:undefined disposed:false
119 silly fetch manifest content-type@~1.0.4
120 silly packumentCache full:https://registry.npmjs.org/content-type cache-miss
121 http fetch GET 200 https://registry.npmjs.org/body-parser 345ms (cache miss)
122 silly packumentCache full:https://registry.npmjs.org/body-parser set size:undefined disposed:false
123 silly fetch manifest finalhandler@~1.3.1
124 silly packumentCache full:https://registry.npmjs.org/finalhandler cache-miss
125 http fetch GET 200 https://registry.npmjs.org/statuses 532ms (cache miss)
126 silly packumentCache full:https://registry.npmjs.org/statuses set size:undefined disposed:false
127 silly fetch manifest range-parser@~1.2.1
128 silly packumentCache full:https://registry.npmjs.org/range-parser cache-miss
129 http fetch GET 200 https://registry.npmjs.org/proxy-addr 458ms (cache miss)
130 silly packumentCache full:https://registry.npmjs.org/proxy-addr set size:undefined disposed:false
131 silly fetch manifest serve-static@~1.16.2
132 silly packumentCache full:https://registry.npmjs.org/serve-static cache-miss
133 http fetch GET 200 https://registry.npmjs.org/on-finished 363ms (cache miss)
134 silly packumentCache full:https://registry.npmjs.org/on-finished set size:undefined disposed:false
135 silly fetch manifest array-flatten@1.1.1
136 silly packumentCache full:https://registry.npmjs.org/array-flatten cache-miss
137 http fetch GET 200 https://registry.npmjs.org/utils-merge 193ms (cache miss)
138 silly packumentCache full:https://registry.npmjs.org/utils-merge set size:undefined disposed:false
139 silly fetch manifest path-to-regexp@~0.1.12
140 silly packumentCache full:https://registry.npmjs.org/path-to-regexp cache-miss
141 http fetch GET 200 https://registry.npmjs.org/content-type 195ms (cache miss)
142 silly packumentCache full:https://registry.npmjs.org/content-type set size:undefined disposed:false
143 silly fetch manifest setprototypeof@1.2.0
144 silly packumentCache full:https://registry.npmjs.org/setprototypeof cache-miss
145 http fetch GET 200 https://registry.npmjs.org/finalhandler 182ms (cache miss)
146 silly packumentCache full:https://registry.npmjs.org/finalhandler set size:undefined disposed:false
147 silly fetch manifest cookie-signature@~1.0.6
148 silly packumentCache full:https://registry.npmjs.org/cookie-signature cache-miss
149 http fetch GET 200 https://registry.npmjs.org/range-parser 199ms (cache miss)
150 silly packumentCache full:https://registry.npmjs.org/range-parser set size:undefined disposed:false
151 silly fetch manifest merge-descriptors@1.0.3
152 silly packumentCache full:https://registry.npmjs.org/merge-descriptors cache-miss
153 http fetch GET 200 https://registry.npmjs.org/safe-buffer 466ms (cache miss)
154 silly packumentCache full:https://registry.npmjs.org/safe-buffer set size:undefined disposed:false
155 silly fetch manifest content-disposition@~0.5.4
156 silly packumentCache full:https://registry.npmjs.org/content-disposition cache-miss
157 http fetch GET 200 https://registry.npmjs.org/cookie-signature 174ms (cache miss)
158 silly packumentCache full:https://registry.npmjs.org/cookie-signature set size:undefined disposed:false
159 http fetch GET 200 https://registry.npmjs.org/setprototypeof 190ms (cache miss)
160 silly packumentCache full:https://registry.npmjs.org/setprototypeof set size:undefined disposed:false
161 http fetch GET 200 https://registry.npmjs.org/array-flatten 369ms (cache miss)
162 silly packumentCache full:https://registry.npmjs.org/array-flatten set size:undefined disposed:false
163 http fetch GET 200 https://registry.npmjs.org/path-to-regexp 374ms (cache miss)
164 silly packumentCache full:https://registry.npmjs.org/path-to-regexp set size:undefined disposed:false
165 http fetch GET 200 https://registry.npmjs.org/content-disposition 579ms (cache miss)
166 silly packumentCache full:https://registry.npmjs.org/content-disposition set size:undefined disposed:false
167 http fetch GET 200 https://registry.npmjs.org/merge-descriptors 804ms (cache miss)
168 silly packumentCache full:https://registry.npmjs.org/merge-descriptors set size:undefined disposed:false
169 http fetch GET 200 https://registry.npmjs.org/serve-static 2106ms (cache miss)
170 silly packumentCache full:https://registry.npmjs.org/serve-static set size:undefined disposed:false
171 silly placeDep ROOT object-assign@4.1.1 OK for: cors@2.8.6 want: ^4
172 silly placeDep ROOT vary@1.1.2 OK for: cors@2.8.6 want: ^1
173 silly placeDep ROOT accepts@1.3.8 OK for: express@4.22.2 want: ~1.3.8
174 silly placeDep ROOT array-flatten@1.1.1 OK for: express@4.22.2 want: 1.1.1
175 silly placeDep ROOT body-parser@1.20.5 OK for: express@4.22.2 want: ~1.20.5
176 silly placeDep ROOT content-disposition@0.5.4 OK for: express@4.22.2 want: ~0.5.4
177 silly placeDep ROOT content-type@1.0.5 OK for: express@4.22.2 want: ~1.0.4
178 silly placeDep ROOT cookie@0.7.2 OK for: express@4.22.2 want: ~0.7.1
179 silly placeDep ROOT cookie-signature@1.0.7 OK for: express@4.22.2 want: ~1.0.6
180 silly placeDep ROOT debug@2.6.9 OK for: express@4.22.2 want: 2.6.9
181 silly placeDep ROOT depd@2.0.0 OK for: express@4.22.2 want: 2.0.0
182 silly placeDep ROOT encodeurl@2.0.0 OK for: express@4.22.2 want: ~2.0.0
183 silly placeDep ROOT escape-html@1.0.3 OK for: express@4.22.2 want: ~1.0.3
184 silly placeDep ROOT etag@1.8.1 OK for: express@4.22.2 want: ~1.8.1
185 silly placeDep ROOT finalhandler@1.3.2 OK for: express@4.22.2 want: ~1.3.1
186 silly placeDep ROOT fresh@0.5.2 OK for: express@4.22.2 want: ~0.5.2
187 silly placeDep ROOT http-errors@2.0.1 OK for: express@4.22.2 want: ~2.0.0
188 silly placeDep ROOT merge-descriptors@1.0.3 OK for: express@4.22.2 want: 1.0.3
189 silly placeDep ROOT methods@1.1.2 OK for: express@4.22.2 want: ~1.1.2
190 silly placeDep ROOT on-finished@2.4.1 OK for: express@4.22.2 want: ~2.4.1
191 silly placeDep ROOT parseurl@1.3.3 OK for: express@4.22.2 want: ~1.3.3
192 silly placeDep ROOT path-to-regexp@0.1.13 OK for: express@4.22.2 want: ~0.1.12
193 silly placeDep ROOT proxy-addr@2.0.7 OK for: express@4.22.2 want: ~2.0.7
194 silly placeDep ROOT qs@6.15.2 OK for: express@4.22.2 want: ~6.15.1
195 silly placeDep ROOT range-parser@1.2.1 OK for: express@4.22.2 want: ~1.2.1
196 silly placeDep ROOT safe-buffer@5.2.1 OK for: express@4.22.2 want: 5.2.1
197 silly placeDep ROOT send@0.19.2 OK for: express@4.22.2 want: ~0.19.0
198 silly placeDep ROOT serve-static@1.16.3 OK for: express@4.22.2 want: ~1.16.2
199 silly placeDep ROOT setprototypeof@1.2.0 OK for: express@4.22.2 want: 1.2.0
200 silly placeDep ROOT statuses@2.0.2 OK for: express@4.22.2 want: ~2.0.1
201 silly placeDep ROOT type-is@1.6.18 OK for: express@4.22.2 want: ~1.6.18
202 silly placeDep ROOT utils-merge@1.0.1 OK for: express@4.22.2 want: 1.0.1
203 silly fetch manifest mime-types@~2.1.34
204 silly packumentCache full:https://registry.npmjs.org/mime-types cache-miss
205 silly fetch manifest negotiator@0.6.3
206 silly packumentCache full:https://registry.npmjs.org/negotiator cache-miss
207 silly fetch manifest bytes@~3.1.2
208 silly packumentCache full:https://registry.npmjs.org/bytes cache-miss
209 silly fetch manifest content-type@~1.0.5
210 silly packumentCache full:https://registry.npmjs.org/content-type cache-miss
211 silly fetch manifest destroy@~1.2.0
212 silly packumentCache full:https://registry.npmjs.org/destroy cache-miss
213 silly fetch manifest http-errors@~2.0.1
214 silly packumentCache full:https://registry.npmjs.org/http-errors cache-miss
215 silly fetch manifest iconv-lite@~0.4.24
216 silly packumentCache full:https://registry.npmjs.org/iconv-lite cache-miss
217 http cache https://registry.npmjs.org/http-errors 8ms (cache hit)
218 silly packumentCache full:https://registry.npmjs.org/http-errors set size:71987 disposed:false
219 silly fetch manifest raw-body@~2.5.3
220 silly packumentCache full:https://registry.npmjs.org/raw-body cache-miss
221 http cache https://registry.npmjs.org/content-type 9ms (cache hit)
222 silly packumentCache full:https://registry.npmjs.org/content-type set size:18994 disposed:false
223 silly fetch manifest unpipe@~1.0.0
224 silly packumentCache full:https://registry.npmjs.org/unpipe cache-miss
225 http fetch GET 200 https://registry.npmjs.org/negotiator 194ms (cache miss)
226 silly packumentCache full:https://registry.npmjs.org/negotiator set size:undefined disposed:false
227 silly fetch manifest ms@2.0.0
228 silly packumentCache full:https://registry.npmjs.org/ms cache-miss
229 http fetch GET 200 https://registry.npmjs.org/unpipe 257ms (cache miss)
230 silly packumentCache full:https://registry.npmjs.org/unpipe set size:undefined disposed:false
231 silly fetch manifest statuses@~2.0.2
232 silly packumentCache full:https://registry.npmjs.org/statuses cache-miss
233 http cache https://registry.npmjs.org/statuses 1ms (cache hit)
234 silly packumentCache full:https://registry.npmjs.org/statuses set size:37117 disposed:false
235 silly fetch manifest inherits@~2.0.4
236 silly packumentCache full:https://registry.npmjs.org/inherits cache-miss
237 http fetch GET 200 https://registry.npmjs.org/destroy 366ms (cache miss)
238 silly packumentCache full:https://registry.npmjs.org/destroy set size:undefined disposed:false
239 silly fetch manifest setprototypeof@~1.2.0
240 silly packumentCache full:https://registry.npmjs.org/setprototypeof cache-miss
241 http cache https://registry.npmjs.org/setprototypeof 1ms (cache hit)
242 silly packumentCache full:https://registry.npmjs.org/setprototypeof set size:14532 disposed:false
243 silly fetch manifest toidentifier@~1.0.1
244 silly packumentCache full:https://registry.npmjs.org/toidentifier cache-miss
245 http fetch GET 200 https://registry.npmjs.org/iconv-lite 371ms (cache miss)
246 silly packumentCache full:https://registry.npmjs.org/iconv-lite set size:undefined disposed:false
247 silly fetch manifest ee-first@1.1.1
248 silly packumentCache full:https://registry.npmjs.org/ee-first cache-miss
249 http fetch GET 200 https://registry.npmjs.org/mime-types 385ms (cache miss)
250 silly packumentCache full:https://registry.npmjs.org/mime-types set size:undefined disposed:false
251 silly fetch manifest forwarded@0.2.0
252 silly packumentCache full:https://registry.npmjs.org/forwarded cache-miss
253 http fetch GET 200 https://registry.npmjs.org/raw-body 445ms (cache miss)
254 silly packumentCache full:https://registry.npmjs.org/raw-body set size:undefined disposed:false
255 silly fetch manifest ipaddr.js@1.9.1
256 silly packumentCache full:https://registry.npmjs.org/ipaddr.js cache-miss
257 http fetch GET 200 https://registry.npmjs.org/forwarded 173ms (cache miss)
258 silly packumentCache full:https://registry.npmjs.org/forwarded set size:undefined disposed:false
259 silly fetch manifest side-channel@^1.1.0
260 silly packumentCache full:https://registry.npmjs.org/side-channel cache-miss
261 http fetch GET 200 https://registry.npmjs.org/ee-first 200ms (cache miss)
262 silly packumentCache full:https://registry.npmjs.org/ee-first set size:undefined disposed:false
263 silly fetch manifest ms@2.1.3
264 silly packumentCache full:https://registry.npmjs.org/ms cache-miss
265 http fetch GET 200 https://registry.npmjs.org/ms 396ms (cache miss)
266 silly packumentCache full:https://registry.npmjs.org/ms set size:undefined disposed:false
267 silly fetch manifest mime@1.6.0
268 silly packumentCache full:https://registry.npmjs.org/mime cache-miss
269 http fetch GET 200 https://registry.npmjs.org/toidentifier 375ms (cache miss)
270 silly packumentCache full:https://registry.npmjs.org/toidentifier set size:undefined disposed:false
271 silly fetch manifest destroy@1.2.0
272 silly packumentCache full:https://registry.npmjs.org/destroy cache-miss
273 http fetch GET 200 https://registry.npmjs.org/side-channel 185ms (cache miss)
274 silly packumentCache full:https://registry.npmjs.org/side-channel set size:undefined disposed:false
275 silly fetch manifest mime-types@~2.1.24
276 silly packumentCache full:https://registry.npmjs.org/mime-types cache-miss
277 http cache https://registry.npmjs.org/destroy 3ms (cache hit)
278 silly packumentCache full:https://registry.npmjs.org/destroy set size:15738 disposed:false
279 silly fetch manifest media-typer@0.3.0
280 silly packumentCache full:https://registry.npmjs.org/media-typer cache-miss
281 http cache https://registry.npmjs.org/mime-types 4ms (cache hit)
282 silly packumentCache full:https://registry.npmjs.org/mime-types set size:139110 disposed:false
283 http fetch GET 200 https://registry.npmjs.org/inherits 539ms (cache miss)
284 silly packumentCache full:https://registry.npmjs.org/inherits set size:undefined disposed:false
285 http fetch GET 200 https://registry.npmjs.org/bytes 982ms (cache miss)
286 silly packumentCache full:https://registry.npmjs.org/bytes set size:undefined disposed:false
287 http fetch GET 200 https://registry.npmjs.org/ms 501ms (cache miss)
288 silly packumentCache full:https://registry.npmjs.org/ms set size:undefined disposed:false
289 http fetch GET 200 https://registry.npmjs.org/mime 732ms (cache miss)
290 silly packumentCache full:https://registry.npmjs.org/mime set size:undefined disposed:false
291 http fetch GET 200 https://registry.npmjs.org/media-typer 699ms (cache miss)
292 silly packumentCache full:https://registry.npmjs.org/media-typer set size:undefined disposed:false
293 http fetch GET 200 https://registry.npmjs.org/ipaddr.js 1032ms (cache miss)
294 silly packumentCache full:https://registry.npmjs.org/ipaddr.js set size:undefined disposed:false
295 silly placeDep ROOT mime-types@2.1.35 OK for: accepts@1.3.8 want: ~2.1.34
296 silly placeDep ROOT negotiator@0.6.3 OK for: accepts@1.3.8 want: 0.6.3
297 silly fetch manifest mime-db@1.52.0
298 silly packumentCache full:https://registry.npmjs.org/mime-db cache-miss
299 http fetch GET 200 https://registry.npmjs.org/mime-db 505ms (cache miss)
300 silly packumentCache full:https://registry.npmjs.org/mime-db set size:undefined disposed:false
301 silly placeDep ROOT bytes@3.1.2 OK for: body-parser@1.20.5 want: ~3.1.2
302 silly placeDep ROOT destroy@1.2.0 OK for: body-parser@1.20.5 want: ~1.2.0
303 silly placeDep ROOT iconv-lite@0.4.24 OK for: body-parser@1.20.5 want: ~0.4.24
304 silly placeDep ROOT raw-body@2.5.3 OK for: body-parser@1.20.5 want: ~2.5.3
305 silly placeDep ROOT unpipe@1.0.0 OK for: body-parser@1.20.5 want: ~1.0.0
306 silly fetch manifest safer-buffer@>= 2.1.2 < 3
307 silly packumentCache full:https://registry.npmjs.org/safer-buffer cache-miss
308 http fetch GET 200 https://registry.npmjs.org/safer-buffer 461ms (cache miss)
309 silly packumentCache full:https://registry.npmjs.org/safer-buffer set size:undefined disposed:false
310 silly placeDep ROOT ms@2.0.0 OK for: debug@2.6.9 want: 2.0.0
311 silly placeDep ROOT inherits@2.0.4 OK for: http-errors@2.0.1 want: ~2.0.4
312 silly placeDep ROOT toidentifier@1.0.1 OK for: http-errors@2.0.1 want: ~1.0.1
313 silly placeDep ROOT safer-buffer@2.1.2 OK for: iconv-lite@0.4.24 want: >= 2.1.2 < 3
314 silly placeDep ROOT mime-db@1.52.0 OK for: mime-types@2.1.35 want: 1.52.0
315 silly placeDep ROOT ee-first@1.1.1 OK for: on-finished@2.4.1 want: 1.1.1
316 silly placeDep ROOT forwarded@0.2.0 OK for: proxy-addr@2.0.7 want: 0.2.0
317 silly placeDep ROOT ipaddr.js@1.9.1 OK for: proxy-addr@2.0.7 want: 1.9.1
318 silly placeDep ROOT side-channel@1.1.0 OK for: qs@6.15.2 want: ^1.1.0
319 silly fetch manifest es-errors@^1.3.0
320 silly packumentCache full:https://registry.npmjs.org/es-errors cache-miss
321 silly fetch manifest object-inspect@^1.13.3
322 silly packumentCache full:https://registry.npmjs.org/object-inspect cache-miss
323 silly fetch manifest side-channel-list@^1.0.0
324 silly packumentCache full:https://registry.npmjs.org/side-channel-list cache-miss
325 silly fetch manifest side-channel-map@^1.0.1
326 silly packumentCache full:https://registry.npmjs.org/side-channel-map cache-miss
327 silly fetch manifest side-channel-weakmap@^1.0.2
328 silly packumentCache full:https://registry.npmjs.org/side-channel-weakmap cache-miss
329 http fetch GET 200 https://registry.npmjs.org/side-channel-map 174ms (cache miss)
330 silly packumentCache full:https://registry.npmjs.org/side-channel-map set size:undefined disposed:false
331 http fetch GET 200 https://registry.npmjs.org/es-errors 190ms (cache miss)
332 silly packumentCache full:https://registry.npmjs.org/es-errors set size:undefined disposed:false
333 http fetch GET 200 https://registry.npmjs.org/side-channel-weakmap 231ms (cache miss)
334 silly packumentCache full:https://registry.npmjs.org/side-channel-weakmap set size:undefined disposed:false
335 http fetch GET 200 https://registry.npmjs.org/object-inspect 474ms (cache miss)
336 silly packumentCache full:https://registry.npmjs.org/object-inspect set size:undefined disposed:false
337 http fetch GET 200 https://registry.npmjs.org/side-channel-list 523ms (cache miss)
338 silly packumentCache full:https://registry.npmjs.org/side-channel-list set size:undefined disposed:false
339 silly placeDep ROOT mime@1.6.0 OK for: send@0.19.2 want: 1.6.0
340 silly placeDep node_modules/send ms@2.1.3 OK for: send@0.19.2 want: 2.1.3
341 silly placeDep ROOT es-errors@1.3.0 OK for: side-channel@1.1.0 want: ^1.3.0
342 silly placeDep ROOT object-inspect@1.13.4 OK for: side-channel@1.1.0 want: ^1.13.3
343 silly placeDep ROOT side-channel-list@1.0.1 OK for: side-channel@1.1.0 want: ^1.0.0
344 silly placeDep ROOT side-channel-map@1.0.1 OK for: side-channel@1.1.0 want: ^1.0.1
345 silly placeDep ROOT side-channel-weakmap@1.0.2 OK for: side-channel@1.1.0 want: ^1.0.2
346 silly fetch manifest call-bound@^1.0.2
347 silly packumentCache full:https://registry.npmjs.org/call-bound cache-miss
348 silly fetch manifest get-intrinsic@^1.2.5
349 silly packumentCache full:https://registry.npmjs.org/get-intrinsic cache-miss
350 silly fetch manifest call-bound@^1.0.2
351 silly packumentCache full:https://registry.npmjs.org/call-bound cache-miss
352 silly fetch manifest get-intrinsic@^1.2.5
353 silly packumentCache full:https://registry.npmjs.org/get-intrinsic cache-miss
354 http fetch GET 200 https://registry.npmjs.org/call-bound 186ms (cache miss)
355 silly packumentCache full:https://registry.npmjs.org/call-bound set size:undefined disposed:false
356 http fetch GET 200 https://registry.npmjs.org/call-bound 198ms (cache miss)
357 silly packumentCache full:https://registry.npmjs.org/call-bound set size:undefined disposed:false
358 http fetch GET 200 https://registry.npmjs.org/get-intrinsic 410ms (cache miss)
359 silly packumentCache full:https://registry.npmjs.org/get-intrinsic set size:undefined disposed:false
360 http fetch GET 200 https://registry.npmjs.org/get-intrinsic 1388ms (cache miss)
361 silly packumentCache full:https://registry.npmjs.org/get-intrinsic set size:undefined disposed:false
362 silly placeDep ROOT call-bound@1.0.4 OK for: side-channel-map@1.0.1 want: ^1.0.2
363 silly placeDep ROOT get-intrinsic@1.3.0 OK for: side-channel-map@1.0.1 want: ^1.2.5
364 silly fetch manifest call-bind-apply-helpers@^1.0.2
365 silly packumentCache full:https://registry.npmjs.org/call-bind-apply-helpers cache-miss
366 silly fetch manifest get-intrinsic@^1.3.0
367 silly packumentCache full:https://registry.npmjs.org/get-intrinsic cache-miss
368 silly fetch manifest gopd@^1.2.0
369 silly packumentCache full:https://registry.npmjs.org/gopd cache-miss
370 silly fetch manifest hasown@^2.0.2
371 silly packumentCache full:https://registry.npmjs.org/hasown cache-miss
372 silly fetch manifest get-proto@^1.0.1
373 silly packumentCache full:https://registry.npmjs.org/get-proto cache-miss
374 silly fetch manifest has-symbols@^1.1.0
375 silly packumentCache full:https://registry.npmjs.org/has-symbols cache-miss
376 silly fetch manifest function-bind@^1.1.2
377 silly packumentCache full:https://registry.npmjs.org/function-bind cache-miss
378 http cache https://registry.npmjs.org/get-intrinsic 4ms (cache hit)
379 silly packumentCache full:https://registry.npmjs.org/get-intrinsic set size:60985 disposed:false
380 silly fetch manifest es-object-atoms@^1.1.1
381 silly packumentCache full:https://registry.npmjs.org/es-object-atoms cache-miss
382 http fetch GET 200 https://registry.npmjs.org/function-bind 186ms (cache miss)
383 silly packumentCache full:https://registry.npmjs.org/function-bind set size:undefined disposed:false
384 silly fetch manifest math-intrinsics@^1.1.0
385 silly packumentCache full:https://registry.npmjs.org/math-intrinsics cache-miss
386 http fetch GET 200 https://registry.npmjs.org/gopd 203ms (cache miss)
387 silly packumentCache full:https://registry.npmjs.org/gopd set size:undefined disposed:false
388 silly fetch manifest es-define-property@^1.0.1
389 silly packumentCache full:https://registry.npmjs.org/es-define-property cache-miss
390 http fetch GET 200 https://registry.npmjs.org/has-symbols 214ms (cache miss)
391 silly packumentCache full:https://registry.npmjs.org/has-symbols set size:undefined disposed:false
392 silly fetch manifest call-bind-apply-helpers@^1.0.2
393 silly packumentCache full:https://registry.npmjs.org/call-bind-apply-helpers cache-miss
394 http fetch GET 200 https://registry.npmjs.org/call-bind-apply-helpers 225ms (cache miss)
395 silly packumentCache full:https://registry.npmjs.org/call-bind-apply-helpers set size:undefined disposed:false
396 http fetch GET 200 https://registry.npmjs.org/get-proto 367ms (cache miss)
397 silly packumentCache full:https://registry.npmjs.org/get-proto set size:undefined disposed:false
398 http fetch GET 200 https://registry.npmjs.org/math-intrinsics 187ms (cache miss)
399 silly packumentCache full:https://registry.npmjs.org/math-intrinsics set size:undefined disposed:false
400 http fetch GET 200 https://registry.npmjs.org/call-bind-apply-helpers 187ms (cache miss)
401 silly packumentCache full:https://registry.npmjs.org/call-bind-apply-helpers set size:undefined disposed:false
402 http fetch GET 200 https://registry.npmjs.org/es-object-atoms 399ms (cache miss)
403 silly packumentCache full:https://registry.npmjs.org/es-object-atoms set size:undefined disposed:false
404 http fetch GET 200 https://registry.npmjs.org/hasown 494ms (cache miss)
405 silly packumentCache full:https://registry.npmjs.org/hasown set size:undefined disposed:false
406 http fetch GET 200 https://registry.npmjs.org/es-define-property 693ms (cache miss)
407 silly packumentCache full:https://registry.npmjs.org/es-define-property set size:undefined disposed:false
408 silly placeDep ROOT call-bind-apply-helpers@1.0.2 OK for: call-bound@1.0.4 want: ^1.0.2
409 silly placeDep ROOT function-bind@1.1.2 OK for: call-bind-apply-helpers@1.0.2 want: ^1.1.2
410 silly placeDep ROOT es-define-property@1.0.1 OK for: get-intrinsic@1.3.0 want: ^1.0.1
411 silly placeDep ROOT es-object-atoms@1.1.2 OK for: get-intrinsic@1.3.0 want: ^1.1.1
412 silly placeDep ROOT get-proto@1.0.1 OK for: get-intrinsic@1.3.0 want: ^1.0.1
413 silly placeDep ROOT gopd@1.2.0 OK for: get-intrinsic@1.3.0 want: ^1.2.0
414 silly placeDep ROOT has-symbols@1.1.0 OK for: get-intrinsic@1.3.0 want: ^1.1.0
415 silly placeDep ROOT hasown@2.0.3 OK for: get-intrinsic@1.3.0 want: ^2.0.2
416 silly placeDep ROOT math-intrinsics@1.1.0 OK for: get-intrinsic@1.3.0 want: ^1.1.0
417 silly fetch manifest dunder-proto@^1.0.1
418 silly packumentCache full:https://registry.npmjs.org/dunder-proto cache-miss
419 http fetch GET 200 https://registry.npmjs.org/dunder-proto 936ms (cache miss)
420 silly packumentCache full:https://registry.npmjs.org/dunder-proto set size:undefined disposed:false
421 silly placeDep ROOT dunder-proto@1.0.1 OK for: get-proto@1.0.1 want: ^1.0.1
422 silly placeDep ROOT media-typer@0.3.0 OK for: type-is@1.6.18 want: 0.3.0
423 silly reify moves {}
424 silly audit bulk request {
424 silly audit   cors: [ '2.8.6' ],
424 silly audit   express: [ '4.22.2' ],
424 silly audit   ws: [ '8.21.0' ],
424 silly audit   'object-assign': [ '4.1.1' ],
424 silly audit   vary: [ '1.1.2' ],
424 silly audit   accepts: [ '1.3.8' ],
424 silly audit   'array-flatten': [ '1.1.1' ],
424 silly audit   'body-parser': [ '1.20.5' ],
424 silly audit   'content-disposition': [ '0.5.4' ],
424 silly audit   'content-type': [ '1.0.5' ],
424 silly audit   cookie: [ '0.7.2' ],
424 silly audit   'cookie-signature': [ '1.0.7' ],
424 silly audit   debug: [ '2.6.9' ],
424 silly audit   depd: [ '2.0.0' ],
424 silly audit   encodeurl: [ '2.0.0' ],
424 silly audit   'escape-html': [ '1.0.3' ],
424 silly audit   etag: [ '1.8.1' ],
424 silly audit   finalhandler: [ '1.3.2' ],
424 silly audit   fresh: [ '0.5.2' ],
424 silly audit   'http-errors': [ '2.0.1' ],
424 silly audit   'merge-descriptors': [ '1.0.3' ],
424 silly audit   methods: [ '1.1.2' ],
424 silly audit   'on-finished': [ '2.4.1' ],
424 silly audit   parseurl: [ '1.3.3' ],
424 silly audit   'path-to-regexp': [ '0.1.13' ],
424 silly audit   'proxy-addr': [ '2.0.7' ],
424 silly audit   qs: [ '6.15.2' ],
424 silly audit   'range-parser': [ '1.2.1' ],
424 silly audit   'safe-buffer': [ '5.2.1' ],
424 silly audit   send: [ '0.19.2' ],
424 silly audit   'serve-static': [ '1.16.3' ],
424 silly audit   setprototypeof: [ '1.2.0' ],
424 silly audit   statuses: [ '2.0.2' ],
424 silly audit   'type-is': [ '1.6.18' ],
424 silly audit   'utils-merge': [ '1.0.1' ],
424 silly audit   'mime-types': [ '2.1.35' ],
424 silly audit   negotiator: [ '0.6.3' ],
424 silly audit   bytes: [ '3.1.2' ],
424 silly audit   destroy: [ '1.2.0' ],
424 silly audit   'iconv-lite': [ '0.4.24' ],
424 silly audit   'raw-body': [ '2.5.3' ],
424 silly audit   unpipe: [ '1.0.0' ],
424 silly audit   ms: [ '2.0.0', '2.1.3' ],
424 silly audit   inherits: [ '2.0.4' ],
424 silly audit   toidentifier: [ '1.0.1' ],
424 silly audit   'safer-buffer': [ '2.1.2' ],
424 silly audit   'mime-db': [ '1.52.0' ],
424 silly audit   'ee-first': [ '1.1.1' ],
424 silly audit   forwarded: [ '0.2.0' ],
424 silly audit   'ipaddr.js': [ '1.9.1' ],
424 silly audit   'side-channel': [ '1.1.0' ],
424 silly audit   mime: [ '1.6.0' ],
424 silly audit   'es-errors': [ '1.3.0' ],
424 silly audit   'object-inspect': [ '1.13.4' ],
424 silly audit   'side-channel-list': [ '1.0.1' ],
424 silly audit   'side-channel-map': [ '1.0.1' ],
424 silly audit   'side-channel-weakmap': [ '1.0.2' ],
424 silly audit   'call-bound': [ '1.0.4' ],
424 silly audit   'get-intrinsic': [ '1.3.0' ],
424 silly audit   'call-bind-apply-helpers': [ '1.0.2' ],
424 silly audit   'function-bind': [ '1.1.2' ],
424 silly audit   'es-define-property': [ '1.0.1' ],
424 silly audit   'es-object-atoms': [ '1.1.2' ],
424 silly audit   'get-proto': [ '1.0.1' ],
424 silly audit   gopd: [ '1.2.0' ],
424 silly audit   'has-symbols': [ '1.1.0' ],
424 silly audit   hasown: [ '2.0.3' ],
424 silly audit   'math-intrinsics': [ '1.1.0' ],
424 silly audit   'dunder-proto': [ '1.0.1' ],
424 silly audit   'media-typer': [ '0.3.0' ]
424 silly audit }
425 http cache media-typer@https://registry.npmjs.org/media-typer/-/media-typer-0.3.0.tgz 0ms (cache hit)
426 http cache math-intrinsics@https://registry.npmjs.org/math-intrinsics/-/math-intrinsics-1.1.0.tgz 0ms (cache hit)
427 http cache hasown@https://registry.npmjs.org/hasown/-/hasown-2.0.3.tgz 0ms (cache hit)
428 http cache has-symbols@https://registry.npmjs.org/has-symbols/-/has-symbols-1.1.0.tgz 0ms (cache hit)
429 http cache dunder-proto@https://registry.npmjs.org/dunder-proto/-/dunder-proto-1.0.1.tgz 0ms (cache hit)
430 http cache get-proto@https://registry.npmjs.org/get-proto/-/get-proto-1.0.1.tgz 0ms (cache hit)
431 http cache gopd@https://registry.npmjs.org/gopd/-/gopd-1.2.0.tgz 0ms (cache hit)
432 http cache function-bind@https://registry.npmjs.org/function-bind/-/function-bind-1.1.2.tgz 0ms (cache hit)
433 http cache es-object-atoms@https://registry.npmjs.org/es-object-atoms/-/es-object-atoms-1.1.2.tgz 0ms (cache hit)
434 http cache es-define-property@https://registry.npmjs.org/es-define-property/-/es-define-property-1.0.1.tgz 0ms (cache hit)
435 http cache call-bind-apply-helpers@https://registry.npmjs.org/call-bind-apply-helpers/-/call-bind-apply-helpers-1.0.2.tgz 0ms (cache hit)
436 http cache get-intrinsic@https://registry.npmjs.org/get-intrinsic/-/get-intrinsic-1.3.0.tgz 0ms (cache hit)
437 http cache side-channel-weakmap@https://registry.npmjs.org/side-channel-weakmap/-/side-channel-weakmap-1.0.2.tgz 0ms (cache hit)
438 http cache side-channel-map@https://registry.npmjs.org/side-channel-map/-/side-channel-map-1.0.1.tgz 0ms (cache hit)
439 http cache side-channel-list@https://registry.npmjs.org/side-channel-list/-/side-channel-list-1.0.1.tgz 0ms (cache hit)
440 http cache call-bound@https://registry.npmjs.org/call-bound/-/call-bound-1.0.4.tgz 0ms (cache hit)
441 http cache es-errors@https://registry.npmjs.org/es-errors/-/es-errors-1.3.0.tgz 0ms (cache hit)
442 http cache object-inspect@https://registry.npmjs.org/object-inspect/-/object-inspect-1.13.4.tgz 0ms (cache hit)
443 http cache side-channel@https://registry.npmjs.org/side-channel/-/side-channel-1.1.0.tgz 0ms (cache hit)
444 http cache mime@https://registry.npmjs.org/mime/-/mime-1.6.0.tgz 0ms (cache hit)
445 http cache ipaddr.js@https://registry.npmjs.org/ipaddr.js/-/ipaddr.js-1.9.1.tgz 0ms (cache hit)
446 http cache forwarded@https://registry.npmjs.org/forwarded/-/forwarded-0.2.0.tgz 0ms (cache hit)
447 http cache ee-first@https://registry.npmjs.org/ee-first/-/ee-first-1.1.1.tgz 0ms (cache hit)
448 http cache mime-db@https://registry.npmjs.org/mime-db/-/mime-db-1.52.0.tgz 0ms (cache hit)
449 http cache safer-buffer@https://registry.npmjs.org/safer-buffer/-/safer-buffer-2.1.2.tgz 0ms (cache hit)
450 http cache toidentifier@https://registry.npmjs.org/toidentifier/-/toidentifier-1.0.1.tgz 0ms (cache hit)
451 http cache inherits@https://registry.npmjs.org/inherits/-/inherits-2.0.4.tgz 0ms (cache hit)
452 http cache ms@https://registry.npmjs.org/ms/-/ms-2.0.0.tgz 0ms (cache hit)
453 http cache raw-body@https://registry.npmjs.org/raw-body/-/raw-body-2.5.3.tgz 0ms (cache hit)
454 http cache unpipe@https://registry.npmjs.org/unpipe/-/unpipe-1.0.0.tgz 0ms (cache hit)
455 http cache iconv-lite@https://registry.npmjs.org/iconv-lite/-/iconv-lite-0.4.24.tgz 0ms (cache hit)
456 http cache destroy@https://registry.npmjs.org/destroy/-/destroy-1.2.0.tgz 0ms (cache hit)
457 http cache bytes@https://registry.npmjs.org/bytes/-/bytes-3.1.2.tgz 0ms (cache hit)
458 http cache mime-types@https://registry.npmjs.org/mime-types/-/mime-types-2.1.35.tgz 0ms (cache hit)
459 http cache utils-merge@https://registry.npmjs.org/utils-merge/-/utils-merge-1.0.1.tgz 0ms (cache hit)
460 http cache type-is@https://registry.npmjs.org/type-is/-/type-is-1.6.18.tgz 0ms (cache hit)
461 http cache statuses@https://registry.npmjs.org/statuses/-/statuses-2.0.2.tgz 0ms (cache hit)
462 http cache setprototypeof@https://registry.npmjs.org/setprototypeof/-/setprototypeof-1.2.0.tgz 0ms (cache hit)
463 http cache serve-static@https://registry.npmjs.org/serve-static/-/serve-static-1.16.3.tgz 0ms (cache hit)
464 http cache send@https://registry.npmjs.org/send/-/send-0.19.2.tgz 0ms (cache hit)
465 http cache safe-buffer@https://registry.npmjs.org/safe-buffer/-/safe-buffer-5.2.1.tgz 0ms (cache hit)
466 http cache range-parser@https://registry.npmjs.org/range-parser/-/range-parser-1.2.1.tgz 0ms (cache hit)
467 http cache qs@https://registry.npmjs.org/qs/-/qs-6.15.2.tgz 0ms (cache hit)
468 http cache proxy-addr@https://registry.npmjs.org/proxy-addr/-/proxy-addr-2.0.7.tgz 0ms (cache hit)
469 http cache path-to-regexp@https://registry.npmjs.org/path-to-regexp/-/path-to-regexp-0.1.13.tgz 0ms (cache hit)
470 http cache parseurl@https://registry.npmjs.org/parseurl/-/parseurl-1.3.3.tgz 0ms (cache hit)
471 http cache negotiator@https://registry.npmjs.org/negotiator/-/negotiator-0.6.3.tgz 0ms (cache hit)
472 http cache methods@https://registry.npmjs.org/methods/-/methods-1.1.2.tgz 0ms (cache hit)
473 http cache merge-descriptors@https://registry.npmjs.org/merge-descriptors/-/merge-descriptors-1.0.3.tgz 0ms (cache hit)
474 http cache http-errors@https://registry.npmjs.org/http-errors/-/http-errors-2.0.1.tgz 0ms (cache hit)
475 http cache fresh@https://registry.npmjs.org/fresh/-/fresh-0.5.2.tgz 0ms (cache hit)
476 http cache finalhandler@https://registry.npmjs.org/finalhandler/-/finalhandler-1.3.2.tgz 0ms (cache hit)
477 http cache etag@https://registry.npmjs.org/etag/-/etag-1.8.1.tgz 0ms (cache hit)
478 http cache escape-html@https://registry.npmjs.org/escape-html/-/escape-html-1.0.3.tgz 0ms (cache hit)
479 http cache encodeurl@https://registry.npmjs.org/encodeurl/-/encodeurl-2.0.0.tgz 0ms (cache hit)
480 http cache depd@https://registry.npmjs.org/depd/-/depd-2.0.0.tgz 0ms (cache hit)
481 http cache debug@https://registry.npmjs.org/debug/-/debug-2.6.9.tgz 0ms (cache hit)
482 http cache cookie-signature@https://registry.npmjs.org/cookie-signature/-/cookie-signature-1.0.7.tgz 0ms (cache hit)
483 http cache cookie@https://registry.npmjs.org/cookie/-/cookie-0.7.2.tgz 0ms (cache hit)
484 http cache content-type@https://registry.npmjs.org/content-type/-/content-type-1.0.5.tgz 0ms (cache hit)
485 http cache content-disposition@https://registry.npmjs.org/content-disposition/-/content-disposition-0.5.4.tgz 0ms (cache hit)
486 http cache body-parser@https://registry.npmjs.org/body-parser/-/body-parser-1.20.5.tgz 0ms (cache hit)
487 http cache array-flatten@https://registry.npmjs.org/array-flatten/-/array-flatten-1.1.1.tgz 0ms (cache hit)
488 http cache accepts@https://registry.npmjs.org/accepts/-/accepts-1.3.8.tgz 0ms (cache hit)
489 http cache vary@https://registry.npmjs.org/vary/-/vary-1.1.2.tgz 0ms (cache hit)
490 http cache object-assign@https://registry.npmjs.org/object-assign/-/object-assign-4.1.1.tgz 0ms (cache hit)
491 http cache ws@https://registry.npmjs.org/ws/-/ws-8.21.0.tgz 0ms (cache hit)
492 http cache express@https://registry.npmjs.org/express/-/express-4.22.2.tgz 0ms (cache hit)
493 http cache cors@https://registry.npmjs.org/cors/-/cors-2.8.6.tgz 0ms (cache hit)
494 http cache ms@https://registry.npmjs.org/ms/-/ms-2.1.3.tgz 0ms (cache hit)
495 silly tarball no local data for media-typer@https://registry.npmjs.org/media-typer/-/media-typer-0.3.0.tgz. Extracting by manifest.
496 silly tarball no local data for math-intrinsics@https://registry.npmjs.org/math-intrinsics/-/math-intrinsics-1.1.0.tgz. Extracting by manifest.
497 silly tarball no local data for hasown@https://registry.npmjs.org/hasown/-/hasown-2.0.3.tgz. Extracting by manifest.
498 http cache on-finished@https://registry.npmjs.org/on-finished/-/on-finished-2.4.1.tgz 0ms (cache hit)
499 silly tarball no local data for has-symbols@https://registry.npmjs.org/has-symbols/-/has-symbols-1.1.0.tgz. Extracting by manifest.
500 silly tarball no local data for dunder-proto@https://registry.npmjs.org/dunder-proto/-/dunder-proto-1.0.1.tgz. Extracting by manifest.
501 silly tarball no local data for get-proto@https://registry.npmjs.org/get-proto/-/get-proto-1.0.1.tgz. Extracting by manifest.
502 silly tarball no local data for gopd@https://registry.npmjs.org/gopd/-/gopd-1.2.0.tgz. Extracting by manifest.
503 silly tarball no local data for function-bind@https://registry.npmjs.org/function-bind/-/function-bind-1.1.2.tgz. Extracting by manifest.
504 silly tarball no local data for es-object-atoms@https://registry.npmjs.org/es-object-atoms/-/es-object-atoms-1.1.2.tgz. Extracting by manifest.
505 silly tarball no local data for es-define-property@https://registry.npmjs.org/es-define-property/-/es-define-property-1.0.1.tgz. Extracting by manifest.
506 silly tarball no local data for call-bind-apply-helpers@https://registry.npmjs.org/call-bind-apply-helpers/-/call-bind-apply-helpers-1.0.2.tgz. Extracting by manifest.
507 silly tarball no local data for get-intrinsic@https://registry.npmjs.org/get-intrinsic/-/get-intrinsic-1.3.0.tgz. Extracting by manifest.
508 silly tarball no local data for side-channel-weakmap@https://registry.npmjs.org/side-channel-weakmap/-/side-channel-weakmap-1.0.2.tgz. Extracting by manifest.
509 silly tarball no local data for side-channel-map@https://registry.npmjs.org/side-channel-map/-/side-channel-map-1.0.1.tgz. Extracting by manifest.
510 silly tarball no local data for side-channel-list@https://registry.npmjs.org/side-channel-list/-/side-channel-list-1.0.1.tgz. Extracting by manifest.
511 silly tarball no local data for call-bound@https://registry.npmjs.org/call-bound/-/call-bound-1.0.4.tgz. Extracting by manifest.
512 silly tarball no local data for es-errors@https://registry.npmjs.org/es-errors/-/es-errors-1.3.0.tgz. Extracting by manifest.
513 silly tarball no local data for object-inspect@https://registry.npmjs.org/object-inspect/-/object-inspect-1.13.4.tgz. Extracting by manifest.
514 silly tarball no local data for side-channel@https://registry.npmjs.org/side-channel/-/side-channel-1.1.0.tgz. Extracting by manifest.
515 silly tarball no local data for mime@https://registry.npmjs.org/mime/-/mime-1.6.0.tgz. Extracting by manifest.
516 silly tarball no local data for ipaddr.js@https://registry.npmjs.org/ipaddr.js/-/ipaddr.js-1.9.1.tgz. Extracting by manifest.
517 silly tarball no local data for forwarded@https://registry.npmjs.org/forwarded/-/forwarded-0.2.0.tgz. Extracting by manifest.
518 silly tarball no local data for ee-first@https://registry.npmjs.org/ee-first/-/ee-first-1.1.1.tgz. Extracting by manifest.
519 silly tarball no local data for mime-db@https://registry.npmjs.org/mime-db/-/mime-db-1.52.0.tgz. Extracting by manifest.
520 silly tarball no local data for safer-buffer@https://registry.npmjs.org/safer-buffer/-/safer-buffer-2.1.2.tgz. Extracting by manifest.
521 silly tarball no local data for toidentifier@https://registry.npmjs.org/toidentifier/-/toidentifier-1.0.1.tgz. Extracting by manifest.
522 silly tarball no local data for ms@https://registry.npmjs.org/ms/-/ms-2.0.0.tgz. Extracting by manifest.
523 silly tarball no local data for raw-body@https://registry.npmjs.org/raw-body/-/raw-body-2.5.3.tgz. Extracting by manifest.
524 silly tarball no local data for unpipe@https://registry.npmjs.org/unpipe/-/unpipe-1.0.0.tgz. Extracting by manifest.
525 silly tarball no local data for iconv-lite@https://registry.npmjs.org/iconv-lite/-/iconv-lite-0.4.24.tgz. Extracting by manifest.
526 silly tarball no local data for inherits@https://registry.npmjs.org/inherits/-/inherits-2.0.4.tgz. Extracting by manifest.
527 silly tarball no local data for destroy@https://registry.npmjs.org/destroy/-/destroy-1.2.0.tgz. Extracting by manifest.
528 silly tarball no local data for bytes@https://registry.npmjs.org/bytes/-/bytes-3.1.2.tgz. Extracting by manifest.
529 silly tarball no local data for mime-types@https://registry.npmjs.org/mime-types/-/mime-types-2.1.35.tgz. Extracting by manifest.
530 silly tarball no local data for utils-merge@https://registry.npmjs.org/utils-merge/-/utils-merge-1.0.1.tgz. Extracting by manifest.
531 silly tarball no local data for type-is@https://registry.npmjs.org/type-is/-/type-is-1.6.18.tgz. Extracting by manifest.
532 silly tarball no local data for statuses@https://registry.npmjs.org/statuses/-/statuses-2.0.2.tgz. Extracting by manifest.
533 silly tarball no local data for setprototypeof@https://registry.npmjs.org/setprototypeof/-/setprototypeof-1.2.0.tgz. Extracting by manifest.
534 silly tarball no local data for serve-static@https://registry.npmjs.org/serve-static/-/serve-static-1.16.3.tgz. Extracting by manifest.
535 silly tarball no local data for send@https://registry.npmjs.org/send/-/send-0.19.2.tgz. Extracting by manifest.
536 silly tarball no local data for safe-buffer@https://registry.npmjs.org/safe-buffer/-/safe-buffer-5.2.1.tgz. Extracting by manifest.
537 silly tarball no local data for range-parser@https://registry.npmjs.org/range-parser/-/range-parser-1.2.1.tgz. Extracting by manifest.
538 silly tarball no local data for qs@https://registry.npmjs.org/qs/-/qs-6.15.2.tgz. Extracting by manifest.
539 silly tarball no local data for proxy-addr@https://registry.npmjs.org/proxy-addr/-/proxy-addr-2.0.7.tgz. Extracting by manifest.
540 silly tarball no local data for path-to-regexp@https://registry.npmjs.org/path-to-regexp/-/path-to-regexp-0.1.13.tgz. Extracting by manifest.
541 silly tarball no local data for parseurl@https://registry.npmjs.org/parseurl/-/parseurl-1.3.3.tgz. Extracting by manifest.
542 silly tarball no local data for negotiator@https://registry.npmjs.org/negotiator/-/negotiator-0.6.3.tgz. Extracting by manifest.
543 silly tarball no local data for methods@https://registry.npmjs.org/methods/-/methods-1.1.2.tgz. Extracting by manifest.
544 silly tarball no local data for merge-descriptors@https://registry.npmjs.org/merge-descriptors/-/merge-descriptors-1.0.3.tgz. Extracting by manifest.
545 silly tarball no local data for http-errors@https://registry.npmjs.org/http-errors/-/http-errors-2.0.1.tgz. Extracting by manifest.
546 silly tarball no local data for fresh@https://registry.npmjs.org/fresh/-/fresh-0.5.2.tgz. Extracting by manifest.
547 silly tarball no local data for finalhandler@https://registry.npmjs.org/finalhandler/-/finalhandler-1.3.2.tgz. Extracting by manifest.
548 silly tarball no local data for etag@https://registry.npmjs.org/etag/-/etag-1.8.1.tgz. Extracting by manifest.
549 silly tarball no local data for escape-html@https://registry.npmjs.org/escape-html/-/escape-html-1.0.3.tgz. Extracting by manifest.
550 silly tarball no local data for encodeurl@https://registry.npmjs.org/encodeurl/-/encodeurl-2.0.0.tgz. Extracting by manifest.
551 silly tarball no local data for depd@https://registry.npmjs.org/depd/-/depd-2.0.0.tgz. Extracting by manifest.
552 silly tarball no local data for debug@https://registry.npmjs.org/debug/-/debug-2.6.9.tgz. Extracting by manifest.
553 silly tarball no local data for cookie-signature@https://registry.npmjs.org/cookie-signature/-/cookie-signature-1.0.7.tgz. Extracting by manifest.
554 silly tarball no local data for cookie@https://registry.npmjs.org/cookie/-/cookie-0.7.2.tgz. Extracting by manifest.
555 silly tarball no local data for content-type@https://registry.npmjs.org/content-type/-/content-type-1.0.5.tgz. Extracting by manifest.
556 silly tarball no local data for content-disposition@https://registry.npmjs.org/content-disposition/-/content-disposition-0.5.4.tgz. Extracting by manifest.
557 silly tarball no local data for body-parser@https://registry.npmjs.org/body-parser/-/body-parser-1.20.5.tgz. Extracting by manifest.
558 silly tarball no local data for array-flatten@https://registry.npmjs.org/array-flatten/-/array-flatten-1.1.1.tgz. Extracting by manifest.
559 silly tarball no local data for accepts@https://registry.npmjs.org/accepts/-/accepts-1.3.8.tgz. Extracting by manifest.
560 silly tarball no local data for vary@https://registry.npmjs.org/vary/-/vary-1.1.2.tgz. Extracting by manifest.
561 silly tarball no local data for object-assign@https://registry.npmjs.org/object-assign/-/object-assign-4.1.1.tgz. Extracting by manifest.
562 silly tarball no local data for ws@https://registry.npmjs.org/ws/-/ws-8.21.0.tgz. Extracting by manifest.
563 silly tarball no local data for express@https://registry.npmjs.org/express/-/express-4.22.2.tgz. Extracting by manifest.
564 silly tarball no local data for cors@https://registry.npmjs.org/cors/-/cors-2.8.6.tgz. Extracting by manifest.
565 silly tarball no local data for ms@https://registry.npmjs.org/ms/-/ms-2.1.3.tgz. Extracting by manifest.
566 silly tarball no local data for on-finished@https://registry.npmjs.org/on-finished/-/on-finished-2.4.1.tgz. Extracting by manifest.
567 http fetch POST 200 https://registry.npmjs.org/-/npm/v1/security/advisories/bulk 238ms
568 silly audit report {}
569 http fetch GET 200 https://registry.npmjs.org/media-typer/-/media-typer-0.3.0.tgz 291ms (cache miss)
570 http fetch GET 200 https://registry.npmjs.org/math-intrinsics/-/math-intrinsics-1.1.0.tgz 298ms (cache miss)
571 http fetch GET 200 https://registry.npmjs.org/dunder-proto/-/dunder-proto-1.0.1.tgz 302ms (cache miss)
572 http fetch GET 200 https://registry.npmjs.org/hasown/-/hasown-2.0.3.tgz 442ms (cache miss)
573 http fetch GET 200 https://registry.npmjs.org/es-object-atoms/-/es-object-atoms-1.1.2.tgz 675ms (cache miss)
574 http fetch GET 200 https://registry.npmjs.org/function-bind/-/function-bind-1.1.2.tgz 681ms (cache miss)
575 http fetch GET 200 https://registry.npmjs.org/object-inspect/-/object-inspect-1.13.4.tgz 680ms (cache miss)
576 http fetch GET 200 https://registry.npmjs.org/call-bind-apply-helpers/-/call-bind-apply-helpers-1.0.2.tgz 696ms (cache miss)
577 http fetch GET 200 https://registry.npmjs.org/call-bound/-/call-bound-1.0.4.tgz 700ms (cache miss)
578 http fetch GET 200 https://registry.npmjs.org/es-define-property/-/es-define-property-1.0.1.tgz 705ms (cache miss)
579 http fetch GET 200 https://registry.npmjs.org/get-intrinsic/-/get-intrinsic-1.3.0.tgz 726ms (cache miss)
580 http fetch GET 200 https://registry.npmjs.org/has-symbols/-/has-symbols-1.1.0.tgz 803ms (cache miss)
581 http fetch GET 200 https://registry.npmjs.org/ipaddr.js/-/ipaddr.js-1.9.1.tgz 838ms (cache miss)
582 http fetch GET 200 https://registry.npmjs.org/forwarded/-/forwarded-0.2.0.tgz 841ms (cache miss)
583 http fetch GET 200 https://registry.npmjs.org/ee-first/-/ee-first-1.1.1.tgz 856ms (cache miss)
584 http fetch GET 200 https://registry.npmjs.org/gopd/-/gopd-1.2.0.tgz 884ms (cache miss)
585 http fetch GET 200 https://registry.npmjs.org/safer-buffer/-/safer-buffer-2.1.2.tgz 884ms (cache miss)
586 http fetch GET 200 https://registry.npmjs.org/side-channel/-/side-channel-1.1.0.tgz 887ms (cache miss)
587 http fetch GET 200 https://registry.npmjs.org/side-channel-weakmap/-/side-channel-weakmap-1.0.2.tgz 898ms (cache miss)
588 http fetch GET 200 https://registry.npmjs.org/toidentifier/-/toidentifier-1.0.1.tgz 899ms (cache miss)
589 http fetch GET 200 https://registry.npmjs.org/mime/-/mime-1.6.0.tgz 955ms (cache miss)
590 http fetch GET 200 https://registry.npmjs.org/unpipe/-/unpipe-1.0.0.tgz 1009ms (cache miss)
591 http fetch GET 200 https://registry.npmjs.org/get-proto/-/get-proto-1.0.1.tgz 1031ms (cache miss)
592 http fetch GET 200 https://registry.npmjs.org/es-errors/-/es-errors-1.3.0.tgz 1042ms (cache miss)
593 http fetch GET 200 https://registry.npmjs.org/inherits/-/inherits-2.0.4.tgz 1047ms (cache miss)
594 http fetch GET 200 https://registry.npmjs.org/destroy/-/destroy-1.2.0.tgz 1054ms (cache miss)
595 http fetch GET 200 https://registry.npmjs.org/mime-types/-/mime-types-2.1.35.tgz 1071ms (cache miss)
596 http fetch GET 200 https://registry.npmjs.org/utils-merge/-/utils-merge-1.0.1.tgz 1084ms (cache miss)
597 http fetch GET 200 https://registry.npmjs.org/statuses/-/statuses-2.0.2.tgz 1180ms (cache miss)
598 http fetch GET 200 https://registry.npmjs.org/raw-body/-/raw-body-2.5.3.tgz 1195ms (cache miss)
599 http fetch GET 200 https://registry.npmjs.org/setprototypeof/-/setprototypeof-1.2.0.tgz 1254ms (cache miss)
600 http fetch GET 200 https://registry.npmjs.org/qs/-/qs-6.15.2.tgz 1319ms (cache miss)
601 http fetch GET 200 https://registry.npmjs.org/type-is/-/type-is-1.6.18.tgz 1320ms (cache miss)
602 http fetch GET 200 https://registry.npmjs.org/side-channel-map/-/side-channel-map-1.0.1.tgz 1330ms (cache miss)
603 http fetch GET 200 https://registry.npmjs.org/path-to-regexp/-/path-to-regexp-0.1.13.tgz 1359ms (cache miss)
604 http fetch GET 200 https://registry.npmjs.org/send/-/send-0.19.2.tgz 1378ms (cache miss)
605 http fetch GET 200 https://registry.npmjs.org/side-channel-list/-/side-channel-list-1.0.1.tgz 1493ms (cache miss)
606 http fetch GET 200 https://registry.npmjs.org/iconv-lite/-/iconv-lite-0.4.24.tgz 1491ms (cache miss)
607 http fetch GET 200 https://registry.npmjs.org/negotiator/-/negotiator-0.6.3.tgz 1499ms (cache miss)
608 http fetch GET 200 https://registry.npmjs.org/methods/-/methods-1.1.2.tgz 1502ms (cache miss)
609 http fetch GET 200 https://registry.npmjs.org/merge-descriptors/-/merge-descriptors-1.0.3.tgz 1514ms (cache miss)
610 http fetch GET 200 https://registry.npmjs.org/http-errors/-/http-errors-2.0.1.tgz 1523ms (cache miss)
611 http fetch GET 200 https://registry.npmjs.org/fresh/-/fresh-0.5.2.tgz 1547ms (cache miss)
612 http fetch GET 200 https://registry.npmjs.org/ms/-/ms-2.0.0.tgz 1577ms (cache miss)
613 http fetch GET 200 https://registry.npmjs.org/finalhandler/-/finalhandler-1.3.2.tgz 1657ms (cache miss)
614 http fetch GET 200 https://registry.npmjs.org/etag/-/etag-1.8.1.tgz 1675ms (cache miss)
615 http fetch GET 200 https://registry.npmjs.org/cookie-signature/-/cookie-signature-1.0.7.tgz 1726ms (cache miss)
616 http fetch GET 200 https://registry.npmjs.org/bytes/-/bytes-3.1.2.tgz 1736ms (cache miss)
617 http fetch GET 200 https://registry.npmjs.org/serve-static/-/serve-static-1.16.3.tgz 1813ms (cache miss)
618 http fetch GET 200 https://registry.npmjs.org/range-parser/-/range-parser-1.2.1.tgz 1820ms (cache miss)
619 http fetch GET 200 https://registry.npmjs.org/safe-buffer/-/safe-buffer-5.2.1.tgz 1828ms (cache miss)
620 http fetch GET 200 https://registry.npmjs.org/content-type/-/content-type-1.0.5.tgz 1826ms (cache miss)
621 http fetch GET 200 https://registry.npmjs.org/debug/-/debug-2.6.9.tgz 1841ms (cache miss)
622 http fetch GET 200 https://registry.npmjs.org/content-disposition/-/content-disposition-0.5.4.tgz 1864ms (cache miss)
623 http fetch GET 200 https://registry.npmjs.org/array-flatten/-/array-flatten-1.1.1.tgz 1934ms (cache miss)
624 http fetch GET 200 https://registry.npmjs.org/object-assign/-/object-assign-4.1.1.tgz 2012ms (cache miss)
625 http fetch GET 200 https://registry.npmjs.org/accepts/-/accepts-1.3.8.tgz 2023ms (cache miss)
626 http fetch GET 200 https://registry.npmjs.org/body-parser/-/body-parser-1.20.5.tgz 2041ms (cache miss)
627 http fetch GET 200 https://registry.npmjs.org/cors/-/cors-2.8.6.tgz 2055ms (cache miss)
628 http fetch GET 200 https://registry.npmjs.org/parseurl/-/parseurl-1.3.3.tgz 2072ms (cache miss)
629 http fetch GET 200 https://registry.npmjs.org/escape-html/-/escape-html-1.0.3.tgz 2161ms (cache miss)
630 http fetch GET 200 https://registry.npmjs.org/encodeurl/-/encodeurl-2.0.0.tgz 2183ms (cache miss)
631 http fetch GET 200 https://registry.npmjs.org/express/-/express-4.22.2.tgz 2192ms (cache miss)
632 http fetch GET 200 https://registry.npmjs.org/vary/-/vary-1.1.2.tgz 2201ms (cache miss)
633 http fetch GET 200 https://registry.npmjs.org/ws/-/ws-8.21.0.tgz 2206ms (cache miss)
634 http fetch GET 200 https://registry.npmjs.org/proxy-addr/-/proxy-addr-2.0.7.tgz 2259ms (cache miss)
635 http fetch GET 200 https://registry.npmjs.org/ms/-/ms-2.1.3.tgz 2357ms (cache miss)
636 http fetch GET 200 https://registry.npmjs.org/cookie/-/cookie-0.7.2.tgz 2464ms (cache miss)
637 http fetch GET 200 https://registry.npmjs.org/on-finished/-/on-finished-2.4.1.tgz 2555ms (cache miss)
638 http fetch GET 200 https://registry.npmjs.org/mime-db/-/mime-db-1.52.0.tgz 2682ms (cache miss)
639 http fetch GET 200 https://registry.npmjs.org/depd/-/depd-2.0.0.tgz 2743ms (cache miss)
640 silly ADD node_modules/media-typer
641 silly ADD node_modules/dunder-proto
642 silly ADD node_modules/math-intrinsics
643 silly ADD node_modules/hasown
644 silly ADD node_modules/has-symbols
645 silly ADD node_modules/gopd
646 silly ADD node_modules/get-proto
647 silly ADD node_modules/es-object-atoms
648 silly ADD node_modules/es-define-property
649 silly ADD node_modules/function-bind
650 silly ADD node_modules/call-bind-apply-helpers
651 silly ADD node_modules/get-intrinsic
652 silly ADD node_modules/call-bound
653 silly ADD node_modules/side-channel-weakmap
654 silly ADD node_modules/side-channel-map
655 silly ADD node_modules/side-channel-list
656 silly ADD node_modules/object-inspect
657 silly ADD node_modules/es-errors
658 silly ADD node_modules/mime
659 silly ADD node_modules/side-channel
660 silly ADD node_modules/ipaddr.js
661 silly ADD node_modules/forwarded
662 silly ADD node_modules/ee-first
663 silly ADD node_modules/mime-db
664 silly ADD node_modules/safer-buffer
665 silly ADD node_modules/toidentifier
666 silly ADD node_modules/inherits
667 silly ADD node_modules/ms
668 silly ADD node_modules/unpipe
669 silly ADD node_modules/raw-body
670 silly ADD node_modules/iconv-lite
671 silly ADD node_modules/destroy
672 silly ADD node_modules/bytes
673 silly ADD node_modules/negotiator
674 silly ADD node_modules/mime-types
675 silly ADD node_modules/utils-merge
676 silly ADD node_modules/type-is
677 silly ADD node_modules/statuses
678 silly ADD node_modules/setprototypeof
679 silly ADD node_modules/serve-static
680 silly ADD node_modules/send
681 silly ADD node_modules/send/node_modules/ms
682 silly ADD node_modules/safe-buffer
683 silly ADD node_modules/range-parser
684 silly ADD node_modules/qs
685 silly ADD node_modules/proxy-addr
686 silly ADD node_modules/path-to-regexp
687 silly ADD node_modules/parseurl
688 silly ADD node_modules/on-finished
689 silly ADD node_modules/methods
690 silly ADD node_modules/merge-descriptors
691 silly ADD node_modules/http-errors
692 silly ADD node_modules/fresh
693 silly ADD node_modules/finalhandler
694 silly ADD node_modules/etag
695 silly ADD node_modules/escape-html
696 silly ADD node_modules/encodeurl
697 silly ADD node_modules/depd
698 silly ADD node_modules/debug
699 silly ADD node_modules/cookie-signature
700 silly ADD node_modules/cookie
701 silly ADD node_modules/content-type
702 silly ADD node_modules/content-disposition
703 silly ADD node_modules/body-parser
704 silly ADD node_modules/array-flatten
705 silly ADD node_modules/accepts
706 silly ADD node_modules/vary
707 silly ADD node_modules/object-assign
708 silly ADD node_modules/ws
709 silly ADD node_modules/express
710 silly ADD node_modules/cors
711 verbose cwd /Users/wuwenbo/Documents/trae_projects/SoloProjects-hll/p148/backend
712 verbose os Darwin 23.5.0
713 verbose node v24.12.0
714 verbose npm  v11.6.2
715 notice
715 notice New [33mminor[39m version of npm available! [33m11.6.2[39m -> [34m11.15.0[39m
715 notice Changelog: [34mhttps://github.com/npm/cli/releases/tag/v11.15.0[39m
715 notice To update run: [4mnpm install -g npm@11.15.0[24m
715 notice  { force: true, Symbol(proc-log.meta): true }
716 verbose exit 0
717 info ok
