0 verbose cli /usr/local/bin/node /usr/local/bin/npm
1 info using npm@11.6.2
2 info using node@v24.12.0
3 silly config load:file:/usr/local/lib/node_modules/npm/npmrc
4 silly config load:file:/Users/wuwenbo/Documents/trae_projects/SoloProjects-hll/p134/.npmrc
5 silly config load:file:/Users/wuwenbo/.npmrc
6 verbose config error loading user config Error: EACCES: permission denied, open '/Users/wuwenbo/.npmrc'
6 verbose config     at async open (node:internal/fs/promises:642:25)
6 verbose config     at async readFile (node:internal/fs/promises:1279:14)
6 verbose config     at async #loadFile (/usr/local/lib/node_modules/npm/node_modules/@npmcli/config/lib/index.js:635:5)
6 verbose config     at async Config.load (/usr/local/lib/node_modules/npm/node_modules/@npmcli/config/lib/index.js:259:5)
6 verbose config     at async #load (/usr/local/lib/node_modules/npm/lib/npm.js:99:5)
6 verbose config     at async Npm.load (/usr/local/lib/node_modules/npm/lib/npm.js:81:14)
6 verbose config     at async module.exports (/usr/local/lib/node_modules/npm/lib/cli/entry.js:35:37) {
6 verbose config   errno: -13,
6 verbose config   code: 'EACCES',
6 verbose config   syscall: 'open',
6 verbose config   path: '/Users/wuwenbo/.npmrc'
6 verbose config }
7 silly config load:file:/usr/local/etc/npmrc
8 verbose title npm install fengari fengari-interop
9 verbose argv "install" "fengari" "fengari-interop" "--save" "--cache" "./.npm-cache"
10 verbose logfile logs-max:10 dir:/Users/wuwenbo/Documents/trae_projects/SoloProjects-hll/p134/.npm-cache/_logs/2026-05-26T01_19_37_894Z-
11 verbose logfile /Users/wuwenbo/Documents/trae_projects/SoloProjects-hll/p134/.npm-cache/_logs/2026-05-26T01_19_37_894Z-debug-0.log
12 silly logfile done cleaning log files
13 silly packumentCache heap:4496293888 maxSize:1124073472 maxEntrySize:562036736
14 verbose shrinkwrap failed to load node_modules/.package-lock.json out of date, updated: node_modules
15 silly idealTree buildDeps
16 silly fetch manifest fengari@*
17 silly packumentCache full:https://registry.npmjs.org/fengari cache-miss
18 http fetch GET 200 https://registry.npmjs.org/fengari 2004ms (cache miss)
19 silly packumentCache full:https://registry.npmjs.org/fengari set size:undefined disposed:false
20 silly fetch manifest fengari-interop@*
21 silly packumentCache full:https://registry.npmjs.org/fengari-interop cache-miss
22 http fetch GET 200 https://registry.npmjs.org/fengari-interop 404ms (cache miss)
23 silly packumentCache full:https://registry.npmjs.org/fengari-interop set size:undefined disposed:false
24 silly placeDep ROOT fengari@0.1.5 OK for: modbus-slave-simulator@1.0.0 want: *
25 silly placeDep ROOT fengari-interop@0.1.4 OK for: modbus-slave-simulator@1.0.0 want: *
26 silly fetch manifest readline-sync@^1.4.10
27 silly packumentCache full:https://registry.npmjs.org/readline-sync cache-miss
28 silly fetch manifest sprintf-js@^1.1.3
29 silly packumentCache full:https://registry.npmjs.org/sprintf-js cache-miss
30 silly fetch manifest tmp@^0.2.5
31 silly packumentCache full:https://registry.npmjs.org/tmp cache-miss
32 http fetch GET 200 https://registry.npmjs.org/readline-sync 233ms (cache miss)
33 silly packumentCache full:https://registry.npmjs.org/readline-sync set size:undefined disposed:false
34 http fetch GET 200 https://registry.npmjs.org/tmp 701ms (cache miss)
35 silly packumentCache full:https://registry.npmjs.org/tmp set size:undefined disposed:false
36 http fetch GET 200 https://registry.npmjs.org/sprintf-js 866ms (cache miss)
37 silly packumentCache full:https://registry.npmjs.org/sprintf-js set size:undefined disposed:false
38 silly fetch manifest vite@^5.0.0 || ^6.0.0 || ^7.0.0
39 silly packumentCache full:https://registry.npmjs.org/vite cache-miss
40 http fetch GET 200 https://registry.npmjs.org/vite 696ms (cache revalidated)
41 silly packumentCache full:https://registry.npmjs.org/vite set size:38843326 disposed:false
42 silly fetch manifest @types/node@^20.19.0 || >=22.12.0
43 silly packumentCache full:https://registry.npmjs.org/@types%2fnode cache-miss
44 http fetch GET 200 https://registry.npmjs.org/@types%2fnode 209ms (cache revalidated)
45 silly packumentCache full:https://registry.npmjs.org/@types%2fnode set size:11015753 disposed:false
46 silly fetch manifest jiti@>=1.21.0
47 silly packumentCache full:https://registry.npmjs.org/jiti cache-miss
48 http fetch GET 200 https://registry.npmjs.org/jiti 243ms (cache miss)
49 silly packumentCache full:https://registry.npmjs.org/jiti set size:undefined disposed:false
50 silly fetch manifest less@^4.0.0
51 silly packumentCache full:https://registry.npmjs.org/less cache-miss
52 http fetch GET 200 https://registry.npmjs.org/less 628ms (cache miss)
53 silly packumentCache full:https://registry.npmjs.org/less set size:undefined disposed:false
54 silly fetch manifest lightningcss@^1.21.0
55 silly packumentCache full:https://registry.npmjs.org/lightningcss cache-miss
56 http fetch GET 200 https://registry.npmjs.org/lightningcss 186ms (cache revalidated)
57 silly packumentCache full:https://registry.npmjs.org/lightningcss set size:186753 disposed:false
58 silly fetch manifest sass@^1.70.0
59 silly packumentCache full:https://registry.npmjs.org/sass cache-miss
60 http fetch GET 200 https://registry.npmjs.org/sass 487ms (cache miss)
61 silly packumentCache full:https://registry.npmjs.org/sass set size:undefined disposed:false
62 silly fetch manifest sass-embedded@^1.70.0
63 silly packumentCache full:https://registry.npmjs.org/sass-embedded cache-miss
64 http fetch GET 200 https://registry.npmjs.org/sass-embedded 464ms (cache miss)
65 silly packumentCache full:https://registry.npmjs.org/sass-embedded set size:undefined disposed:false
66 silly fetch manifest stylus@>=0.54.8
67 silly packumentCache full:https://registry.npmjs.org/stylus cache-miss
68 http fetch GET 200 https://registry.npmjs.org/stylus 227ms (cache miss)
69 silly packumentCache full:https://registry.npmjs.org/stylus set size:undefined disposed:false
70 silly fetch manifest sugarss@^5.0.0
71 silly packumentCache full:https://registry.npmjs.org/sugarss cache-miss
72 http fetch GET 200 https://registry.npmjs.org/sugarss 181ms (cache miss)
73 silly packumentCache full:https://registry.npmjs.org/sugarss set size:undefined disposed:false
74 silly fetch manifest postcss@^8.3.3
75 silly packumentCache full:https://registry.npmjs.org/postcss cache-miss
76 http fetch GET 200 https://registry.npmjs.org/postcss 245ms (cache revalidated)
77 silly packumentCache full:https://registry.npmjs.org/postcss set size:723316 disposed:false
78 silly fetch manifest terser@^5.16.0
79 silly packumentCache full:https://registry.npmjs.org/terser cache-miss
80 http fetch GET 200 https://registry.npmjs.org/terser 655ms (cache miss)
81 silly packumentCache full:https://registry.npmjs.org/terser set size:undefined disposed:false
82 silly fetch manifest tsx@^4.8.1
83 silly packumentCache full:https://registry.npmjs.org/tsx cache-miss
84 http fetch GET 200 https://registry.npmjs.org/tsx 205ms (cache miss)
85 silly packumentCache full:https://registry.npmjs.org/tsx set size:undefined disposed:false
86 silly fetch manifest yaml@^2.4.2
87 silly packumentCache full:https://registry.npmjs.org/yaml cache-miss
88 http fetch GET 200 https://registry.npmjs.org/yaml 1246ms (cache miss)
89 silly packumentCache full:https://registry.npmjs.org/yaml set size:undefined disposed:false
90 verbose stack Error: could not resolve
90 verbose stack     at PlaceDep.failPeerConflict (/usr/local/lib/node_modules/npm/node_modules/@npmcli/arborist/lib/place-dep.js:503:25)
90 verbose stack     at new PlaceDep (/usr/local/lib/node_modules/npm/node_modules/@npmcli/arborist/lib/place-dep.js:157:21)
90 verbose stack     at #buildDepStep (/usr/local/lib/node_modules/npm/node_modules/@npmcli/arborist/lib/arborist/build-ideal-tree.js:945:18)
90 verbose stack     at async Arborist.buildIdealTree (/usr/local/lib/node_modules/npm/node_modules/@npmcli/arborist/lib/arborist/build-ideal-tree.js:182:7)
90 verbose stack     at async Promise.all (index 1)
90 verbose stack     at async Arborist.reify (/usr/local/lib/node_modules/npm/node_modules/@npmcli/arborist/lib/arborist/reify.js:114:5)
90 verbose stack     at async Install.exec (/usr/local/lib/node_modules/npm/lib/commands/install.js:150:5)
90 verbose stack     at async Npm.exec (/usr/local/lib/node_modules/npm/lib/npm.js:208:9)
90 verbose stack     at async module.exports (/usr/local/lib/node_modules/npm/lib/cli/entry.js:67:5)
91 error code ERESOLVE
92 error ERESOLVE could not resolve
93 error
94 error While resolving: electron-vite@5.0.0
94 error Found: vite@8.0.14[2m[22m
94 error [2mnode_modules/vite[22m
94 error   [95mpeer[39m vite@"^8.0.0" from @vitejs/plugin-react@6.0.2[2m[22m
94 error   [2mnode_modules/@vitejs/plugin-react[22m
94 error     [34mdev[39m @vitejs/plugin-react@"^6.0.2" from the root project
94 error   [34mdev[39m vite@"^8.0.14" from the root project
94 error
94 error Could not resolve dependency:
94 error [95mpeer[39m vite@"^5.0.0 || ^6.0.0 || ^7.0.0" from electron-vite@5.0.0[2m[22m
94 error [2mnode_modules/electron-vite[22m
94 error   [34mdev[39m electron-vite@"^5.0.0" from the root project
94 error
94 error Conflicting peer dependency: vite@7.3.3[2m[22m
94 error [2mnode_modules/vite[22m
94 error   [95mpeer[39m vite@"^5.0.0 || ^6.0.0 || ^7.0.0" from electron-vite@5.0.0[2m[22m
94 error   [2mnode_modules/electron-vite[22m
94 error     [34mdev[39m electron-vite@"^5.0.0" from the root project
94 error
94 error Fix the upstream dependency conflict, or retry
94 error this command with --force or --legacy-peer-deps
94 error to accept an incorrect (and potentially broken) dependency resolution.
95 error
95 error
95 error For a full report see:
95 error /Users/wuwenbo/Documents/trae_projects/SoloProjects-hll/p134/.npm-cache/_logs/2026-05-26T01_19_37_894Z-eresolve-report.txt
96 silly unfinished npm timer reify 1779758378213
97 silly unfinished npm timer reify:loadTrees 1779758378213
98 silly unfinished npm timer idealTree:buildDeps 1779758378251
99 silly unfinished npm timer idealTree:node_modules/electron-vite 1779758381534
100 verbose cwd /Users/wuwenbo/Documents/trae_projects/SoloProjects-hll/p134
101 verbose os Darwin 23.5.0
102 verbose node v24.12.0
103 verbose npm  v11.6.2
104 verbose exit 1
105 verbose code 1
106 error A complete log of this run can be found in: /Users/wuwenbo/Documents/trae_projects/SoloProjects-hll/p134/.npm-cache/_logs/2026-05-26T01_19_37_894Z-debug-0.log
