0 verbose cli /usr/local/bin/node /usr/local/bin/npm
1 info using npm@11.6.2
2 info using node@v24.12.0
3 silly config load:file:/usr/local/lib/node_modules/npm/npmrc
4 silly config load:file:/Users/wuwenbo/Documents/trae_projects/SoloProjects-hll/p134/.npmrc
5 silly config load:file:/Users/wuwenbo/.npmrc
6 verbose config error loading user config Error: EACCES: permission denied, open '/Users/wuwenbo/.npmrc'
6 verbose config     at async open (node:internal/fs/promises:642:25)
6 verbose config     at async readFile (node:internal/fs/promises:1279:14)
6 verbose config     at async #loadFile (/usr/local/lib/node_modules/npm/node_modules/@npmcli/config/lib/index.js:635:5)
6 verbose config     at async Config.load (/usr/local/lib/node_modules/npm/node_modules/@npmcli/config/lib/index.js:259:5)
6 verbose config     at async #load (/usr/local/lib/node_modules/npm/lib/npm.js:99:5)
6 verbose config     at async Npm.load (/usr/local/lib/node_modules/npm/lib/npm.js:81:14)
6 verbose config     at async module.exports (/usr/local/lib/node_modules/npm/lib/cli/entry.js:35:37) {
6 verbose config   errno: -13,
6 verbose config   code: 'EACCES',
6 verbose config   syscall: 'open',
6 verbose config   path: '/Users/wuwenbo/.npmrc'
6 verbose config }
7 silly config load:file:/usr/local/etc/npmrc
8 verbose title npm install vite
9 verbose argv "install" "vite" "--save-dev" "--legacy-peer-deps" "--cache" "./.npm-cache"
10 verbose logfile logs-max:10 dir:/Users/wuwenbo/Documents/trae_projects/SoloProjects-hll/p134/.npm-cache/_logs/2026-05-26T00_31_04_574Z-
11 verbose logfile /Users/wuwenbo/Documents/trae_projects/SoloProjects-hll/p134/.npm-cache/_logs/2026-05-26T00_31_04_574Z-debug-0.log
12 silly logfile done cleaning log files
13 silly packumentCache heap:4496293888 maxSize:1124073472 maxEntrySize:562036736
14 silly idealTree buildDeps
15 silly fetch manifest vite@*
16 silly packumentCache full:https://registry.npmjs.org/vite cache-miss
17 http fetch GET 200 https://registry.npmjs.org/vite 5733ms (cache miss)
18 silly packumentCache full:https://registry.npmjs.org/vite set size:undefined disposed:false
19 silly placeDep ROOT vite@8.0.14 OK for: modbus-slave-simulator@1.0.0 want: *
20 silly fetch manifest lightningcss@^1.32.0
21 silly packumentCache full:https://registry.npmjs.org/lightningcss cache-miss
22 silly fetch manifest picomatch@^4.0.4
23 silly packumentCache full:https://registry.npmjs.org/picomatch cache-miss
24 silly fetch manifest postcss@^8.5.15
25 silly packumentCache full:https://registry.npmjs.org/postcss cache-miss
26 silly fetch manifest rolldown@1.0.2
27 silly packumentCache full:https://registry.npmjs.org/rolldown cache-miss
28 silly fetch manifest tinyglobby@^0.2.16
29 silly packumentCache full:https://registry.npmjs.org/tinyglobby cache-miss
30 silly fetch manifest fsevents@~2.3.3
31 silly packumentCache full:https://registry.npmjs.org/fsevents cache-miss
32 http fetch GET 200 https://registry.npmjs.org/lightningcss 374ms (cache miss)
33 silly packumentCache full:https://registry.npmjs.org/lightningcss set size:undefined disposed:false
34 http fetch GET 200 https://registry.npmjs.org/tinyglobby 839ms (cache miss)
35 silly packumentCache full:https://registry.npmjs.org/tinyglobby set size:undefined disposed:false
36 http fetch GET 200 https://registry.npmjs.org/picomatch 849ms (cache miss)
37 silly packumentCache full:https://registry.npmjs.org/picomatch set size:undefined disposed:false
38 http fetch GET 200 https://registry.npmjs.org/fsevents 849ms (cache miss)
39 silly packumentCache full:https://registry.npmjs.org/fsevents set size:undefined disposed:false
40 http fetch GET 200 https://registry.npmjs.org/postcss 1130ms (cache miss)
41 silly packumentCache full:https://registry.npmjs.org/postcss set size:undefined disposed:false
42 http fetch GET 200 https://registry.npmjs.org/rolldown 1152ms (cache miss)
43 silly packumentCache full:https://registry.npmjs.org/rolldown set size:undefined disposed:false
44 silly placeDep ROOT fsevents@2.3.3 OK for: vite@8.0.14 want: ~2.3.3
45 silly placeDep ROOT lightningcss@1.32.0 OK for: vite@8.0.14 want: ^1.32.0
46 silly placeDep ROOT picomatch@4.0.4 OK for: vite@8.0.14 want: ^4.0.4
47 silly placeDep ROOT postcss@8.5.15 OK for: vite@8.0.14 want: ^8.5.15
48 silly placeDep ROOT rolldown@1.0.2 OK for: vite@8.0.14 want: 1.0.2
49 silly placeDep ROOT tinyglobby@0.2.16 OK for: vite@8.0.14 want: ^0.2.16
50 silly fetch manifest detect-libc@^2.0.3
51 silly packumentCache full:https://registry.npmjs.org/detect-libc cache-miss
52 silly fetch manifest lightningcss-darwin-x64@1.32.0
53 silly packumentCache full:https://registry.npmjs.org/lightningcss-darwin-x64 cache-miss
54 silly fetch manifest lightningcss-linux-x64-gnu@1.32.0
55 silly packumentCache full:https://registry.npmjs.org/lightningcss-linux-x64-gnu cache-miss
56 silly fetch manifest lightningcss-win32-x64-msvc@1.32.0
57 silly packumentCache full:https://registry.npmjs.org/lightningcss-win32-x64-msvc cache-miss
58 silly fetch manifest lightningcss-win32-arm64-msvc@1.32.0
59 silly packumentCache full:https://registry.npmjs.org/lightningcss-win32-arm64-msvc cache-miss
60 silly fetch manifest lightningcss-darwin-arm64@1.32.0
61 silly packumentCache full:https://registry.npmjs.org/lightningcss-darwin-arm64 cache-miss
62 silly fetch manifest lightningcss-linux-arm64-gnu@1.32.0
63 silly packumentCache full:https://registry.npmjs.org/lightningcss-linux-arm64-gnu cache-miss
64 http fetch GET 200 https://registry.npmjs.org/lightningcss-win32-arm64-msvc 196ms (cache miss)
65 silly packumentCache full:https://registry.npmjs.org/lightningcss-win32-arm64-msvc set size:undefined disposed:false
66 silly fetch manifest lightningcss-linux-arm-gnueabihf@1.32.0
67 silly packumentCache full:https://registry.npmjs.org/lightningcss-linux-arm-gnueabihf cache-miss
68 http fetch GET 200 https://registry.npmjs.org/lightningcss-linux-arm64-gnu 195ms (cache miss)
69 silly packumentCache full:https://registry.npmjs.org/lightningcss-linux-arm64-gnu set size:undefined disposed:false
70 silly fetch manifest lightningcss-linux-arm64-musl@1.32.0
71 silly packumentCache full:https://registry.npmjs.org/lightningcss-linux-arm64-musl cache-miss
72 http fetch GET 200 https://registry.npmjs.org/lightningcss-linux-x64-gnu 201ms (cache miss)
73 silly packumentCache full:https://registry.npmjs.org/lightningcss-linux-x64-gnu set size:undefined disposed:false
74 silly fetch manifest lightningcss-linux-x64-musl@1.32.0
75 silly packumentCache full:https://registry.npmjs.org/lightningcss-linux-x64-musl cache-miss
76 http fetch GET 200 https://registry.npmjs.org/lightningcss-darwin-x64 203ms (cache miss)
77 silly packumentCache full:https://registry.npmjs.org/lightningcss-darwin-x64 set size:undefined disposed:false
78 silly fetch manifest lightningcss-freebsd-x64@1.32.0
79 silly packumentCache full:https://registry.npmjs.org/lightningcss-freebsd-x64 cache-miss
80 http fetch GET 200 https://registry.npmjs.org/detect-libc 206ms (cache miss)
81 silly packumentCache full:https://registry.npmjs.org/detect-libc set size:undefined disposed:false
82 silly fetch manifest lightningcss-android-arm64@1.32.0
83 silly packumentCache full:https://registry.npmjs.org/lightningcss-android-arm64 cache-miss
84 http fetch GET 200 https://registry.npmjs.org/lightningcss-win32-x64-msvc 209ms (cache miss)
85 silly packumentCache full:https://registry.npmjs.org/lightningcss-win32-x64-msvc set size:undefined disposed:false
86 silly fetch manifest nanoid@^3.3.12
87 silly packumentCache full:https://registry.npmjs.org/nanoid cache-miss
88 http fetch GET 200 https://registry.npmjs.org/lightningcss-linux-arm-gnueabihf 384ms (cache miss)
89 silly packumentCache full:https://registry.npmjs.org/lightningcss-linux-arm-gnueabihf set size:undefined disposed:false
90 silly fetch manifest source-map-js@^1.2.1
91 silly packumentCache full:https://registry.npmjs.org/source-map-js cache-miss
92 http fetch GET 200 https://registry.npmjs.org/lightningcss-linux-arm64-musl 391ms (cache miss)
93 silly packumentCache full:https://registry.npmjs.org/lightningcss-linux-arm64-musl set size:undefined disposed:false
94 silly fetch manifest @oxc-project/types@=0.132.0
95 silly packumentCache full:https://registry.npmjs.org/@oxc-project%2ftypes cache-miss
96 http fetch GET 200 https://registry.npmjs.org/lightningcss-freebsd-x64 407ms (cache miss)
97 silly packumentCache full:https://registry.npmjs.org/lightningcss-freebsd-x64 set size:undefined disposed:false
98 silly fetch manifest @rolldown/binding-darwin-x64@1.0.2
99 silly packumentCache full:https://registry.npmjs.org/@rolldown%2fbinding-darwin-x64 cache-miss
100 http fetch GET 200 https://registry.npmjs.org/lightningcss-android-arm64 410ms (cache miss)
101 silly packumentCache full:https://registry.npmjs.org/lightningcss-android-arm64 set size:undefined disposed:false
102 silly fetch manifest @rolldown/binding-win32-x64-msvc@1.0.2
103 silly packumentCache full:https://registry.npmjs.org/@rolldown%2fbinding-win32-x64-msvc cache-miss
104 http fetch GET 200 https://registry.npmjs.org/lightningcss-linux-x64-musl 443ms (cache miss)
105 silly packumentCache full:https://registry.npmjs.org/lightningcss-linux-x64-musl set size:undefined disposed:false
106 silly fetch manifest @rolldown/binding-linux-x64-gnu@1.0.2
107 silly packumentCache full:https://registry.npmjs.org/@rolldown%2fbinding-linux-x64-gnu cache-miss
108 http fetch GET 200 https://registry.npmjs.org/nanoid 917ms (cache miss)
109 silly packumentCache full:https://registry.npmjs.org/nanoid set size:undefined disposed:false
110 silly fetch manifest @rolldown/binding-linux-x64-musl@1.0.2
111 silly packumentCache full:https://registry.npmjs.org/@rolldown%2fbinding-linux-x64-musl cache-miss
112 http fetch GET 200 https://registry.npmjs.org/source-map-js 578ms (cache miss)
113 silly packumentCache full:https://registry.npmjs.org/source-map-js set size:undefined disposed:false
114 silly fetch manifest @rolldown/binding-freebsd-x64@1.0.2
115 silly packumentCache full:https://registry.npmjs.org/@rolldown%2fbinding-freebsd-x64 cache-miss
116 http fetch GET 200 https://registry.npmjs.org/lightningcss-darwin-arm64 1183ms (cache miss)
117 silly packumentCache full:https://registry.npmjs.org/lightningcss-darwin-arm64 set size:undefined disposed:false
118 silly fetch manifest @rolldown/binding-linux-arm-gnueabihf@1.0.2
119 silly packumentCache full:https://registry.npmjs.org/@rolldown%2fbinding-linux-arm-gnueabihf cache-miss
120 http fetch GET 200 https://registry.npmjs.org/@oxc-project%2ftypes 594ms (cache miss)
121 silly packumentCache full:https://registry.npmjs.org/@oxc-project%2ftypes set size:undefined disposed:false
122 silly fetch manifest @rolldown/binding-linux-arm64-gnu@1.0.2
123 silly packumentCache full:https://registry.npmjs.org/@rolldown%2fbinding-linux-arm64-gnu cache-miss
124 http fetch GET 200 https://registry.npmjs.org/@rolldown%2fbinding-win32-x64-msvc 893ms (cache miss)
125 silly packumentCache full:https://registry.npmjs.org/@rolldown%2fbinding-win32-x64-msvc set size:undefined disposed:false
126 silly fetch manifest @rolldown/binding-darwin-arm64@1.0.2
127 silly packumentCache full:https://registry.npmjs.org/@rolldown%2fbinding-darwin-arm64 cache-miss
128 http fetch GET 200 https://registry.npmjs.org/@rolldown%2fbinding-darwin-x64 933ms (cache miss)
129 silly packumentCache full:https://registry.npmjs.org/@rolldown%2fbinding-darwin-x64 set size:undefined disposed:false
130 silly fetch manifest @rolldown/binding-linux-arm64-musl@1.0.2
131 silly packumentCache full:https://registry.npmjs.org/@rolldown%2fbinding-linux-arm64-musl cache-miss
132 http fetch GET 200 https://registry.npmjs.org/@rolldown%2fbinding-linux-x64-gnu 978ms (cache miss)
133 silly packumentCache full:https://registry.npmjs.org/@rolldown%2fbinding-linux-x64-gnu set size:undefined disposed:false
134 silly fetch manifest @rolldown/binding-openharmony-arm64@1.0.2
135 silly packumentCache full:https://registry.npmjs.org/@rolldown%2fbinding-openharmony-arm64 cache-miss
136 http fetch GET 200 https://registry.npmjs.org/@rolldown%2fbinding-freebsd-x64 480ms (cache miss)
137 silly packumentCache full:https://registry.npmjs.org/@rolldown%2fbinding-freebsd-x64 set size:undefined disposed:false
138 silly fetch manifest @rolldown/binding-win32-arm64-msvc@1.0.2
139 silly packumentCache full:https://registry.npmjs.org/@rolldown%2fbinding-win32-arm64-msvc cache-miss
140 http fetch GET 200 https://registry.npmjs.org/@rolldown%2fbinding-linux-arm-gnueabihf 481ms (cache miss)
141 silly packumentCache full:https://registry.npmjs.org/@rolldown%2fbinding-linux-arm-gnueabihf set size:undefined disposed:false
142 silly fetch manifest @rolldown/binding-android-arm64@1.0.2
143 silly packumentCache full:https://registry.npmjs.org/@rolldown%2fbinding-android-arm64 cache-miss
144 http fetch GET 200 https://registry.npmjs.org/@rolldown%2fbinding-linux-x64-musl 576ms (cache miss)
145 silly packumentCache full:https://registry.npmjs.org/@rolldown%2fbinding-linux-x64-musl set size:undefined disposed:false
146 silly fetch manifest @rolldown/binding-wasm32-wasi@1.0.2
147 silly packumentCache full:https://registry.npmjs.org/@rolldown%2fbinding-wasm32-wasi cache-miss
148 http fetch GET 200 https://registry.npmjs.org/@rolldown%2fbinding-linux-arm64-gnu 552ms (cache miss)
149 silly packumentCache full:https://registry.npmjs.org/@rolldown%2fbinding-linux-arm64-gnu set size:undefined disposed:false
150 silly fetch manifest @rolldown/binding-linux-s390x-gnu@1.0.2
151 silly packumentCache full:https://registry.npmjs.org/@rolldown%2fbinding-linux-s390x-gnu cache-miss
152 http fetch GET 200 https://registry.npmjs.org/@rolldown%2fbinding-darwin-arm64 298ms (cache miss)
153 silly packumentCache full:https://registry.npmjs.org/@rolldown%2fbinding-darwin-arm64 set size:undefined disposed:false
154 silly fetch manifest @rolldown/binding-linux-ppc64-gnu@1.0.2
155 silly packumentCache full:https://registry.npmjs.org/@rolldown%2fbinding-linux-ppc64-gnu cache-miss
156 http fetch GET 200 https://registry.npmjs.org/@rolldown%2fbinding-linux-arm64-musl 334ms (cache miss)
157 silly packumentCache full:https://registry.npmjs.org/@rolldown%2fbinding-linux-arm64-musl set size:undefined disposed:false
158 silly fetch manifest fdir@^6.5.0
159 silly packumentCache full:https://registry.npmjs.org/fdir cache-miss
160 http fetch GET 200 https://registry.npmjs.org/@rolldown%2fbinding-openharmony-arm64 277ms (cache miss)
161 silly packumentCache full:https://registry.npmjs.org/@rolldown%2fbinding-openharmony-arm64 set size:undefined disposed:false
162 http fetch GET 200 https://registry.npmjs.org/@rolldown%2fbinding-linux-s390x-gnu 182ms (cache miss)
163 silly packumentCache full:https://registry.npmjs.org/@rolldown%2fbinding-linux-s390x-gnu set size:undefined disposed:false
164 http fetch GET 200 https://registry.npmjs.org/@rolldown%2fbinding-android-arm64 282ms (cache miss)
165 silly packumentCache full:https://registry.npmjs.org/@rolldown%2fbinding-android-arm64 set size:undefined disposed:false
166 http fetch GET 200 https://registry.npmjs.org/@rolldown%2fbinding-win32-arm64-msvc 325ms (cache miss)
167 silly packumentCache full:https://registry.npmjs.org/@rolldown%2fbinding-win32-arm64-msvc set size:undefined disposed:false
168 http fetch GET 200 https://registry.npmjs.org/@rolldown%2fbinding-wasm32-wasi 272ms (cache miss)
169 silly packumentCache full:https://registry.npmjs.org/@rolldown%2fbinding-wasm32-wasi set size:undefined disposed:false
170 http fetch GET 200 https://registry.npmjs.org/@rolldown%2fbinding-linux-ppc64-gnu 173ms (cache miss)
171 silly packumentCache full:https://registry.npmjs.org/@rolldown%2fbinding-linux-ppc64-gnu set size:undefined disposed:false
172 http fetch GET 200 https://registry.npmjs.org/fdir 304ms (cache miss)
173 silly packumentCache full:https://registry.npmjs.org/fdir set size:undefined disposed:false
174 silly placeDep ROOT detect-libc@2.1.2 OK for: lightningcss@1.32.0 want: ^2.0.3
175 silly placeDep ROOT lightningcss-android-arm64@1.32.0 OK for: lightningcss@1.32.0 want: 1.32.0
176 silly placeDep ROOT lightningcss-darwin-arm64@1.32.0 OK for: lightningcss@1.32.0 want: 1.32.0
177 silly placeDep ROOT lightningcss-darwin-x64@1.32.0 OK for: lightningcss@1.32.0 want: 1.32.0
178 silly placeDep ROOT lightningcss-freebsd-x64@1.32.0 OK for: lightningcss@1.32.0 want: 1.32.0
179 silly placeDep ROOT lightningcss-linux-arm-gnueabihf@1.32.0 OK for: lightningcss@1.32.0 want: 1.32.0
180 silly placeDep ROOT lightningcss-linux-arm64-gnu@1.32.0 OK for: lightningcss@1.32.0 want: 1.32.0
181 silly placeDep ROOT lightningcss-linux-arm64-musl@1.32.0 OK for: lightningcss@1.32.0 want: 1.32.0
182 silly placeDep ROOT lightningcss-linux-x64-gnu@1.32.0 OK for: lightningcss@1.32.0 want: 1.32.0
183 silly placeDep ROOT lightningcss-linux-x64-musl@1.32.0 OK for: lightningcss@1.32.0 want: 1.32.0
184 silly placeDep ROOT lightningcss-win32-arm64-msvc@1.32.0 OK for: lightningcss@1.32.0 want: 1.32.0
185 silly placeDep ROOT lightningcss-win32-x64-msvc@1.32.0 OK for: lightningcss@1.32.0 want: 1.32.0
186 silly placeDep ROOT nanoid@3.3.12 OK for: postcss@8.5.15 want: ^3.3.12
187 silly placeDep ROOT source-map-js@1.2.1 OK for: postcss@8.5.15 want: ^1.2.1
188 silly placeDep ROOT @oxc-project/types@0.132.0 OK for: rolldown@1.0.2 want: =0.132.0
189 silly placeDep ROOT @rolldown/binding-android-arm64@1.0.2 OK for: rolldown@1.0.2 want: 1.0.2
190 silly placeDep ROOT @rolldown/binding-darwin-arm64@1.0.2 OK for: rolldown@1.0.2 want: 1.0.2
191 silly placeDep ROOT @rolldown/binding-darwin-x64@1.0.2 OK for: rolldown@1.0.2 want: 1.0.2
192 silly placeDep ROOT @rolldown/binding-freebsd-x64@1.0.2 OK for: rolldown@1.0.2 want: 1.0.2
193 silly placeDep ROOT @rolldown/binding-linux-arm-gnueabihf@1.0.2 OK for: rolldown@1.0.2 want: 1.0.2
194 silly placeDep ROOT @rolldown/binding-linux-arm64-gnu@1.0.2 OK for: rolldown@1.0.2 want: 1.0.2
195 silly placeDep ROOT @rolldown/binding-linux-arm64-musl@1.0.2 OK for: rolldown@1.0.2 want: 1.0.2
196 silly placeDep ROOT @rolldown/binding-linux-ppc64-gnu@1.0.2 OK for: rolldown@1.0.2 want: 1.0.2
197 silly placeDep ROOT @rolldown/binding-linux-s390x-gnu@1.0.2 OK for: rolldown@1.0.2 want: 1.0.2
198 silly placeDep ROOT @rolldown/binding-linux-x64-gnu@1.0.2 OK for: rolldown@1.0.2 want: 1.0.2
199 silly placeDep ROOT @rolldown/binding-linux-x64-musl@1.0.2 OK for: rolldown@1.0.2 want: 1.0.2
200 silly placeDep ROOT @rolldown/binding-openharmony-arm64@1.0.2 OK for: rolldown@1.0.2 want: 1.0.2
201 silly placeDep ROOT @rolldown/binding-wasm32-wasi@1.0.2 OK for: rolldown@1.0.2 want: 1.0.2
202 silly placeDep ROOT @rolldown/binding-win32-arm64-msvc@1.0.2 OK for: rolldown@1.0.2 want: 1.0.2
203 silly placeDep ROOT @rolldown/binding-win32-x64-msvc@1.0.2 OK for: rolldown@1.0.2 want: 1.0.2
204 silly fetch manifest @napi-rs/wasm-runtime@^1.1.4
205 silly packumentCache full:https://registry.npmjs.org/@napi-rs%2fwasm-runtime cache-miss
206 silly fetch manifest @emnapi/core@1.10.0
207 silly packumentCache full:https://registry.npmjs.org/@emnapi%2fcore cache-miss
208 silly fetch manifest @emnapi/runtime@1.10.0
209 silly packumentCache full:https://registry.npmjs.org/@emnapi%2fruntime cache-miss
210 http fetch GET 200 https://registry.npmjs.org/@napi-rs%2fwasm-runtime 198ms (cache miss)
211 silly packumentCache full:https://registry.npmjs.org/@napi-rs%2fwasm-runtime set size:undefined disposed:false
212 http fetch GET 200 https://registry.npmjs.org/@emnapi%2fcore 233ms (cache miss)
213 silly packumentCache full:https://registry.npmjs.org/@emnapi%2fcore set size:undefined disposed:false
214 http fetch GET 200 https://registry.npmjs.org/@emnapi%2fruntime 253ms (cache miss)
215 silly packumentCache full:https://registry.npmjs.org/@emnapi%2fruntime set size:undefined disposed:false
216 silly placeDep ROOT @emnapi/core@1.10.0 OK for: @rolldown/binding-wasm32-wasi@1.0.2 want: 1.10.0
217 silly placeDep ROOT @emnapi/runtime@1.10.0 OK for: @rolldown/binding-wasm32-wasi@1.0.2 want: 1.10.0
218 silly placeDep ROOT @napi-rs/wasm-runtime@1.1.4 OK for: @rolldown/binding-wasm32-wasi@1.0.2 want: ^1.1.4
219 silly fetch manifest tslib@^2.4.0
220 silly packumentCache full:https://registry.npmjs.org/tslib cache-miss
221 silly fetch manifest @emnapi/wasi-threads@1.2.1
222 silly packumentCache full:https://registry.npmjs.org/@emnapi%2fwasi-threads cache-miss
223 silly fetch manifest tslib@^2.4.0
224 silly packumentCache full:https://registry.npmjs.org/tslib cache-miss
225 silly fetch manifest @tybys/wasm-util@^0.10.1
226 silly packumentCache full:https://registry.npmjs.org/@tybys%2fwasm-util cache-miss
227 http fetch GET 200 https://registry.npmjs.org/tslib 182ms (cache miss)
228 silly packumentCache full:https://registry.npmjs.org/tslib set size:undefined disposed:false
229 http fetch GET 200 https://registry.npmjs.org/tslib 181ms (cache miss)
230 silly packumentCache full:https://registry.npmjs.org/tslib set size:undefined disposed:false
231 http fetch GET 200 https://registry.npmjs.org/@emnapi%2fwasi-threads 189ms (cache miss)
232 silly packumentCache full:https://registry.npmjs.org/@emnapi%2fwasi-threads set size:undefined disposed:false
233 http fetch GET 200 https://registry.npmjs.org/@tybys%2fwasm-util 195ms (cache miss)
234 silly packumentCache full:https://registry.npmjs.org/@tybys%2fwasm-util set size:undefined disposed:false
235 silly placeDep ROOT @emnapi/wasi-threads@1.2.1 OK for: @emnapi/core@1.10.0 want: 1.2.1
236 silly placeDep ROOT tslib@2.8.1 OK for: @emnapi/core@1.10.0 want: ^2.4.0
237 silly placeDep ROOT @tybys/wasm-util@0.10.2 OK for: @napi-rs/wasm-runtime@1.1.4 want: ^0.10.1
238 silly placeDep ROOT fdir@6.5.0 OK for: tinyglobby@0.2.16 want: ^6.5.0
239 silly reify moves {}
240 silly audit bulk request {
240 silly audit   '@ant-design/colors': [ '8.0.1' ],
240 silly audit   '@ant-design/cssinjs': [ '2.1.2' ],
240 silly audit   '@ant-design/cssinjs-utils': [ '2.1.2' ],
240 silly audit   '@ant-design/fast-color': [ '3.0.1' ],
240 silly audit   '@ant-design/icons': [ '6.2.3' ],
240 silly audit   '@ant-design/icons-svg': [ '4.4.2' ],
240 silly audit   '@ant-design/react-slick': [ '2.0.0' ],
240 silly audit   '@babel/code-frame': [ '7.29.7' ],
240 silly audit   '@babel/compat-data': [ '7.29.7' ],
240 silly audit   '@babel/core': [ '7.29.7' ],
240 silly audit   semver: [ '6.3.1', '7.8.1' ],
240 silly audit   '@babel/generator': [ '7.29.7' ],
240 silly audit   '@babel/helper-compilation-targets': [ '7.29.7' ],
240 silly audit   '@babel/helper-globals': [ '7.29.7' ],
240 silly audit   '@babel/helper-module-imports': [ '7.29.7' ],
240 silly audit   '@babel/helper-module-transforms': [ '7.29.7' ],
240 silly audit   '@babel/helper-plugin-utils': [ '7.29.7' ],
240 silly audit   '@babel/helper-string-parser': [ '7.29.7' ],
240 silly audit   '@babel/helper-validator-identifier': [ '7.29.7' ],
240 silly audit   '@babel/helper-validator-option': [ '7.29.7' ],
240 silly audit   '@babel/helpers': [ '7.29.7' ],
240 silly audit   '@babel/parser': [ '7.29.7' ],
240 silly audit   '@babel/plugin-transform-arrow-functions': [ '7.29.7' ],
240 silly audit   '@babel/runtime': [ '7.29.7' ],
240 silly audit   '@babel/template': [ '7.29.7' ],
240 silly audit   '@babel/traverse': [ '7.29.7' ],
240 silly audit   '@babel/types': [ '7.29.7' ],
240 silly audit   '@electron/get': [ '5.0.0' ],
240 silly audit   '@emotion/hash': [ '0.8.0' ],
240 silly audit   '@emotion/unitless': [ '0.7.5' ],
240 silly audit   '@esbuild/aix-ppc64': [ '0.25.12' ],
240 silly audit   '@esbuild/android-arm': [ '0.25.12' ],
240 silly audit   '@esbuild/android-arm64': [ '0.25.12' ],
240 silly audit   '@esbuild/android-x64': [ '0.25.12' ],
240 silly audit   '@esbuild/darwin-arm64': [ '0.25.12' ],
240 silly audit   '@esbuild/darwin-x64': [ '0.25.12' ],
240 silly audit   '@esbuild/freebsd-arm64': [ '0.25.12' ],
240 silly audit   '@esbuild/freebsd-x64': [ '0.25.12' ],
240 silly audit   '@esbuild/linux-arm': [ '0.25.12' ],
240 silly audit   '@esbuild/linux-arm64': [ '0.25.12' ],
240 silly audit   '@esbuild/linux-ia32': [ '0.25.12' ],
240 silly audit   '@esbuild/linux-loong64': [ '0.25.12' ],
240 silly audit   '@esbuild/linux-mips64el': [ '0.25.12' ],
240 silly audit   '@esbuild/linux-ppc64': [ '0.25.12' ],
240 silly audit   '@esbuild/linux-riscv64': [ '0.25.12' ],
240 silly audit   '@esbuild/linux-s390x': [ '0.25.12' ],
240 silly audit   '@esbuild/linux-x64': [ '0.25.12' ],
240 silly audit   '@esbuild/netbsd-arm64': [ '0.25.12' ],
240 silly audit   '@esbuild/netbsd-x64': [ '0.25.12' ],
240 silly audit   '@esbuild/openbsd-arm64': [ '0.25.12' ],
240 silly audit   '@esbuild/openbsd-x64': [ '0.25.12' ],
240 silly audit   '@esbuild/openharmony-arm64': [ '0.25.12' ],
240 silly audit   '@esbuild/sunos-x64': [ '0.25.12' ],
240 silly audit   '@esbuild/win32-arm64': [ '0.25.12' ],
240 silly audit   '@esbuild/win32-ia32': [ '0.25.12' ],
240 silly audit   '@esbuild/win32-x64': [ '0.25.12' ],
240 silly audit   '@jridgewell/gen-mapping': [ '0.3.13' ],
240 silly audit   '@jridgewell/remapping': [ '2.3.5' ],
240 silly audit   '@jridgewell/resolve-uri': [ '3.1.2' ],
240 silly audit   '@jridgewell/sourcemap-codec': [ '1.5.5' ],
240 silly audit   '@jridgewell/trace-mapping': [ '0.3.31' ],
240 silly audit   '@rc-component/async-validator': [ '5.1.0' ],
240 silly audit   '@rc-component/cascader': [ '1.15.0' ],
240 silly audit   '@rc-component/checkbox': [ '2.0.0' ],
240 silly audit   '@rc-component/collapse': [ '1.2.0' ],
240 silly audit   '@rc-component/color-picker': [ '3.1.1' ],
240 silly audit   '@rc-component/context': [ '2.0.1' ],
240 silly audit   '@rc-component/dialog': [ '1.9.0' ],
240 silly audit   '@rc-component/drawer': [ '1.4.2' ],
240 silly audit   '@rc-component/dropdown': [ '1.0.2' ],
240 silly audit   '@rc-component/form': [ '1.8.1' ],
240 silly audit   '@rc-component/image': [ '1.9.0' ],
240 silly audit   '@rc-component/input': [ '1.3.1' ],
240 silly audit   '@rc-component/input-number': [ '1.6.2' ],
240 silly audit   '@rc-component/mentions': [ '1.9.0' ],
240 silly audit   '@rc-component/menu': [ '1.3.0' ],
240 silly audit   '@rc-component/mini-decimal': [ '1.1.3' ],
240 silly audit   '@rc-component/motion': [ '1.3.2' ],
240 silly audit   '@rc-component/mutate-observer': [ '2.0.1' ],
240 silly audit   '@rc-component/notification': [ '2.0.7' ],
240 silly audit   '@rc-component/overflow': [ '1.0.1' ],
240 silly audit   '@rc-component/pagination': [ '1.2.0' ],
240 silly audit   '@rc-component/picker': [ '1.10.0' ],
240 silly audit   '@rc-component/portal': [ '2.2.0' ],
240 silly audit   '@rc-component/progress': [ '1.0.2' ],
240 silly audit   '@rc-component/qrcode': [ '1.1.1' ],
240 silly audit   '@rc-component/rate': [ '1.0.1' ],
240 silly audit   '@rc-component/resize-observer': [ '1.1.2' ],
240 silly audit   '@rc-component/segmented': [ '1.3.0' ],
240 silly audit   '@rc-component/select': [ '1.6.15' ],
240 silly audit   '@rc-component/slider': [ '1.0.1' ],
240 silly audit   '@rc-component/steps': [ '1.2.2' ],
240 silly audit   '@rc-component/switch': [ '1.0.3' ],
240 silly audit   '@rc-component/table': [ '1.10.0' ],
240 silly audit   '@rc-component/tabs': [ '1.9.0' ],
240 silly audit   '@rc-component/tooltip': [ '1.4.0' ],
240 silly audit   '@rc-component/tour': [ '2.4.0' ],
240 silly audit   '@rc-component/tree': [ '1.3.2' ],
240 silly audit   '@rc-component/tree-select': [ '1.9.0' ],
240 silly audit   '@rc-component/trigger': [ '3.9.0' ],
240 silly audit   '@rc-component/upload': [ '1.1.0' ],
240 silly audit   '@rc-component/util': [ '1.11.1' ],
240 silly audit   '@rc-component/virtual-list': [ '1.2.0' ],
240 silly audit   '@rolldown/pluginutils': [ '1.0.1' ],
240 silly audit   '@serialport/binding-mock': [ '10.2.2' ],
240 silly audit   '@serialport/bindings-cpp': [ '13.0.0' ],
240 silly audit   '@serialport/parser-delimiter': [ '12.0.0', '13.0.0' ],
240 silly audit   '@serialport/parser-readline': [ '12.0.0', '13.0.0' ],
240 silly audit   debug: [ '4.4.0', '4.4.3' ],
240 silly audit   '@serialport/bindings-interface': [ '1.2.2' ],
240 silly audit   '@serialport/parser-byte-length': [ '13.0.0' ],
240 silly audit   '@serialport/parser-cctalk': [ '13.0.0' ],
240 silly audit   '@serialport/parser-inter-byte-timeout': [ '13.0.0' ],
240 silly audit   '@serialport/parser-packet-length': [ '13.0.0' ],
240 silly audit   '@serialport/parser-ready': [ '13.0.0' ],
240 silly audit   '@serialport/parser-regex': [ '13.0.0' ],
240 silly audit   '@serialport/parser-slip-encoder': [ '13.0.0' ],
240 silly audit   '@serialport/parser-spacepacket': [ '13.0.0' ],
240 silly audit   '@serialport/stream': [ '13.0.0' ],
240 silly audit   '@types/node': [ '24.12.4' ],
240 silly audit   '@types/yauzl': [ '2.10.3' ],
240 silly audit   '@vitejs/plugin-react': [ '6.0.2' ],
240 silly audit   antd: [ '6.4.3' ],
240 silly audit   'baseline-browser-mapping': [ '2.10.32' ],
240 silly audit   browserslist: [ '4.28.2' ],
240 silly audit   'buffer-crc32': [ '0.2.13' ],
240 silly audit   cac: [ '6.7.14' ],
240 silly audit   'caniuse-lite': [ '1.0.30001793' ],
240 silly audit   clsx: [ '2.1.1' ],
240 silly audit   'compute-scroll-into-view': [ '3.1.1' ],
240 silly audit   'convert-source-map': [ '2.0.0' ],
240 silly audit   csstype: [ '3.2.3' ],
240 silly audit   dayjs: [ '1.11.20' ],
240 silly audit   electron: [ '42.2.0' ],
240 silly audit   'electron-to-chromium': [ '1.5.361' ],
240 silly audit   'electron-vite': [ '5.0.0' ],
240 silly audit   'end-of-stream': [ '1.4.5' ],
240 silly audit   'env-paths': [ '3.0.0' ],
240 silly audit   esbuild: [ '0.25.12' ],
240 silly audit   escalade: [ '3.2.0' ],
240 silly audit   'extract-zip': [ '2.0.1' ],
240 silly audit   'fd-slicer': [ '1.1.0' ],
240 silly audit   gensync: [ '1.0.0-beta.2' ],
240 silly audit   'get-stream': [ '5.2.0' ],
240 silly audit   'graceful-fs': [ '4.2.11' ],
240 silly audit   'is-mobile': [ '5.0.0' ],
240 silly audit   'js-tokens': [ '4.0.0' ],
240 silly audit   jsesc: [ '3.1.0' ],
240 silly audit   json2mq: [ '0.2.0' ],
240 silly audit   json5: [ '2.2.3' ],
240 silly audit   'loose-envify': [ '1.4.0' ],
240 silly audit   'lru-cache': [ '5.1.1' ],
240 silly audit   'magic-string': [ '0.30.21' ],
240 silly audit   'modbus-serial': [ '8.0.25' ],
240 silly audit   ms: [ '2.1.3' ],
240 silly audit   'node-addon-api': [ '8.3.0' ],
240 silly audit   'node-gyp-build': [ '4.8.4' ],
240 silly audit   'node-releases': [ '2.0.46' ],
240 silly audit   once: [ '1.4.0' ],
240 silly audit   pend: [ '1.2.0' ],
240 silly audit   picocolors: [ '1.1.1' ],
240 silly audit   progress: [ '2.0.3' ],
240 silly audit   pump: [ '3.0.4' ],
240 silly audit   react: [ '18.3.1' ],
240 silly audit   'react-dom': [ '18.3.1' ],
240 silly audit   'react-is': [ '18.3.1' ],
240 silly audit   scheduler: [ '0.23.2' ],
240 silly audit   'scroll-into-view-if-needed': [ '3.1.0' ],
240 silly audit   serialport: [ '13.0.0' ],
240 silly audit   'string-convert': [ '0.2.1' ],
240 silly audit   stylis: [ '4.4.0' ],
240 silly audit   sumchecker: [ '3.0.1' ],
240 silly audit   'throttle-debounce': [ '5.0.2' ],
240 silly audit   undici: [ '7.26.0' ],
240 silly audit   'undici-types': [ '7.16.0' ],
240 silly audit   'update-browserslist-db': [ '1.2.3' ],
240 silly audit   wrappy: [ '1.0.2' ],
240 silly audit   yallist: [ '3.1.1' ],
240 silly audit   yauzl: [ '2.10.0' ],
240 silly audit   vite: [ '8.0.14' ],
240 silly audit   fsevents: [ '2.3.3' ],
240 silly audit   lightningcss: [ '1.32.0' ],
240 silly audit   picomatch: [ '4.0.4' ],
240 silly audit   postcss: [ '8.5.15' ],
240 silly audit   rolldown: [ '1.0.2' ],
240 silly audit   tinyglobby: [ '0.2.16' ],
240 silly audit   'detect-libc': [ '2.1.2' ],
240 silly audit   'lightningcss-android-arm64': [ '1.32.0' ],
240 silly audit   'lightningcss-darwin-arm64': [ '1.32.0' ],
240 silly audit   'lightningcss-darwin-x64': [ '1.32.0' ],
240 silly audit   'lightningcss-freebsd-x64': [ '1.32.0' ],
240 silly audit   'lightningcss-linux-arm-gnueabihf': [ '1.32.0' ],
240 silly audit   'lightningcss-linux-arm64-gnu': [ '1.32.0' ],
240 silly audit   'lightningcss-linux-arm64-musl': [ '1.32.0' ],
240 silly audit   'lightningcss-linux-x64-gnu': [ '1.32.0' ],
240 silly audit   'lightningcss-linux-x64-musl': [ '1.32.0' ],
240 silly audit   'lightningcss-win32-arm64-msvc': [ '1.32.0' ],
240 silly audit   'lightningcss-win32-x64-msvc': [ '1.32.0' ],
240 silly audit   nanoid: [ '3.3.12' ],
240 silly audit   'source-map-js': [ '1.2.1' ],
240 silly audit   '@oxc-project/types': [ '0.132.0' ],
240 silly audit   '@rolldown/binding-android-arm64': [ '1.0.2' ],
240 silly audit   '@rolldown/binding-darwin-arm64': [ '1.0.2' ],
240 silly audit   '@rolldown/binding-darwin-x64': [ '1.0.2' ],
240 silly audit   '@rolldown/binding-freebsd-x64': [ '1.0.2' ],
240 silly audit   '@rolldown/binding-linux-arm-gnueabihf': [ '1.0.2' ],
240 silly audit   '@rolldown/binding-linux-arm64-gnu': [ '1.0.2' ],
240 silly audit   '@rolldown/binding-linux-arm64-musl': [ '1.0.2' ],
240 silly audit   '@rolldown/binding-linux-ppc64-gnu': [ '1.0.2' ],
240 silly audit   '@rolldown/binding-linux-s390x-gnu': [ '1.0.2' ],
240 silly audit   '@rolldown/binding-linux-x64-gnu': [ '1.0.2' ],
240 silly audit   '@rolldown/binding-linux-x64-musl': [ '1.0.2' ],
240 silly audit   '@rolldown/binding-openharmony-arm64': [ '1.0.2' ],
240 silly audit   '@rolldown/binding-wasm32-wasi': [ '1.0.2' ],
240 silly audit   '@rolldown/binding-win32-arm64-msvc': [ '1.0.2' ],
240 silly audit   '@rolldown/binding-win32-x64-msvc': [ '1.0.2' ],
240 silly audit   '@emnapi/core': [ '1.10.0' ],
240 silly audit   '@emnapi/runtime': [ '1.10.0' ],
240 silly audit   '@napi-rs/wasm-runtime': [ '1.1.4' ],
240 silly audit   '@emnapi/wasi-threads': [ '1.2.1' ],
240 silly audit   tslib: [ '2.8.1' ],
240 silly audit   '@tybys/wasm-util': [ '0.10.2' ],
240 silly audit   fdir: [ '6.5.0' ]
240 silly audit }
241 http cache fdir@https://registry.npmjs.org/fdir/-/fdir-6.5.0.tgz 8ms (cache hit)
242 http cache @rolldown/binding-darwin-arm64@https://registry.npmjs.org/@rolldown/binding-darwin-arm64/-/binding-darwin-arm64-1.0.2.tgz 0ms (cache hit)
243 http cache @oxc-project/types@https://registry.npmjs.org/@oxc-project/types/-/types-0.132.0.tgz 0ms (cache hit)
244 http cache source-map-js@https://registry.npmjs.org/source-map-js/-/source-map-js-1.2.1.tgz 0ms (cache hit)
245 http cache nanoid@https://registry.npmjs.org/nanoid/-/nanoid-3.3.12.tgz 0ms (cache hit)
246 http cache lightningcss-darwin-arm64@https://registry.npmjs.org/lightningcss-darwin-arm64/-/lightningcss-darwin-arm64-1.32.0.tgz 0ms (cache hit)
247 http cache detect-libc@https://registry.npmjs.org/detect-libc/-/detect-libc-2.1.2.tgz 0ms (cache hit)
248 http cache tinyglobby@https://registry.npmjs.org/tinyglobby/-/tinyglobby-0.2.16.tgz 0ms (cache hit)
249 http cache rolldown@https://registry.npmjs.org/rolldown/-/rolldown-1.0.2.tgz 1ms (cache hit)
250 http cache postcss@https://registry.npmjs.org/postcss/-/postcss-8.5.15.tgz 0ms (cache hit)
251 http cache picomatch@https://registry.npmjs.org/picomatch/-/picomatch-4.0.4.tgz 0ms (cache hit)
252 http cache lightningcss@https://registry.npmjs.org/lightningcss/-/lightningcss-1.32.0.tgz 0ms (cache hit)
253 http cache fsevents@https://registry.npmjs.org/fsevents/-/fsevents-2.3.3.tgz 0ms (cache hit)
254 http cache vite@https://registry.npmjs.org/vite/-/vite-8.0.14.tgz 0ms (cache hit)
255 silly tarball no local data for fdir@https://registry.npmjs.org/fdir/-/fdir-6.5.0.tgz. Extracting by manifest.
256 silly tarball no local data for @rolldown/binding-darwin-arm64@https://registry.npmjs.org/@rolldown/binding-darwin-arm64/-/binding-darwin-arm64-1.0.2.tgz. Extracting by manifest.
257 silly tarball no local data for @oxc-project/types@https://registry.npmjs.org/@oxc-project/types/-/types-0.132.0.tgz. Extracting by manifest.
258 silly tarball no local data for source-map-js@https://registry.npmjs.org/source-map-js/-/source-map-js-1.2.1.tgz. Extracting by manifest.
259 silly tarball no local data for nanoid@https://registry.npmjs.org/nanoid/-/nanoid-3.3.12.tgz. Extracting by manifest.
260 silly tarball no local data for detect-libc@https://registry.npmjs.org/detect-libc/-/detect-libc-2.1.2.tgz. Extracting by manifest.
261 silly tarball no local data for lightningcss-darwin-arm64@https://registry.npmjs.org/lightningcss-darwin-arm64/-/lightningcss-darwin-arm64-1.32.0.tgz. Extracting by manifest.
262 silly tarball no local data for tinyglobby@https://registry.npmjs.org/tinyglobby/-/tinyglobby-0.2.16.tgz. Extracting by manifest.
263 silly tarball no local data for rolldown@https://registry.npmjs.org/rolldown/-/rolldown-1.0.2.tgz. Extracting by manifest.
264 silly tarball no local data for postcss@https://registry.npmjs.org/postcss/-/postcss-8.5.15.tgz. Extracting by manifest.
265 silly tarball no local data for picomatch@https://registry.npmjs.org/picomatch/-/picomatch-4.0.4.tgz. Extracting by manifest.
266 silly tarball no local data for lightningcss@https://registry.npmjs.org/lightningcss/-/lightningcss-1.32.0.tgz. Extracting by manifest.
267 silly tarball no local data for fsevents@https://registry.npmjs.org/fsevents/-/fsevents-2.3.3.tgz. Extracting by manifest.
268 silly tarball no local data for vite@https://registry.npmjs.org/vite/-/vite-8.0.14.tgz. Extracting by manifest.
269 http fetch POST 200 https://registry.npmjs.org/-/npm/v1/security/advisories/bulk 505ms
270 silly audit report {}
271 http fetch GET 200 https://registry.npmjs.org/nanoid/-/nanoid-3.3.12.tgz 557ms (cache miss)
272 http fetch GET 200 https://registry.npmjs.org/detect-libc/-/detect-libc-2.1.2.tgz 556ms (cache miss)
273 http fetch GET 200 https://registry.npmjs.org/fdir/-/fdir-6.5.0.tgz 566ms (cache miss)
274 http fetch GET 200 https://registry.npmjs.org/@oxc-project/types/-/types-0.132.0.tgz 565ms (cache miss)
275 http fetch GET 200 https://registry.npmjs.org/source-map-js/-/source-map-js-1.2.1.tgz 653ms (cache miss)
276 http fetch GET 200 https://registry.npmjs.org/tinyglobby/-/tinyglobby-0.2.16.tgz 1177ms (cache miss)
277 http fetch GET 200 https://registry.npmjs.org/picomatch/-/picomatch-4.0.4.tgz 1937ms (cache miss)
278 http fetch GET 200 https://registry.npmjs.org/fsevents/-/fsevents-2.3.3.tgz 1954ms (cache miss)
279 http fetch GET 200 https://registry.npmjs.org/lightningcss/-/lightningcss-1.32.0.tgz 2044ms (cache miss)
280 http fetch GET 200 https://registry.npmjs.org/postcss/-/postcss-8.5.15.tgz 2180ms (cache miss)
281 http fetch GET 200 https://registry.npmjs.org/rolldown/-/rolldown-1.0.2.tgz 2284ms (cache miss)
282 http fetch GET 200 https://registry.npmjs.org/vite/-/vite-8.0.14.tgz 2282ms (cache miss)
283 http fetch GET 200 https://registry.npmjs.org/lightningcss-darwin-arm64/-/lightningcss-darwin-arm64-1.32.0.tgz 2485ms (cache miss)
284 http fetch GET 200 https://registry.npmjs.org/@rolldown/binding-darwin-arm64/-/binding-darwin-arm64-1.0.2.tgz 3025ms (cache miss)
285 info run fsevents@2.3.3 install node_modules/fsevents node-gyp rebuild
286 info run fsevents@2.3.3 install { code: 1, signal: null }
287 verbose reify failed optional dependency /Users/wuwenbo/Documents/trae_projects/SoloProjects-hll/p134/node_modules/fsevents
288 silly reify mark deleted [
288 silly reify   '/Users/wuwenbo/Documents/trae_projects/SoloProjects-hll/p134/node_modules/fsevents'
288 silly reify ]
289 silly ADD node_modules/fdir
290 silly ADD node_modules/@rolldown/binding-darwin-arm64
291 silly ADD node_modules/@oxc-project/types
292 silly ADD node_modules/source-map-js
293 silly ADD node_modules/nanoid
294 silly ADD node_modules/lightningcss-darwin-arm64
295 silly ADD node_modules/detect-libc
296 silly ADD node_modules/tinyglobby
297 silly ADD node_modules/rolldown
298 silly ADD node_modules/postcss
299 silly ADD node_modules/picomatch
300 silly ADD node_modules/lightningcss
301 silly ADD
302 silly ADD node_modules/vite
303 verbose cwd /Users/wuwenbo/Documents/trae_projects/SoloProjects-hll/p134
304 verbose os Darwin 23.5.0
305 verbose node v24.12.0
306 verbose npm  v11.6.2
307 verbose exit 0
308 info ok
