0 verbose cli /usr/local/bin/node /usr/local/bin/npm
1 info using npm@11.6.2
2 info using node@v24.12.0
3 silly config load:file:/usr/local/lib/node_modules/npm/npmrc
4 silly config load:file:/Users/wuwenbo/Documents/trae_projects/SoloProjects-hll/p134/.npmrc
5 silly config load:file:/Users/wuwenbo/.npmrc
6 verbose config error loading user config Error: EACCES: permission denied, open '/Users/wuwenbo/.npmrc'
6 verbose config     at async open (node:internal/fs/promises:642:25)
6 verbose config     at async readFile (node:internal/fs/promises:1279:14)
6 verbose config     at async #loadFile (/usr/local/lib/node_modules/npm/node_modules/@npmcli/config/lib/index.js:635:5)
6 verbose config     at async Config.load (/usr/local/lib/node_modules/npm/node_modules/@npmcli/config/lib/index.js:259:5)
6 verbose config     at async #load (/usr/local/lib/node_modules/npm/lib/npm.js:99:5)
6 verbose config     at async Npm.load (/usr/local/lib/node_modules/npm/lib/npm.js:81:14)
6 verbose config     at async module.exports (/usr/local/lib/node_modules/npm/lib/cli/entry.js:35:37) {
6 verbose config   errno: -13,
6 verbose config   code: 'EACCES',
6 verbose config   syscall: 'open',
6 verbose config   path: '/Users/wuwenbo/.npmrc'
6 verbose config }
7 silly config load:file:/usr/local/etc/npmrc
8 verbose title npm install @vitejs/plugin-react
9 verbose argv "install" "@vitejs/plugin-react" "--save-dev" "--legacy-peer-deps" "--cache" "./.npm-cache"
10 verbose logfile logs-max:10 dir:/Users/wuwenbo/Documents/trae_projects/SoloProjects-hll/p134/.npm-cache/_logs/2026-05-26T00_29_28_441Z-
11 verbose logfile /Users/wuwenbo/Documents/trae_projects/SoloProjects-hll/p134/.npm-cache/_logs/2026-05-26T00_29_28_441Z-debug-0.log
12 silly logfile done cleaning log files
13 silly packumentCache heap:4496293888 maxSize:1124073472 maxEntrySize:562036736
14 silly idealTree buildDeps
15 silly fetch manifest @vitejs/plugin-react@*
16 silly packumentCache full:https://registry.npmjs.org/@vitejs%2fplugin-react cache-miss
17 http fetch GET 200 https://registry.npmjs.org/@vitejs%2fplugin-react 816ms (cache miss)
18 silly packumentCache full:https://registry.npmjs.org/@vitejs%2fplugin-react set size:undefined disposed:false
19 silly placeDep ROOT @vitejs/plugin-react@6.0.2 OK for: modbus-slave-simulator@1.0.0 want: *
20 silly fetch manifest @rolldown/pluginutils@^1.0.0
21 silly packumentCache full:https://registry.npmjs.org/@rolldown%2fpluginutils cache-miss
22 http fetch GET 200 https://registry.npmjs.org/@rolldown%2fpluginutils 237ms (cache miss)
23 silly packumentCache full:https://registry.npmjs.org/@rolldown%2fpluginutils set size:undefined disposed:false
24 silly placeDep ROOT @rolldown/pluginutils@1.0.1 OK for: @vitejs/plugin-react@6.0.2 want: ^1.0.0
25 silly reify moves {}
26 silly audit bulk request {
26 silly audit   '@ant-design/colors': [ '8.0.1' ],
26 silly audit   '@ant-design/cssinjs': [ '2.1.2' ],
26 silly audit   '@ant-design/cssinjs-utils': [ '2.1.2' ],
26 silly audit   '@ant-design/fast-color': [ '3.0.1' ],
26 silly audit   '@ant-design/icons': [ '6.2.3' ],
26 silly audit   '@ant-design/icons-svg': [ '4.4.2' ],
26 silly audit   '@ant-design/react-slick': [ '2.0.0' ],
26 silly audit   '@babel/code-frame': [ '7.29.7' ],
26 silly audit   '@babel/compat-data': [ '7.29.7' ],
26 silly audit   '@babel/core': [ '7.29.7' ],
26 silly audit   semver: [ '6.3.1', '7.8.1' ],
26 silly audit   '@babel/generator': [ '7.29.7' ],
26 silly audit   '@babel/helper-compilation-targets': [ '7.29.7' ],
26 silly audit   '@babel/helper-globals': [ '7.29.7' ],
26 silly audit   '@babel/helper-module-imports': [ '7.29.7' ],
26 silly audit   '@babel/helper-module-transforms': [ '7.29.7' ],
26 silly audit   '@babel/helper-plugin-utils': [ '7.29.7' ],
26 silly audit   '@babel/helper-string-parser': [ '7.29.7' ],
26 silly audit   '@babel/helper-validator-identifier': [ '7.29.7' ],
26 silly audit   '@babel/helper-validator-option': [ '7.29.7' ],
26 silly audit   '@babel/helpers': [ '7.29.7' ],
26 silly audit   '@babel/parser': [ '7.29.7' ],
26 silly audit   '@babel/plugin-transform-arrow-functions': [ '7.29.7' ],
26 silly audit   '@babel/runtime': [ '7.29.7' ],
26 silly audit   '@babel/template': [ '7.29.7' ],
26 silly audit   '@babel/traverse': [ '7.29.7' ],
26 silly audit   '@babel/types': [ '7.29.7' ],
26 silly audit   '@electron/get': [ '5.0.0' ],
26 silly audit   '@emotion/hash': [ '0.8.0' ],
26 silly audit   '@emotion/unitless': [ '0.7.5' ],
26 silly audit   '@esbuild/aix-ppc64': [ '0.25.12' ],
26 silly audit   '@esbuild/android-arm': [ '0.25.12' ],
26 silly audit   '@esbuild/android-arm64': [ '0.25.12' ],
26 silly audit   '@esbuild/android-x64': [ '0.25.12' ],
26 silly audit   '@esbuild/darwin-arm64': [ '0.25.12' ],
26 silly audit   '@esbuild/darwin-x64': [ '0.25.12' ],
26 silly audit   '@esbuild/freebsd-arm64': [ '0.25.12' ],
26 silly audit   '@esbuild/freebsd-x64': [ '0.25.12' ],
26 silly audit   '@esbuild/linux-arm': [ '0.25.12' ],
26 silly audit   '@esbuild/linux-arm64': [ '0.25.12' ],
26 silly audit   '@esbuild/linux-ia32': [ '0.25.12' ],
26 silly audit   '@esbuild/linux-loong64': [ '0.25.12' ],
26 silly audit   '@esbuild/linux-mips64el': [ '0.25.12' ],
26 silly audit   '@esbuild/linux-ppc64': [ '0.25.12' ],
26 silly audit   '@esbuild/linux-riscv64': [ '0.25.12' ],
26 silly audit   '@esbuild/linux-s390x': [ '0.25.12' ],
26 silly audit   '@esbuild/linux-x64': [ '0.25.12' ],
26 silly audit   '@esbuild/netbsd-arm64': [ '0.25.12' ],
26 silly audit   '@esbuild/netbsd-x64': [ '0.25.12' ],
26 silly audit   '@esbuild/openbsd-arm64': [ '0.25.12' ],
26 silly audit   '@esbuild/openbsd-x64': [ '0.25.12' ],
26 silly audit   '@esbuild/openharmony-arm64': [ '0.25.12' ],
26 silly audit   '@esbuild/sunos-x64': [ '0.25.12' ],
26 silly audit   '@esbuild/win32-arm64': [ '0.25.12' ],
26 silly audit   '@esbuild/win32-ia32': [ '0.25.12' ],
26 silly audit   '@esbuild/win32-x64': [ '0.25.12' ],
26 silly audit   '@jridgewell/gen-mapping': [ '0.3.13' ],
26 silly audit   '@jridgewell/remapping': [ '2.3.5' ],
26 silly audit   '@jridgewell/resolve-uri': [ '3.1.2' ],
26 silly audit   '@jridgewell/sourcemap-codec': [ '1.5.5' ],
26 silly audit   '@jridgewell/trace-mapping': [ '0.3.31' ],
26 silly audit   '@rc-component/async-validator': [ '5.1.0' ],
26 silly audit   '@rc-component/cascader': [ '1.15.0' ],
26 silly audit   '@rc-component/checkbox': [ '2.0.0' ],
26 silly audit   '@rc-component/collapse': [ '1.2.0' ],
26 silly audit   '@rc-component/color-picker': [ '3.1.1' ],
26 silly audit   '@rc-component/context': [ '2.0.1' ],
26 silly audit   '@rc-component/dialog': [ '1.9.0' ],
26 silly audit   '@rc-component/drawer': [ '1.4.2' ],
26 silly audit   '@rc-component/dropdown': [ '1.0.2' ],
26 silly audit   '@rc-component/form': [ '1.8.1' ],
26 silly audit   '@rc-component/image': [ '1.9.0' ],
26 silly audit   '@rc-component/input': [ '1.3.1' ],
26 silly audit   '@rc-component/input-number': [ '1.6.2' ],
26 silly audit   '@rc-component/mentions': [ '1.9.0' ],
26 silly audit   '@rc-component/menu': [ '1.3.0' ],
26 silly audit   '@rc-component/mini-decimal': [ '1.1.3' ],
26 silly audit   '@rc-component/motion': [ '1.3.2' ],
26 silly audit   '@rc-component/mutate-observer': [ '2.0.1' ],
26 silly audit   '@rc-component/notification': [ '2.0.7' ],
26 silly audit   '@rc-component/overflow': [ '1.0.1' ],
26 silly audit   '@rc-component/pagination': [ '1.2.0' ],
26 silly audit   '@rc-component/picker': [ '1.10.0' ],
26 silly audit   '@rc-component/portal': [ '2.2.0' ],
26 silly audit   '@rc-component/progress': [ '1.0.2' ],
26 silly audit   '@rc-component/qrcode': [ '1.1.1' ],
26 silly audit   '@rc-component/rate': [ '1.0.1' ],
26 silly audit   '@rc-component/resize-observer': [ '1.1.2' ],
26 silly audit   '@rc-component/segmented': [ '1.3.0' ],
26 silly audit   '@rc-component/select': [ '1.6.15' ],
26 silly audit   '@rc-component/slider': [ '1.0.1' ],
26 silly audit   '@rc-component/steps': [ '1.2.2' ],
26 silly audit   '@rc-component/switch': [ '1.0.3' ],
26 silly audit   '@rc-component/table': [ '1.10.0' ],
26 silly audit   '@rc-component/tabs': [ '1.9.0' ],
26 silly audit   '@rc-component/tooltip': [ '1.4.0' ],
26 silly audit   '@rc-component/tour': [ '2.4.0' ],
26 silly audit   '@rc-component/tree': [ '1.3.2' ],
26 silly audit   '@rc-component/tree-select': [ '1.9.0' ],
26 silly audit   '@rc-component/trigger': [ '3.9.0' ],
26 silly audit   '@rc-component/upload': [ '1.1.0' ],
26 silly audit   '@rc-component/util': [ '1.11.1' ],
26 silly audit   '@rc-component/virtual-list': [ '1.2.0' ],
26 silly audit   '@serialport/binding-mock': [ '10.2.2' ],
26 silly audit   '@serialport/bindings-cpp': [ '13.0.0' ],
26 silly audit   '@serialport/parser-delimiter': [ '12.0.0', '13.0.0' ],
26 silly audit   '@serialport/parser-readline': [ '12.0.0', '13.0.0' ],
26 silly audit   debug: [ '4.4.0', '4.4.3' ],
26 silly audit   '@serialport/bindings-interface': [ '1.2.2' ],
26 silly audit   '@serialport/parser-byte-length': [ '13.0.0' ],
26 silly audit   '@serialport/parser-cctalk': [ '13.0.0' ],
26 silly audit   '@serialport/parser-inter-byte-timeout': [ '13.0.0' ],
26 silly audit   '@serialport/parser-packet-length': [ '13.0.0' ],
26 silly audit   '@serialport/parser-ready': [ '13.0.0' ],
26 silly audit   '@serialport/parser-regex': [ '13.0.0' ],
26 silly audit   '@serialport/parser-slip-encoder': [ '13.0.0' ],
26 silly audit   '@serialport/parser-spacepacket': [ '13.0.0' ],
26 silly audit   '@serialport/stream': [ '13.0.0' ],
26 silly audit   '@types/node': [ '24.12.4' ],
26 silly audit   '@types/yauzl': [ '2.10.3' ],
26 silly audit   antd: [ '6.4.3' ],
26 silly audit   'baseline-browser-mapping': [ '2.10.32' ],
26 silly audit   browserslist: [ '4.28.2' ],
26 silly audit   'buffer-crc32': [ '0.2.13' ],
26 silly audit   cac: [ '6.7.14' ],
26 silly audit   'caniuse-lite': [ '1.0.30001793' ],
26 silly audit   clsx: [ '2.1.1' ],
26 silly audit   'compute-scroll-into-view': [ '3.1.1' ],
26 silly audit   'convert-source-map': [ '2.0.0' ],
26 silly audit   csstype: [ '3.2.3' ],
26 silly audit   dayjs: [ '1.11.20' ],
26 silly audit   electron: [ '42.2.0' ],
26 silly audit   'electron-to-chromium': [ '1.5.361' ],
26 silly audit   'electron-vite': [ '5.0.0' ],
26 silly audit   'end-of-stream': [ '1.4.5' ],
26 silly audit   'env-paths': [ '3.0.0' ],
26 silly audit   esbuild: [ '0.25.12' ],
26 silly audit   escalade: [ '3.2.0' ],
26 silly audit   'extract-zip': [ '2.0.1' ],
26 silly audit   'fd-slicer': [ '1.1.0' ],
26 silly audit   gensync: [ '1.0.0-beta.2' ],
26 silly audit   'get-stream': [ '5.2.0' ],
26 silly audit   'graceful-fs': [ '4.2.11' ],
26 silly audit   'is-mobile': [ '5.0.0' ],
26 silly audit   'js-tokens': [ '4.0.0' ],
26 silly audit   jsesc: [ '3.1.0' ],
26 silly audit   json2mq: [ '0.2.0' ],
26 silly audit   json5: [ '2.2.3' ],
26 silly audit   'loose-envify': [ '1.4.0' ],
26 silly audit   'lru-cache': [ '5.1.1' ],
26 silly audit   'magic-string': [ '0.30.21' ],
26 silly audit   'modbus-serial': [ '8.0.25' ],
26 silly audit   ms: [ '2.1.3' ],
26 silly audit   'node-addon-api': [ '8.3.0' ],
26 silly audit   'node-gyp-build': [ '4.8.4' ],
26 silly audit   'node-releases': [ '2.0.46' ],
26 silly audit   once: [ '1.4.0' ],
26 silly audit   pend: [ '1.2.0' ],
26 silly audit   picocolors: [ '1.1.1' ],
26 silly audit   progress: [ '2.0.3' ],
26 silly audit   pump: [ '3.0.4' ],
26 silly audit   react: [ '18.3.1' ],
26 silly audit   'react-dom': [ '18.3.1' ],
26 silly audit   'react-is': [ '18.3.1' ],
26 silly audit   scheduler: [ '0.23.2' ],
26 silly audit   'scroll-into-view-if-needed': [ '3.1.0' ],
26 silly audit   serialport: [ '13.0.0' ],
26 silly audit   'string-convert': [ '0.2.1' ],
26 silly audit   stylis: [ '4.4.0' ],
26 silly audit   sumchecker: [ '3.0.1' ],
26 silly audit   'throttle-debounce': [ '5.0.2' ],
26 silly audit   undici: [ '7.26.0' ],
26 silly audit   'undici-types': [ '7.16.0' ],
26 silly audit   'update-browserslist-db': [ '1.2.3' ],
26 silly audit   wrappy: [ '1.0.2' ],
26 silly audit   yallist: [ '3.1.1' ],
26 silly audit   yauzl: [ '2.10.0' ],
26 silly audit   '@vitejs/plugin-react': [ '6.0.2' ],
26 silly audit   '@rolldown/pluginutils': [ '1.0.1' ]
26 silly audit }
27 http cache @rolldown/pluginutils@https://registry.npmjs.org/@rolldown/pluginutils/-/pluginutils-1.0.1.tgz 1ms (cache hit)
28 http cache @vitejs/plugin-react@https://registry.npmjs.org/@vitejs/plugin-react/-/plugin-react-6.0.2.tgz 0ms (cache hit)
29 silly tarball no local data for @rolldown/pluginutils@https://registry.npmjs.org/@rolldown/pluginutils/-/pluginutils-1.0.1.tgz. Extracting by manifest.
30 silly tarball no local data for @vitejs/plugin-react@https://registry.npmjs.org/@vitejs/plugin-react/-/plugin-react-6.0.2.tgz. Extracting by manifest.
31 http fetch POST 200 https://registry.npmjs.org/-/npm/v1/security/advisories/bulk 227ms
32 silly audit report {}
33 http fetch GET 200 https://registry.npmjs.org/@rolldown/pluginutils/-/pluginutils-1.0.1.tgz 649ms (cache miss)
34 http fetch GET 200 https://registry.npmjs.org/@vitejs/plugin-react/-/plugin-react-6.0.2.tgz 658ms (cache miss)
35 silly ADD node_modules/@rolldown/pluginutils
36 silly ADD node_modules/@vitejs/plugin-react
37 verbose cwd /Users/wuwenbo/Documents/trae_projects/SoloProjects-hll/p134
38 verbose os Darwin 23.5.0
39 verbose node v24.12.0
40 verbose npm  v11.6.2
41 verbose exit 0
42 info ok
