0 verbose cli /usr/local/bin/node /usr/local/bin/npm
1 info using npm@11.6.2
2 info using node@v24.12.0
3 silly config load:file:/usr/local/lib/node_modules/npm/npmrc
4 silly config load:file:/Users/wuwenbo/Documents/trae_projects/SoloProjects-hll/p150/.npmrc
5 silly config load:file:/Users/wuwenbo/.npmrc
6 verbose config error loading user config Error: EACCES: permission denied, open '/Users/wuwenbo/.npmrc'
6 verbose config     at async open (node:internal/fs/promises:642:25)
6 verbose config     at async readFile (node:internal/fs/promises:1279:14)
6 verbose config     at async #loadFile (/usr/local/lib/node_modules/npm/node_modules/@npmcli/config/lib/index.js:635:5)
6 verbose config     at async Config.load (/usr/local/lib/node_modules/npm/node_modules/@npmcli/config/lib/index.js:259:5)
6 verbose config     at async #load (/usr/local/lib/node_modules/npm/lib/npm.js:99:5)
6 verbose config     at async Npm.load (/usr/local/lib/node_modules/npm/lib/npm.js:81:14)
6 verbose config     at async module.exports (/usr/local/lib/node_modules/npm/lib/cli/entry.js:35:37) {
6 verbose config   errno: -13,
6 verbose config   code: 'EACCES',
6 verbose config   syscall: 'open',
6 verbose config   path: '/Users/wuwenbo/.npmrc'
6 verbose config }
7 silly config load:file:/usr/local/etc/npmrc
8 verbose title npm install
9 verbose argv "install" "--no-audit" "--no-fund"
10 verbose logfile logs-max:10 dir:/Users/wuwenbo/Documents/trae_projects/SoloProjects-hll/p150/.npm-cache/_logs/2026-05-26T06_23_12_039Z-
11 verbose logfile /Users/wuwenbo/Documents/trae_projects/SoloProjects-hll/p150/.npm-cache/_logs/2026-05-26T06_23_12_039Z-debug-0.log
12 silly logfile done cleaning log files
13 silly packumentCache heap:4496293888 maxSize:1124073472 maxEntrySize:562036736
14 silly idealTree buildDeps
15 silly fetch manifest serialport@^12.0.0
16 silly packumentCache full:https://registry.npmjs.org/serialport cache-miss
17 http fetch GET 200 https://registry.npmjs.org/npm 1824ms
18 http fetch GET 200 https://registry.npmjs.org/serialport 2536ms (cache miss)
19 silly packumentCache full:https://registry.npmjs.org/serialport set size:undefined disposed:false
20 silly fetch manifest usb@^2.11.0
21 silly packumentCache full:https://registry.npmjs.org/usb cache-miss
22 http fetch GET 200 https://registry.npmjs.org/usb 1259ms (cache miss)
23 silly packumentCache full:https://registry.npmjs.org/usb set size:undefined disposed:false
24 silly fetch manifest electron@^28.0.0
25 silly packumentCache full:https://registry.npmjs.org/electron cache-miss
26 http fetch GET 200 https://registry.npmjs.org/electron 1482ms (cache miss)
27 silly packumentCache full:https://registry.npmjs.org/electron set size:undefined disposed:false
28 silly placeDep ROOT electron@28.3.3 OK for: profibus-analyzer@1.0.0 want: ^28.0.0
29 silly placeDep ROOT serialport@12.0.0 OK for: profibus-analyzer@1.0.0 want: ^12.0.0
30 silly placeDep ROOT usb@2.17.0 OK for: profibus-analyzer@1.0.0 want: ^2.11.0
31 silly fetch manifest @types/node@^18.11.18
32 silly packumentCache full:https://registry.npmjs.org/@types%2fnode cache-miss
33 silly fetch manifest extract-zip@^2.0.1
34 silly packumentCache full:https://registry.npmjs.org/extract-zip cache-miss
35 silly fetch manifest @electron/get@^2.0.0
36 silly packumentCache full:https://registry.npmjs.org/@electron%2fget cache-miss
37 silly fetch manifest debug@4.3.4
38 silly packumentCache full:https://registry.npmjs.org/debug cache-miss
39 silly fetch manifest @serialport/stream@12.0.0
40 silly packumentCache full:https://registry.npmjs.org/@serialport%2fstream cache-miss
41 silly fetch manifest @serialport/binding-mock@10.2.2
42 silly packumentCache full:https://registry.npmjs.org/@serialport%2fbinding-mock cache-miss
43 silly fetch manifest @serialport/bindings-cpp@12.0.1
44 silly packumentCache full:https://registry.npmjs.org/@serialport%2fbindings-cpp cache-miss
45 http fetch GET 200 https://registry.npmjs.org/extract-zip 190ms (cache miss)
46 silly packumentCache full:https://registry.npmjs.org/extract-zip set size:undefined disposed:false
47 silly fetch manifest @serialport/parser-ready@12.0.0
48 silly packumentCache full:https://registry.npmjs.org/@serialport%2fparser-ready cache-miss
49 http fetch GET 200 https://registry.npmjs.org/@serialport%2fparser-ready 490ms (cache miss)
50 silly packumentCache full:https://registry.npmjs.org/@serialport%2fparser-ready set size:undefined disposed:false
51 silly fetch manifest @serialport/parser-regex@12.0.0
52 silly packumentCache full:https://registry.npmjs.org/@serialport%2fparser-regex cache-miss
53 http fetch GET 200 https://registry.npmjs.org/@serialport%2fparser-regex 249ms (cache miss)
54 silly packumentCache full:https://registry.npmjs.org/@serialport%2fparser-regex set size:undefined disposed:false
55 silly fetch manifest @serialport/parser-cctalk@12.0.0
56 silly packumentCache full:https://registry.npmjs.org/@serialport%2fparser-cctalk cache-miss
57 http fetch GET 200 https://registry.npmjs.org/@electron%2fget 979ms (cache miss)
58 silly packumentCache full:https://registry.npmjs.org/@electron%2fget set size:undefined disposed:false
59 silly fetch manifest @serialport/parser-readline@12.0.0
60 silly packumentCache full:https://registry.npmjs.org/@serialport%2fparser-readline cache-miss
61 http fetch GET 200 https://registry.npmjs.org/@serialport%2fbinding-mock 1026ms (cache miss)
62 silly packumentCache full:https://registry.npmjs.org/@serialport%2fbinding-mock set size:undefined disposed:false
63 silly fetch manifest @serialport/parser-delimiter@12.0.0
64 silly packumentCache full:https://registry.npmjs.org/@serialport%2fparser-delimiter cache-miss
65 http fetch GET 200 https://registry.npmjs.org/@serialport%2fparser-cctalk 262ms (cache miss)
66 silly packumentCache full:https://registry.npmjs.org/@serialport%2fparser-cctalk set size:undefined disposed:false
67 silly fetch manifest @serialport/parser-byte-length@12.0.0
68 silly packumentCache full:https://registry.npmjs.org/@serialport%2fparser-byte-length cache-miss
69 http fetch GET 200 https://registry.npmjs.org/@serialport%2fparser-delimiter 249ms (cache miss)
70 silly packumentCache full:https://registry.npmjs.org/@serialport%2fparser-delimiter set size:undefined disposed:false
71 silly fetch manifest @serialport/parser-spacepacket@12.0.0
72 silly packumentCache full:https://registry.npmjs.org/@serialport%2fparser-spacepacket cache-miss
73 http fetch GET 200 https://registry.npmjs.org/@serialport%2fbindings-cpp 1332ms (cache miss)
74 silly packumentCache full:https://registry.npmjs.org/@serialport%2fbindings-cpp set size:undefined disposed:false
75 silly fetch manifest @serialport/parser-slip-encoder@12.0.0
76 silly packumentCache full:https://registry.npmjs.org/@serialport%2fparser-slip-encoder cache-miss
77 http fetch GET 200 https://registry.npmjs.org/@serialport%2fstream 1411ms (cache miss)
78 silly packumentCache full:https://registry.npmjs.org/@serialport%2fstream set size:undefined disposed:false
79 silly fetch manifest @serialport/parser-packet-length@12.0.0
80 silly packumentCache full:https://registry.npmjs.org/@serialport%2fparser-packet-length cache-miss
81 http fetch GET 200 https://registry.npmjs.org/@serialport%2fparser-readline 540ms (cache miss)
82 silly packumentCache full:https://registry.npmjs.org/@serialport%2fparser-readline set size:undefined disposed:false
83 silly fetch manifest @serialport/parser-inter-byte-timeout@12.0.0
84 silly packumentCache full:https://registry.npmjs.org/@serialport%2fparser-inter-byte-timeout cache-miss
85 http fetch GET 200 https://registry.npmjs.org/debug 1571ms (cache miss)
86 silly packumentCache full:https://registry.npmjs.org/debug set size:undefined disposed:false
87 silly fetch manifest node-addon-api@^8.0.0
88 silly packumentCache full:https://registry.npmjs.org/node-addon-api cache-miss
89 http fetch GET 200 https://registry.npmjs.org/@types%2fnode 1599ms (cache miss)
90 silly packumentCache full:https://registry.npmjs.org/@types%2fnode set size:undefined disposed:false
91 silly fetch manifest node-gyp-build@^4.5.0
92 silly packumentCache full:https://registry.npmjs.org/node-gyp-build cache-miss
93 http fetch GET 200 https://registry.npmjs.org/@serialport%2fparser-byte-length 510ms (cache miss)
94 silly packumentCache full:https://registry.npmjs.org/@serialport%2fparser-byte-length set size:undefined disposed:false
95 silly fetch manifest @types/w3c-web-usb@^1.0.6
96 silly packumentCache full:https://registry.npmjs.org/@types%2fw3c-web-usb cache-miss
97 http fetch GET 200 https://registry.npmjs.org/@serialport%2fparser-packet-length 308ms (cache miss)
98 silly packumentCache full:https://registry.npmjs.org/@serialport%2fparser-packet-length set size:undefined disposed:false
99 http fetch GET 200 https://registry.npmjs.org/@serialport%2fparser-spacepacket 546ms (cache miss)
100 silly packumentCache full:https://registry.npmjs.org/@serialport%2fparser-spacepacket set size:undefined disposed:false
101 http fetch GET 200 https://registry.npmjs.org/node-gyp-build 222ms (cache miss)
102 silly packumentCache full:https://registry.npmjs.org/node-gyp-build set size:undefined disposed:false
103 http fetch GET 200 https://registry.npmjs.org/@serialport%2fparser-slip-encoder 609ms (cache miss)
104 silly packumentCache full:https://registry.npmjs.org/@serialport%2fparser-slip-encoder set size:undefined disposed:false
105 http fetch GET 200 https://registry.npmjs.org/node-addon-api 458ms (cache miss)
106 silly packumentCache full:https://registry.npmjs.org/node-addon-api set size:undefined disposed:false
107 http fetch GET 200 https://registry.npmjs.org/@types%2fw3c-web-usb 459ms (cache miss)
108 silly packumentCache full:https://registry.npmjs.org/@types%2fw3c-web-usb set size:undefined disposed:false
109 http fetch GET 200 https://registry.npmjs.org/@serialport%2fparser-inter-byte-timeout 665ms (cache miss)
110 silly packumentCache full:https://registry.npmjs.org/@serialport%2fparser-inter-byte-timeout set size:undefined disposed:false
111 silly placeDep ROOT @electron/get@2.0.3 OK for: electron@28.3.3 want: ^2.0.0
112 silly placeDep ROOT @types/node@18.19.130 OK for: electron@28.3.3 want: ^18.11.18
113 silly placeDep ROOT extract-zip@2.0.1 OK for: electron@28.3.3 want: ^2.0.1
114 silly fetch manifest got@^11.8.5
115 silly packumentCache full:https://registry.npmjs.org/got cache-miss
116 silly fetch manifest debug@^4.1.1
117 silly packumentCache full:https://registry.npmjs.org/debug cache-miss
118 silly fetch manifest semver@^6.2.0
119 silly packumentCache full:https://registry.npmjs.org/semver cache-miss
120 silly fetch manifest fs-extra@^8.1.0
121 silly packumentCache full:https://registry.npmjs.org/fs-extra cache-miss
122 silly fetch manifest progress@^2.0.3
123 silly packumentCache full:https://registry.npmjs.org/progress cache-miss
124 silly fetch manifest env-paths@^2.2.0
125 silly packumentCache full:https://registry.npmjs.org/env-paths cache-miss
126 silly fetch manifest sumchecker@^3.0.1
127 silly packumentCache full:https://registry.npmjs.org/sumchecker cache-miss
128 http cache https://registry.npmjs.org/debug 6ms (cache hit)
129 silly packumentCache full:https://registry.npmjs.org/debug set size:195840 disposed:false
130 silly fetch manifest global-agent@^3.0.0
131 silly packumentCache full:https://registry.npmjs.org/global-agent cache-miss
132 http fetch GET 200 https://registry.npmjs.org/env-paths 205ms (cache miss)
133 silly packumentCache full:https://registry.npmjs.org/env-paths set size:undefined disposed:false
134 silly fetch manifest undici-types@~5.26.4
135 silly packumentCache full:https://registry.npmjs.org/undici-types cache-miss
136 http fetch GET 200 https://registry.npmjs.org/progress 210ms (cache miss)
137 silly packumentCache full:https://registry.npmjs.org/progress set size:undefined disposed:false
138 silly fetch manifest get-stream@^5.1.0
139 silly packumentCache full:https://registry.npmjs.org/get-stream cache-miss
140 http fetch GET 200 https://registry.npmjs.org/fs-extra 231ms (cache miss)
141 silly packumentCache full:https://registry.npmjs.org/fs-extra set size:undefined disposed:false
142 silly fetch manifest yauzl@^2.10.0
143 silly packumentCache full:https://registry.npmjs.org/yauzl cache-miss
144 http fetch GET 200 https://registry.npmjs.org/yauzl 214ms (cache miss)
145 silly packumentCache full:https://registry.npmjs.org/yauzl set size:undefined disposed:false
146 silly fetch manifest @types/yauzl@^2.9.1
147 silly packumentCache full:https://registry.npmjs.org/@types%2fyauzl cache-miss
148 http fetch GET 200 https://registry.npmjs.org/global-agent 572ms (cache miss)
149 silly packumentCache full:https://registry.npmjs.org/global-agent set size:undefined disposed:false
150 http fetch GET 200 https://registry.npmjs.org/undici-types 422ms (cache miss)
151 silly packumentCache full:https://registry.npmjs.org/undici-types set size:undefined disposed:false
152 http fetch GET 200 https://registry.npmjs.org/@types%2fyauzl 220ms (cache miss)
153 silly packumentCache full:https://registry.npmjs.org/@types%2fyauzl set size:undefined disposed:false
154 http fetch GET 200 https://registry.npmjs.org/semver 772ms (cache miss)
155 silly packumentCache full:https://registry.npmjs.org/semver set size:undefined disposed:false
156 http fetch GET 200 https://registry.npmjs.org/sumchecker 941ms (cache miss)
157 silly packumentCache full:https://registry.npmjs.org/sumchecker set size:undefined disposed:false
158 http fetch GET 200 https://registry.npmjs.org/get-stream 1047ms (cache miss)
159 silly packumentCache full:https://registry.npmjs.org/get-stream set size:undefined disposed:false
160 http fetch GET 200 https://registry.npmjs.org/got 1527ms (cache miss)
161 silly packumentCache full:https://registry.npmjs.org/got set size:undefined disposed:false
162 silly placeDep ROOT debug@4.4.3 OK for: @electron/get@2.0.3 want: ^4.1.1
163 silly placeDep ROOT env-paths@2.2.1 OK for: @electron/get@2.0.3 want: ^2.2.0
164 silly placeDep ROOT fs-extra@8.1.0 OK for: @electron/get@2.0.3 want: ^8.1.0
165 silly placeDep ROOT global-agent@3.0.0 OK for: @electron/get@2.0.3 want: ^3.0.0
166 silly placeDep ROOT got@11.8.6 OK for: @electron/get@2.0.3 want: ^11.8.5
167 silly placeDep ROOT progress@2.0.3 OK for: @electron/get@2.0.3 want: ^2.0.3
168 silly placeDep ROOT semver@6.3.1 OK for: @electron/get@2.0.3 want: ^6.2.0
169 silly placeDep ROOT sumchecker@3.0.1 OK for: @electron/get@2.0.3 want: ^3.0.1
170 silly fetch manifest ms@^2.1.3
171 silly packumentCache full:https://registry.npmjs.org/ms cache-miss
172 silly fetch manifest jsonfile@^4.0.0
173 silly packumentCache full:https://registry.npmjs.org/jsonfile cache-miss
174 silly fetch manifest graceful-fs@^4.2.0
175 silly packumentCache full:https://registry.npmjs.org/graceful-fs cache-miss
176 silly fetch manifest universalify@^0.1.0
177 silly packumentCache full:https://registry.npmjs.org/universalify cache-miss
178 silly fetch manifest roarr@^2.15.3
179 silly packumentCache full:https://registry.npmjs.org/roarr cache-miss
180 silly fetch manifest semver@^7.3.2
181 silly packumentCache full:https://registry.npmjs.org/semver cache-miss
182 silly fetch manifest boolean@^3.0.1
183 silly packumentCache full:https://registry.npmjs.org/boolean cache-miss
184 http cache https://registry.npmjs.org/semver 5ms (cache hit)
185 silly packumentCache full:https://registry.npmjs.org/semver set size:235672 disposed:false
186 silly fetch manifest matcher@^3.0.0
187 silly packumentCache full:https://registry.npmjs.org/matcher cache-miss
188 http fetch GET 200 https://registry.npmjs.org/matcher 218ms (cache miss)
189 silly packumentCache full:https://registry.npmjs.org/matcher set size:undefined disposed:false
190 silly fetch manifest es6-error@^4.1.1
191 silly packumentCache full:https://registry.npmjs.org/es6-error cache-miss
192 http fetch GET 200 https://registry.npmjs.org/graceful-fs 227ms (cache miss)
193 silly packumentCache full:https://registry.npmjs.org/graceful-fs set size:undefined disposed:false
194 silly fetch manifest serialize-error@^7.0.1
195 silly packumentCache full:https://registry.npmjs.org/serialize-error cache-miss
196 http fetch GET 200 https://registry.npmjs.org/boolean 405ms (cache miss)
197 silly packumentCache full:https://registry.npmjs.org/boolean set size:undefined disposed:false
198 silly fetch manifest p-cancelable@^2.0.0
199 silly packumentCache full:https://registry.npmjs.org/p-cancelable cache-miss
200 http fetch GET 200 https://registry.npmjs.org/universalify 430ms (cache miss)
201 silly packumentCache full:https://registry.npmjs.org/universalify set size:undefined disposed:false
202 silly fetch manifest responselike@^2.0.0
203 silly packumentCache full:https://registry.npmjs.org/responselike cache-miss
204 http fetch GET 200 https://registry.npmjs.org/jsonfile 434ms (cache miss)
205 silly packumentCache full:https://registry.npmjs.org/jsonfile set size:undefined disposed:false
206 silly fetch manifest http2-wrapper@^1.0.0-beta.5.2
207 silly packumentCache full:https://registry.npmjs.org/http2-wrapper cache-miss
208 http fetch GET 200 https://registry.npmjs.org/ms 621ms (cache miss)
209 silly packumentCache full:https://registry.npmjs.org/ms set size:undefined disposed:false
210 silly fetch manifest lowercase-keys@^2.0.0
211 silly packumentCache full:https://registry.npmjs.org/lowercase-keys cache-miss
212 http fetch GET 200 https://registry.npmjs.org/lowercase-keys 208ms (cache miss)
213 silly packumentCache full:https://registry.npmjs.org/lowercase-keys set size:undefined disposed:false
214 silly fetch manifest @sindresorhus/is@^4.0.0
215 silly packumentCache full:https://registry.npmjs.org/@sindresorhus%2fis cache-miss
216 http fetch GET 200 https://registry.npmjs.org/responselike 423ms (cache miss)
217 silly packumentCache full:https://registry.npmjs.org/responselike set size:undefined disposed:false
218 silly fetch manifest cacheable-lookup@^5.0.3
219 silly packumentCache full:https://registry.npmjs.org/cacheable-lookup cache-miss
220 http fetch GET 200 https://registry.npmjs.org/serialize-error 649ms (cache miss)
221 silly packumentCache full:https://registry.npmjs.org/serialize-error set size:undefined disposed:false
222 silly fetch manifest cacheable-request@^7.0.2
223 silly packumentCache full:https://registry.npmjs.org/cacheable-request cache-miss
224 http fetch GET 200 https://registry.npmjs.org/http2-wrapper 734ms (cache miss)
225 silly packumentCache full:https://registry.npmjs.org/http2-wrapper set size:undefined disposed:false
226 silly fetch manifest @types/responselike@^1.0.0
227 silly packumentCache full:https://registry.npmjs.org/@types%2fresponselike cache-miss
228 http fetch GET 200 https://registry.npmjs.org/es6-error 987ms (cache miss)
229 silly packumentCache full:https://registry.npmjs.org/es6-error set size:undefined disposed:false
230 silly fetch manifest decompress-response@^6.0.0
231 silly packumentCache full:https://registry.npmjs.org/decompress-response cache-miss
232 http fetch GET 200 https://registry.npmjs.org/p-cancelable 847ms (cache miss)
233 silly packumentCache full:https://registry.npmjs.org/p-cancelable set size:undefined disposed:false
234 silly fetch manifest @szmarczak/http-timer@^4.0.5
235 silly packumentCache full:https://registry.npmjs.org/@szmarczak%2fhttp-timer cache-miss
236 http fetch GET 200 https://registry.npmjs.org/@sindresorhus%2fis 502ms (cache miss)
237 silly packumentCache full:https://registry.npmjs.org/@sindresorhus%2fis set size:undefined disposed:false
238 silly fetch manifest @types/cacheable-request@^6.0.1
239 silly packumentCache full:https://registry.npmjs.org/@types%2fcacheable-request cache-miss
240 http fetch GET 200 https://registry.npmjs.org/cacheable-lookup 495ms (cache miss)
241 silly packumentCache full:https://registry.npmjs.org/cacheable-lookup set size:undefined disposed:false
242 http fetch GET 200 https://registry.npmjs.org/@types%2fresponselike 219ms (cache miss)
243 silly packumentCache full:https://registry.npmjs.org/@types%2fresponselike set size:undefined disposed:false
244 http fetch GET 200 https://registry.npmjs.org/decompress-response 198ms (cache miss)
245 silly packumentCache full:https://registry.npmjs.org/decompress-response set size:undefined disposed:false
246 http fetch GET 200 https://registry.npmjs.org/@types%2fcacheable-request 227ms (cache miss)
247 silly packumentCache full:https://registry.npmjs.org/@types%2fcacheable-request set size:undefined disposed:false
248 http fetch GET 200 https://registry.npmjs.org/@szmarczak%2fhttp-timer 605ms (cache miss)
249 silly packumentCache full:https://registry.npmjs.org/@szmarczak%2fhttp-timer set size:undefined disposed:false
250 http fetch GET 200 https://registry.npmjs.org/cacheable-request 1604ms (cache miss)
251 silly packumentCache full:https://registry.npmjs.org/cacheable-request set size:undefined disposed:false
252 http fetch GET 200 https://registry.npmjs.org/roarr 3438ms (cache miss)
253 silly packumentCache full:https://registry.npmjs.org/roarr set size:undefined disposed:false
254 silly placeDep ROOT undici-types@5.26.5 OK for: @types/node@18.19.130 want: ~5.26.4
255 silly placeDep ROOT ms@2.1.3 OK for: debug@4.4.3 want: ^2.1.3
256 silly placeDep ROOT @types/yauzl@2.10.3 OK for: extract-zip@2.0.1 want: ^2.9.1
257 silly placeDep ROOT get-stream@5.2.0 OK for: extract-zip@2.0.1 want: ^5.1.0
258 silly placeDep ROOT yauzl@2.10.0 OK for: extract-zip@2.0.1 want: ^2.10.0
259 silly fetch manifest pump@^3.0.0
260 silly packumentCache full:https://registry.npmjs.org/pump cache-miss
261 silly fetch manifest fd-slicer@~1.1.0
262 silly packumentCache full:https://registry.npmjs.org/fd-slicer cache-miss
263 silly fetch manifest buffer-crc32@~0.2.3
264 silly packumentCache full:https://registry.npmjs.org/buffer-crc32 cache-miss
265 http fetch GET 200 https://registry.npmjs.org/fd-slicer 255ms (cache miss)
266 silly packumentCache full:https://registry.npmjs.org/fd-slicer set size:undefined disposed:false
267 http fetch GET 200 https://registry.npmjs.org/buffer-crc32 396ms (cache miss)
268 silly packumentCache full:https://registry.npmjs.org/buffer-crc32 set size:undefined disposed:false
269 http fetch GET 200 https://registry.npmjs.org/pump 431ms (cache miss)
270 silly packumentCache full:https://registry.npmjs.org/pump set size:undefined disposed:false
271 silly placeDep ROOT graceful-fs@4.2.11 OK for: fs-extra@8.1.0 want: ^4.2.0
272 silly placeDep ROOT jsonfile@4.0.0 OK for: fs-extra@8.1.0 want: ^4.0.0
273 silly placeDep ROOT universalify@0.1.2 OK for: fs-extra@8.1.0 want: ^0.1.0
274 silly placeDep ROOT pump@3.0.4 OK for: get-stream@5.2.0 want: ^3.0.0
275 silly fetch manifest end-of-stream@^1.1.0
276 silly packumentCache full:https://registry.npmjs.org/end-of-stream cache-miss
277 silly fetch manifest once@^1.3.1
278 silly packumentCache full:https://registry.npmjs.org/once cache-miss
279 http fetch GET 200 https://registry.npmjs.org/once 207ms (cache miss)
280 silly packumentCache full:https://registry.npmjs.org/once set size:undefined disposed:false
281 http fetch GET 200 https://registry.npmjs.org/end-of-stream 222ms (cache miss)
282 silly packumentCache full:https://registry.npmjs.org/end-of-stream set size:undefined disposed:false
283 silly placeDep ROOT boolean@3.2.0 OK for: global-agent@3.0.0 want: ^3.0.1
284 silly placeDep ROOT es6-error@4.1.1 OK for: global-agent@3.0.0 want: ^4.1.1
285 silly placeDep ROOT matcher@3.0.0 OK for: global-agent@3.0.0 want: ^3.0.0
286 silly placeDep ROOT roarr@2.15.4 OK for: global-agent@3.0.0 want: ^2.15.3
287 silly placeDep node_modules/global-agent semver@7.8.1 OK for: global-agent@3.0.0 want: ^7.3.2
288 silly placeDep ROOT serialize-error@7.0.1 OK for: global-agent@3.0.0 want: ^7.0.1
289 silly fetch manifest escape-string-regexp@^4.0.0
290 silly packumentCache full:https://registry.npmjs.org/escape-string-regexp cache-miss
291 silly fetch manifest globalthis@^1.0.1
292 silly packumentCache full:https://registry.npmjs.org/globalthis cache-miss
293 silly fetch manifest sprintf-js@^1.1.2
294 silly packumentCache full:https://registry.npmjs.org/sprintf-js cache-miss
295 silly fetch manifest detect-node@^2.0.4
296 silly packumentCache full:https://registry.npmjs.org/detect-node cache-miss
297 silly fetch manifest semver-compare@^1.0.0
298 silly packumentCache full:https://registry.npmjs.org/semver-compare cache-miss
299 silly fetch manifest json-stringify-safe@^5.0.1
300 silly packumentCache full:https://registry.npmjs.org/json-stringify-safe cache-miss
301 silly fetch manifest type-fest@^0.13.1
302 silly packumentCache full:https://registry.npmjs.org/type-fest cache-miss
303 http fetch GET 200 https://registry.npmjs.org/json-stringify-safe 219ms (cache miss)
304 silly packumentCache full:https://registry.npmjs.org/json-stringify-safe set size:undefined disposed:false
305 http fetch GET 200 https://registry.npmjs.org/semver-compare 265ms (cache miss)
306 silly packumentCache full:https://registry.npmjs.org/semver-compare set size:undefined disposed:false
307 http fetch GET 200 https://registry.npmjs.org/escape-string-regexp 355ms (cache miss)
308 silly packumentCache full:https://registry.npmjs.org/escape-string-regexp set size:undefined disposed:false
309 http fetch GET 200 https://registry.npmjs.org/globalthis 527ms (cache miss)
310 silly packumentCache full:https://registry.npmjs.org/globalthis set size:undefined disposed:false
311 http fetch GET 200 https://registry.npmjs.org/type-fest 1024ms (cache miss)
312 silly packumentCache full:https://registry.npmjs.org/type-fest set size:undefined disposed:false
313 http fetch GET 200 https://registry.npmjs.org/sprintf-js 1070ms (cache miss)
314 silly packumentCache full:https://registry.npmjs.org/sprintf-js set size:undefined disposed:false
315 http fetch GET 200 https://registry.npmjs.org/detect-node 1827ms (cache miss)
316 silly packumentCache full:https://registry.npmjs.org/detect-node set size:undefined disposed:false
317 silly placeDep ROOT @sindresorhus/is@4.6.0 OK for: got@11.8.6 want: ^4.0.0
318 silly placeDep ROOT @szmarczak/http-timer@4.0.6 OK for: got@11.8.6 want: ^4.0.5
319 silly placeDep ROOT @types/cacheable-request@6.0.3 OK for: got@11.8.6 want: ^6.0.1
320 silly placeDep ROOT @types/responselike@1.0.3 OK for: got@11.8.6 want: ^1.0.0
321 silly placeDep ROOT cacheable-lookup@5.0.4 OK for: got@11.8.6 want: ^5.0.3
322 silly placeDep ROOT cacheable-request@7.0.4 OK for: got@11.8.6 want: ^7.0.2
323 silly placeDep ROOT decompress-response@6.0.0 OK for: got@11.8.6 want: ^6.0.0
324 silly placeDep ROOT http2-wrapper@1.0.3 OK for: got@11.8.6 want: ^1.0.0-beta.5.2
325 silly placeDep ROOT lowercase-keys@2.0.0 OK for: got@11.8.6 want: ^2.0.0
326 silly placeDep ROOT p-cancelable@2.1.1 OK for: got@11.8.6 want: ^2.0.0
327 silly placeDep ROOT responselike@2.0.1 OK for: got@11.8.6 want: ^2.0.0
328 silly fetch manifest defer-to-connect@^2.0.0
329 silly packumentCache full:https://registry.npmjs.org/defer-to-connect cache-miss
330 silly fetch manifest @types/keyv@^3.1.4
331 silly packumentCache full:https://registry.npmjs.org/@types%2fkeyv cache-miss
332 silly fetch manifest @types/http-cache-semantics@*
333 silly packumentCache full:https://registry.npmjs.org/@types%2fhttp-cache-semantics cache-miss
334 silly fetch manifest keyv@^4.0.0
335 silly packumentCache full:https://registry.npmjs.org/keyv cache-miss
336 silly fetch manifest normalize-url@^6.0.1
337 silly packumentCache full:https://registry.npmjs.org/normalize-url cache-miss
338 silly fetch manifest clone-response@^1.0.2
339 silly packumentCache full:https://registry.npmjs.org/clone-response cache-miss
340 silly fetch manifest http-cache-semantics@^4.0.0
341 silly packumentCache full:https://registry.npmjs.org/http-cache-semantics cache-miss
342 http fetch GET 200 https://registry.npmjs.org/defer-to-connect 217ms (cache miss)
343 silly packumentCache full:https://registry.npmjs.org/defer-to-connect set size:undefined disposed:false
344 silly fetch manifest mimic-response@^3.1.0
345 silly packumentCache full:https://registry.npmjs.org/mimic-response cache-miss
346 http fetch GET 200 https://registry.npmjs.org/@types%2fhttp-cache-semantics 303ms (cache miss)
347 silly packumentCache full:https://registry.npmjs.org/@types%2fhttp-cache-semantics set size:undefined disposed:false
348 silly fetch manifest quick-lru@^5.1.1
349 silly packumentCache full:https://registry.npmjs.org/quick-lru cache-miss
350 http fetch GET 200 https://registry.npmjs.org/normalize-url 380ms (cache miss)
351 silly packumentCache full:https://registry.npmjs.org/normalize-url set size:undefined disposed:false
352 silly fetch manifest resolve-alpn@^1.0.0
353 silly packumentCache full:https://registry.npmjs.org/resolve-alpn cache-miss
354 http fetch GET 200 https://registry.npmjs.org/http-cache-semantics 394ms (cache miss)
355 silly packumentCache full:https://registry.npmjs.org/http-cache-semantics set size:undefined disposed:false
356 http fetch GET 200 https://registry.npmjs.org/mimic-response 205ms (cache miss)
357 silly packumentCache full:https://registry.npmjs.org/mimic-response set size:undefined disposed:false
358 http fetch GET 200 https://registry.npmjs.org/clone-response 450ms (cache miss)
359 silly packumentCache full:https://registry.npmjs.org/clone-response set size:undefined disposed:false
360 http fetch GET 200 https://registry.npmjs.org/@types%2fkeyv 684ms (cache miss)
361 silly packumentCache full:https://registry.npmjs.org/@types%2fkeyv set size:undefined disposed:false
362 http fetch GET 200 https://registry.npmjs.org/keyv 748ms (cache miss)
363 silly packumentCache full:https://registry.npmjs.org/keyv set size:undefined disposed:false
364 http fetch GET 200 https://registry.npmjs.org/resolve-alpn 432ms (cache miss)
365 silly packumentCache full:https://registry.npmjs.org/resolve-alpn set size:undefined disposed:false
366 http fetch GET 200 https://registry.npmjs.org/quick-lru 571ms (cache miss)
367 silly packumentCache full:https://registry.npmjs.org/quick-lru set size:undefined disposed:false
368 silly placeDep ROOT defer-to-connect@2.0.1 OK for: @szmarczak/http-timer@4.0.6 want: ^2.0.0
369 silly placeDep ROOT @types/http-cache-semantics@4.2.0 OK for: @types/cacheable-request@6.0.3 want: *
370 silly placeDep ROOT @types/keyv@3.1.4 OK for: @types/cacheable-request@6.0.3 want: ^3.1.4
371 silly placeDep ROOT clone-response@1.0.3 OK for: cacheable-request@7.0.4 want: ^1.0.2
372 silly placeDep ROOT http-cache-semantics@4.2.0 OK for: cacheable-request@7.0.4 want: ^4.0.0
373 silly placeDep ROOT keyv@4.5.4 OK for: cacheable-request@7.0.4 want: ^4.0.0
374 silly placeDep ROOT normalize-url@6.1.0 OK for: cacheable-request@7.0.4 want: ^6.0.1
375 silly fetch manifest mimic-response@^1.0.0
376 silly packumentCache full:https://registry.npmjs.org/mimic-response cache-miss
377 silly fetch manifest json-buffer@3.0.1
378 silly packumentCache full:https://registry.npmjs.org/json-buffer cache-miss
379 http cache https://registry.npmjs.org/mimic-response 20ms (cache hit)
380 silly packumentCache full:https://registry.npmjs.org/mimic-response set size:20174 disposed:false
381 http fetch GET 200 https://registry.npmjs.org/json-buffer 205ms (cache miss)
382 silly packumentCache full:https://registry.npmjs.org/json-buffer set size:undefined disposed:false
383 silly placeDep ROOT mimic-response@1.0.1 OK for: clone-response@1.0.3 want: ^1.0.0
384 silly placeDep node_modules/decompress-response mimic-response@3.1.0 OK for: decompress-response@6.0.0 want: ^3.1.0
385 silly placeDep ROOT quick-lru@5.1.1 OK for: http2-wrapper@1.0.3 want: ^5.1.1
386 silly placeDep ROOT resolve-alpn@1.2.1 OK for: http2-wrapper@1.0.3 want: ^1.0.0
387 silly placeDep ROOT json-buffer@3.0.1 OK for: keyv@4.5.4 want: 3.0.1
388 silly placeDep ROOT escape-string-regexp@4.0.0 OK for: matcher@3.0.0 want: ^4.0.0
389 silly placeDep ROOT end-of-stream@1.4.5 OK for: pump@3.0.4 want: ^1.1.0
390 silly placeDep ROOT once@1.4.0 OK for: pump@3.0.4 want: ^1.3.1
391 silly fetch manifest once@^1.4.0
392 silly packumentCache full:https://registry.npmjs.org/once cache-miss
393 silly fetch manifest wrappy@1
394 silly packumentCache full:https://registry.npmjs.org/wrappy cache-miss
395 http cache https://registry.npmjs.org/once 23ms (cache hit)
396 silly packumentCache full:https://registry.npmjs.org/once set size:11752 disposed:false
397 http fetch GET 200 https://registry.npmjs.org/wrappy 442ms (cache miss)
398 silly packumentCache full:https://registry.npmjs.org/wrappy set size:undefined disposed:false
399 silly placeDep ROOT wrappy@1.0.2 OK for: once@1.4.0 want: 1
400 silly placeDep ROOT detect-node@2.1.0 OK for: roarr@2.15.4 want: ^2.0.4
401 silly placeDep ROOT globalthis@1.0.4 OK for: roarr@2.15.4 want: ^1.0.1
402 silly placeDep ROOT json-stringify-safe@5.0.1 OK for: roarr@2.15.4 want: ^5.0.1
403 silly placeDep ROOT semver-compare@1.0.0 OK for: roarr@2.15.4 want: ^1.0.0
404 silly placeDep ROOT sprintf-js@1.1.3 OK for: roarr@2.15.4 want: ^1.1.2
405 silly fetch manifest define-properties@^1.2.1
406 silly packumentCache full:https://registry.npmjs.org/define-properties cache-miss
407 silly fetch manifest gopd@^1.0.1
408 silly packumentCache full:https://registry.npmjs.org/gopd cache-miss
409 http fetch GET 200 https://registry.npmjs.org/define-properties 234ms (cache miss)
410 silly packumentCache full:https://registry.npmjs.org/define-properties set size:undefined disposed:false
411 http fetch GET 200 https://registry.npmjs.org/gopd 428ms (cache miss)
412 silly packumentCache full:https://registry.npmjs.org/gopd set size:undefined disposed:false
413 silly placeDep ROOT define-properties@1.2.1 OK for: globalthis@1.0.4 want: ^1.2.1
414 silly placeDep ROOT gopd@1.2.0 OK for: globalthis@1.0.4 want: ^1.0.1
415 silly fetch manifest define-data-property@^1.0.1
416 silly packumentCache full:https://registry.npmjs.org/define-data-property cache-miss
417 silly fetch manifest has-property-descriptors@^1.0.0
418 silly packumentCache full:https://registry.npmjs.org/has-property-descriptors cache-miss
419 silly fetch manifest object-keys@^1.1.1
420 silly packumentCache full:https://registry.npmjs.org/object-keys cache-miss
421 http fetch GET 200 https://registry.npmjs.org/define-data-property 443ms (cache miss)
422 silly packumentCache full:https://registry.npmjs.org/define-data-property set size:undefined disposed:false
423 http fetch GET 200 https://registry.npmjs.org/object-keys 456ms (cache miss)
424 silly packumentCache full:https://registry.npmjs.org/object-keys set size:undefined disposed:false
425 http fetch GET 200 https://registry.npmjs.org/has-property-descriptors 912ms (cache miss)
426 silly packumentCache full:https://registry.npmjs.org/has-property-descriptors set size:undefined disposed:false
427 silly placeDep ROOT define-data-property@1.1.4 OK for: define-properties@1.2.1 want: ^1.0.1
428 silly placeDep ROOT has-property-descriptors@1.0.2 OK for: define-properties@1.2.1 want: ^1.0.0
429 silly placeDep ROOT object-keys@1.1.1 OK for: define-properties@1.2.1 want: ^1.1.1
430 silly fetch manifest es-define-property@^1.0.0
431 silly packumentCache full:https://registry.npmjs.org/es-define-property cache-miss
432 silly fetch manifest es-errors@^1.3.0
433 silly packumentCache full:https://registry.npmjs.org/es-errors cache-miss
434 silly fetch manifest es-define-property@^1.0.0
435 silly packumentCache full:https://registry.npmjs.org/es-define-property cache-miss
436 http fetch GET 200 https://registry.npmjs.org/es-errors 207ms (cache miss)
437 silly packumentCache full:https://registry.npmjs.org/es-errors set size:undefined disposed:false
438 http fetch GET 200 https://registry.npmjs.org/es-define-property 208ms (cache miss)
439 silly packumentCache full:https://registry.npmjs.org/es-define-property set size:undefined disposed:false
440 http fetch GET 200 https://registry.npmjs.org/es-define-property 746ms (cache miss)
441 silly packumentCache full:https://registry.npmjs.org/es-define-property set size:undefined disposed:false
442 silly placeDep ROOT es-define-property@1.0.1 OK for: define-data-property@1.1.4 want: ^1.0.0
443 silly placeDep ROOT es-errors@1.3.0 OK for: define-data-property@1.1.4 want: ^1.3.0
444 silly placeDep ROOT type-fest@0.13.1 OK for: serialize-error@7.0.1 want: ^0.13.1
445 silly placeDep ROOT @serialport/binding-mock@10.2.2 OK for: serialport@12.0.0 want: 10.2.2
446 silly placeDep ROOT @serialport/bindings-cpp@12.0.1 OK for: serialport@12.0.0 want: 12.0.1
447 silly placeDep ROOT @serialport/parser-byte-length@12.0.0 OK for: serialport@12.0.0 want: 12.0.0
448 silly placeDep ROOT @serialport/parser-cctalk@12.0.0 OK for: serialport@12.0.0 want: 12.0.0
449 silly placeDep ROOT @serialport/parser-delimiter@12.0.0 OK for: serialport@12.0.0 want: 12.0.0
450 silly placeDep ROOT @serialport/parser-inter-byte-timeout@12.0.0 OK for: serialport@12.0.0 want: 12.0.0
451 silly placeDep ROOT @serialport/parser-packet-length@12.0.0 OK for: serialport@12.0.0 want: 12.0.0
452 silly placeDep ROOT @serialport/parser-readline@12.0.0 OK for: serialport@12.0.0 want: 12.0.0
453 silly placeDep ROOT @serialport/parser-ready@12.0.0 OK for: serialport@12.0.0 want: 12.0.0
454 silly placeDep ROOT @serialport/parser-regex@12.0.0 OK for: serialport@12.0.0 want: 12.0.0
455 silly placeDep ROOT @serialport/parser-slip-encoder@12.0.0 OK for: serialport@12.0.0 want: 12.0.0
456 silly placeDep ROOT @serialport/parser-spacepacket@12.0.0 OK for: serialport@12.0.0 want: 12.0.0
457 silly placeDep ROOT @serialport/stream@12.0.0 OK for: serialport@12.0.0 want: 12.0.0
458 silly placeDep node_modules/serialport debug@4.3.4 OK for: serialport@12.0.0 want: 4.3.4
459 silly fetch manifest @serialport/bindings-interface@^1.2.1
460 silly packumentCache full:https://registry.npmjs.org/@serialport%2fbindings-interface cache-miss
461 silly fetch manifest node-addon-api@7.0.0
462 silly packumentCache full:https://registry.npmjs.org/node-addon-api cache-miss
463 silly fetch manifest node-gyp-build@4.6.0
464 silly packumentCache full:https://registry.npmjs.org/node-gyp-build cache-miss
465 silly fetch manifest @serialport/parser-readline@11.0.0
466 silly packumentCache full:https://registry.npmjs.org/@serialport%2fparser-readline cache-miss
467 silly fetch manifest @serialport/bindings-interface@1.2.2
468 silly packumentCache full:https://registry.npmjs.org/@serialport%2fbindings-interface cache-miss
469 silly fetch manifest @serialport/bindings-interface@1.2.2
470 silly packumentCache full:https://registry.npmjs.org/@serialport%2fbindings-interface cache-miss
471 silly fetch manifest ms@2.1.2
472 silly packumentCache full:https://registry.npmjs.org/ms cache-miss
473 http cache https://registry.npmjs.org/node-addon-api 5ms (cache hit)
474 silly packumentCache full:https://registry.npmjs.org/node-addon-api set size:356526 disposed:false
475 http cache https://registry.npmjs.org/node-gyp-build 7ms (cache hit)
476 silly packumentCache full:https://registry.npmjs.org/node-gyp-build set size:84545 disposed:false
477 http cache https://registry.npmjs.org/ms 5ms (cache hit)
478 silly packumentCache full:https://registry.npmjs.org/ms set size:92208 disposed:false
479 http cache https://registry.npmjs.org/@serialport%2fparser-readline 8ms (cache hit)
480 silly packumentCache full:https://registry.npmjs.org/@serialport%2fparser-readline set size:60363 disposed:false
481 http fetch GET 200 https://registry.npmjs.org/@serialport%2fbindings-interface 307ms (cache miss)
482 silly packumentCache full:https://registry.npmjs.org/@serialport%2fbindings-interface set size:undefined disposed:false
483 http fetch GET 200 https://registry.npmjs.org/@serialport%2fbindings-interface 350ms (cache miss)
484 silly packumentCache full:https://registry.npmjs.org/@serialport%2fbindings-interface set size:undefined disposed:false
485 http fetch GET 200 https://registry.npmjs.org/@serialport%2fbindings-interface 384ms (cache miss)
486 silly packumentCache full:https://registry.npmjs.org/@serialport%2fbindings-interface set size:undefined disposed:false
487 silly placeDep ROOT @serialport/bindings-interface@1.2.2 OK for: @serialport/binding-mock@10.2.2 want: ^1.2.1
488 silly placeDep node_modules/@serialport/bindings-cpp @serialport/parser-readline@11.0.0 OK for: @serialport/bindings-cpp@12.0.1 want: 11.0.0
489 silly placeDep node_modules/@serialport/bindings-cpp debug@4.3.4 OK for: @serialport/bindings-cpp@12.0.1 want: 4.3.4
490 silly placeDep ROOT node-addon-api@7.0.0 OK for: @serialport/bindings-cpp@12.0.1 want: 7.0.0
491 silly placeDep ROOT node-gyp-build@4.6.0 OK for: @serialport/bindings-cpp@12.0.1 want: 4.6.0
492 silly fetch manifest @serialport/parser-delimiter@11.0.0
493 silly packumentCache full:https://registry.npmjs.org/@serialport%2fparser-delimiter cache-miss
494 http cache https://registry.npmjs.org/@serialport%2fparser-delimiter 11ms (cache hit)
495 silly packumentCache full:https://registry.npmjs.org/@serialport%2fparser-delimiter set size:58805 disposed:false
496 silly placeDep node_modules/@serialport/stream debug@4.3.4 OK for: @serialport/stream@12.0.0 want: 4.3.4
497 silly placeDep ROOT @types/w3c-web-usb@1.0.14 OK for: usb@2.17.0 want: ^1.0.6
498 silly placeDep node_modules/usb node-addon-api@8.8.0 OK for: usb@2.17.0 want: ^8.0.0
499 silly placeDep ROOT buffer-crc32@0.2.13 OK for: yauzl@2.10.0 want: ~0.2.3
500 silly placeDep ROOT fd-slicer@1.1.0 OK for: yauzl@2.10.0 want: ~1.1.0
501 silly fetch manifest pend@~1.2.0
502 silly packumentCache full:https://registry.npmjs.org/pend cache-miss
503 http fetch GET 200 https://registry.npmjs.org/pend 197ms (cache miss)
504 silly packumentCache full:https://registry.npmjs.org/pend set size:undefined disposed:false
505 silly placeDep ROOT pend@1.2.0 OK for: fd-slicer@1.1.0 want: ~1.2.0
506 silly placeDep node_modules/@serialport/bindings-cpp @serialport/parser-delimiter@11.0.0 OK for: @serialport/parser-readline@11.0.0 want: 11.0.0
507 silly placeDep node_modules/@serialport/bindings-cpp ms@2.1.2 OK for: debug@4.3.4 want: 2.1.2
508 silly placeDep node_modules/@serialport/stream ms@2.1.2 OK for: debug@4.3.4 want: 2.1.2
509 silly placeDep node_modules/serialport ms@2.1.2 OK for: debug@4.3.4 want: 2.1.2
510 silly reify moves {}
511 http cache fd-slicer@https://registry.npmjs.org/fd-slicer/-/fd-slicer-1.1.0.tgz 0ms (cache hit)
512 http cache @types/w3c-web-usb@https://registry.npmjs.org/@types/w3c-web-usb/-/w3c-web-usb-1.0.14.tgz 0ms (cache hit)
513 http cache buffer-crc32@https://registry.npmjs.org/buffer-crc32/-/buffer-crc32-0.2.13.tgz 0ms (cache hit)
514 http cache pend@https://registry.npmjs.org/pend/-/pend-1.2.0.tgz 0ms (cache hit)
515 http cache node-addon-api@https://registry.npmjs.org/node-addon-api/-/node-addon-api-7.0.0.tgz 0ms (cache hit)
516 http cache node-gyp-build@https://registry.npmjs.org/node-gyp-build/-/node-gyp-build-4.6.0.tgz 0ms (cache hit)
517 http cache @serialport/bindings-interface@https://registry.npmjs.org/@serialport/bindings-interface/-/bindings-interface-1.2.2.tgz 0ms (cache hit)
518 http cache @serialport/parser-spacepacket@https://registry.npmjs.org/@serialport/parser-spacepacket/-/parser-spacepacket-12.0.0.tgz 0ms (cache hit)
519 http cache @serialport/stream@https://registry.npmjs.org/@serialport/stream/-/stream-12.0.0.tgz 0ms (cache hit)
520 http cache @serialport/parser-slip-encoder@https://registry.npmjs.org/@serialport/parser-slip-encoder/-/parser-slip-encoder-12.0.0.tgz 0ms (cache hit)
521 http cache @serialport/parser-regex@https://registry.npmjs.org/@serialport/parser-regex/-/parser-regex-12.0.0.tgz 0ms (cache hit)
522 http cache @serialport/parser-ready@https://registry.npmjs.org/@serialport/parser-ready/-/parser-ready-12.0.0.tgz 0ms (cache hit)
523 http cache @serialport/parser-readline@https://registry.npmjs.org/@serialport/parser-readline/-/parser-readline-12.0.0.tgz 0ms (cache hit)
524 http cache @serialport/parser-packet-length@https://registry.npmjs.org/@serialport/parser-packet-length/-/parser-packet-length-12.0.0.tgz 0ms (cache hit)
525 http cache @serialport/parser-inter-byte-timeout@https://registry.npmjs.org/@serialport/parser-inter-byte-timeout/-/parser-inter-byte-timeout-12.0.0.tgz 0ms (cache hit)
526 http cache @serialport/parser-cctalk@https://registry.npmjs.org/@serialport/parser-cctalk/-/parser-cctalk-12.0.0.tgz 0ms (cache hit)
527 http cache @serialport/parser-delimiter@https://registry.npmjs.org/@serialport/parser-delimiter/-/parser-delimiter-12.0.0.tgz 0ms (cache hit)
528 http cache @serialport/parser-byte-length@https://registry.npmjs.org/@serialport/parser-byte-length/-/parser-byte-length-12.0.0.tgz 0ms (cache hit)
529 http cache @serialport/bindings-cpp@https://registry.npmjs.org/@serialport/bindings-cpp/-/bindings-cpp-12.0.1.tgz 0ms (cache hit)
530 http cache @serialport/binding-mock@https://registry.npmjs.org/@serialport/binding-mock/-/binding-mock-10.2.2.tgz 0ms (cache hit)
531 http cache type-fest@https://registry.npmjs.org/type-fest/-/type-fest-0.13.1.tgz 0ms (cache hit)
532 http cache es-errors@https://registry.npmjs.org/es-errors/-/es-errors-1.3.0.tgz 0ms (cache hit)
533 http cache object-keys@https://registry.npmjs.org/object-keys/-/object-keys-1.1.1.tgz 0ms (cache hit)
534 http cache has-property-descriptors@https://registry.npmjs.org/has-property-descriptors/-/has-property-descriptors-1.0.2.tgz 0ms (cache hit)
535 http cache define-data-property@https://registry.npmjs.org/define-data-property/-/define-data-property-1.1.4.tgz 0ms (cache hit)
536 http cache gopd@https://registry.npmjs.org/gopd/-/gopd-1.2.0.tgz 0ms (cache hit)
537 http cache define-properties@https://registry.npmjs.org/define-properties/-/define-properties-1.2.1.tgz 0ms (cache hit)
538 http cache sprintf-js@https://registry.npmjs.org/sprintf-js/-/sprintf-js-1.1.3.tgz 0ms (cache hit)
539 http cache semver-compare@https://registry.npmjs.org/semver-compare/-/semver-compare-1.0.0.tgz 0ms (cache hit)
540 http cache json-stringify-safe@https://registry.npmjs.org/json-stringify-safe/-/json-stringify-safe-5.0.1.tgz 0ms (cache hit)
541 http cache globalthis@https://registry.npmjs.org/globalthis/-/globalthis-1.0.4.tgz 0ms (cache hit)
542 http cache detect-node@https://registry.npmjs.org/detect-node/-/detect-node-2.1.0.tgz 0ms (cache hit)
543 http cache wrappy@https://registry.npmjs.org/wrappy/-/wrappy-1.0.2.tgz 0ms (cache hit)
544 http cache once@https://registry.npmjs.org/once/-/once-1.4.0.tgz 0ms (cache hit)
545 http cache es-define-property@https://registry.npmjs.org/es-define-property/-/es-define-property-1.0.1.tgz 0ms (cache hit)
546 http cache end-of-stream@https://registry.npmjs.org/end-of-stream/-/end-of-stream-1.4.5.tgz 0ms (cache hit)
547 http cache resolve-alpn@https://registry.npmjs.org/resolve-alpn/-/resolve-alpn-1.2.1.tgz 0ms (cache hit)
548 http cache quick-lru@https://registry.npmjs.org/quick-lru/-/quick-lru-5.1.1.tgz 0ms (cache hit)
549 http cache mimic-response@https://registry.npmjs.org/mimic-response/-/mimic-response-1.0.1.tgz 0ms (cache hit)
550 http cache normalize-url@https://registry.npmjs.org/normalize-url/-/normalize-url-6.1.0.tgz 0ms (cache hit)
551 http cache keyv@https://registry.npmjs.org/keyv/-/keyv-4.5.4.tgz 0ms (cache hit)
552 http cache http-cache-semantics@https://registry.npmjs.org/http-cache-semantics/-/http-cache-semantics-4.2.0.tgz 0ms (cache hit)
553 http cache clone-response@https://registry.npmjs.org/clone-response/-/clone-response-1.0.3.tgz 0ms (cache hit)
554 http cache @types/keyv@https://registry.npmjs.org/@types/keyv/-/keyv-3.1.4.tgz 0ms (cache hit)
555 http cache @types/http-cache-semantics@https://registry.npmjs.org/@types/http-cache-semantics/-/http-cache-semantics-4.2.0.tgz 0ms (cache hit)
556 http cache defer-to-connect@https://registry.npmjs.org/defer-to-connect/-/defer-to-connect-2.0.1.tgz 0ms (cache hit)
557 http cache responselike@https://registry.npmjs.org/responselike/-/responselike-2.0.1.tgz 0ms (cache hit)
558 http cache p-cancelable@https://registry.npmjs.org/p-cancelable/-/p-cancelable-2.1.1.tgz 0ms (cache hit)
559 http cache lowercase-keys@https://registry.npmjs.org/lowercase-keys/-/lowercase-keys-2.0.0.tgz 0ms (cache hit)
560 http cache http2-wrapper@https://registry.npmjs.org/http2-wrapper/-/http2-wrapper-1.0.3.tgz 0ms (cache hit)
561 http cache decompress-response@https://registry.npmjs.org/decompress-response/-/decompress-response-6.0.0.tgz 0ms (cache hit)
562 http cache cacheable-request@https://registry.npmjs.org/cacheable-request/-/cacheable-request-7.0.4.tgz 0ms (cache hit)
563 http cache cacheable-lookup@https://registry.npmjs.org/cacheable-lookup/-/cacheable-lookup-5.0.4.tgz 0ms (cache hit)
564 http cache @types/responselike@https://registry.npmjs.org/@types/responselike/-/responselike-1.0.3.tgz 0ms (cache hit)
565 http cache @types/cacheable-request@https://registry.npmjs.org/@types/cacheable-request/-/cacheable-request-6.0.3.tgz 0ms (cache hit)
566 http cache @szmarczak/http-timer@https://registry.npmjs.org/@szmarczak/http-timer/-/http-timer-4.0.6.tgz 0ms (cache hit)
567 http cache @sindresorhus/is@https://registry.npmjs.org/@sindresorhus/is/-/is-4.6.0.tgz 0ms (cache hit)
568 http cache serialize-error@https://registry.npmjs.org/serialize-error/-/serialize-error-7.0.1.tgz 0ms (cache hit)
569 http cache roarr@https://registry.npmjs.org/roarr/-/roarr-2.15.4.tgz 0ms (cache hit)
570 http cache matcher@https://registry.npmjs.org/matcher/-/matcher-3.0.0.tgz 0ms (cache hit)
571 http cache es6-error@https://registry.npmjs.org/es6-error/-/es6-error-4.1.1.tgz 0ms (cache hit)
572 http cache boolean@https://registry.npmjs.org/boolean/-/boolean-3.2.0.tgz 0ms (cache hit)
573 http cache pump@https://registry.npmjs.org/pump/-/pump-3.0.4.tgz 0ms (cache hit)
574 http cache universalify@https://registry.npmjs.org/universalify/-/universalify-0.1.2.tgz 0ms (cache hit)
575 http cache jsonfile@https://registry.npmjs.org/jsonfile/-/jsonfile-4.0.0.tgz 0ms (cache hit)
576 http cache graceful-fs@https://registry.npmjs.org/graceful-fs/-/graceful-fs-4.2.11.tgz 0ms (cache hit)
577 http cache yauzl@https://registry.npmjs.org/yauzl/-/yauzl-2.10.0.tgz 0ms (cache hit)
578 http cache get-stream@https://registry.npmjs.org/get-stream/-/get-stream-5.2.0.tgz 0ms (cache hit)
579 http cache @types/yauzl@https://registry.npmjs.org/@types/yauzl/-/yauzl-2.10.3.tgz 0ms (cache hit)
580 http cache ms@https://registry.npmjs.org/ms/-/ms-2.1.3.tgz 0ms (cache hit)
581 http cache undici-types@https://registry.npmjs.org/undici-types/-/undici-types-5.26.5.tgz 0ms (cache hit)
582 http cache sumchecker@https://registry.npmjs.org/sumchecker/-/sumchecker-3.0.1.tgz 0ms (cache hit)
583 http cache semver@https://registry.npmjs.org/semver/-/semver-6.3.1.tgz 0ms (cache hit)
584 http cache progress@https://registry.npmjs.org/progress/-/progress-2.0.3.tgz 0ms (cache hit)
585 http cache got@https://registry.npmjs.org/got/-/got-11.8.6.tgz 0ms (cache hit)
586 http cache global-agent@https://registry.npmjs.org/global-agent/-/global-agent-3.0.0.tgz 0ms (cache hit)
587 http cache fs-extra@https://registry.npmjs.org/fs-extra/-/fs-extra-8.1.0.tgz 0ms (cache hit)
588 http cache env-paths@https://registry.npmjs.org/env-paths/-/env-paths-2.2.1.tgz 0ms (cache hit)
589 http cache debug@https://registry.npmjs.org/debug/-/debug-4.4.3.tgz 0ms (cache hit)
590 http cache extract-zip@https://registry.npmjs.org/extract-zip/-/extract-zip-2.0.1.tgz 0ms (cache hit)
591 http cache @types/node@https://registry.npmjs.org/@types/node/-/node-18.19.130.tgz 0ms (cache hit)
592 http cache @electron/get@https://registry.npmjs.org/@electron/get/-/get-2.0.3.tgz 0ms (cache hit)
593 http cache usb@https://registry.npmjs.org/usb/-/usb-2.17.0.tgz 0ms (cache hit)
594 http cache serialport@https://registry.npmjs.org/serialport/-/serialport-12.0.0.tgz 0ms (cache hit)
595 http cache electron@https://registry.npmjs.org/electron/-/electron-28.3.3.tgz 0ms (cache hit)
596 http cache ms@https://registry.npmjs.org/ms/-/ms-2.1.2.tgz 0ms (cache hit)
597 http cache debug@https://registry.npmjs.org/debug/-/debug-4.3.4.tgz 0ms (cache hit)
598 http cache ms@https://registry.npmjs.org/ms/-/ms-2.1.2.tgz 0ms (cache hit)
599 http cache @serialport/parser-delimiter@https://registry.npmjs.org/@serialport/parser-delimiter/-/parser-delimiter-11.0.0.tgz 0ms (cache hit)
600 http cache debug@https://registry.npmjs.org/debug/-/debug-4.3.4.tgz 0ms (cache hit)
601 http cache @serialport/parser-readline@https://registry.npmjs.org/@serialport/parser-readline/-/parser-readline-11.0.0.tgz 0ms (cache hit)
602 http cache mimic-response@https://registry.npmjs.org/mimic-response/-/mimic-response-3.1.0.tgz 0ms (cache hit)
603 http cache semver@https://registry.npmjs.org/semver/-/semver-7.8.1.tgz 0ms (cache hit)
604 http cache json-buffer@https://registry.npmjs.org/json-buffer/-/json-buffer-3.0.1.tgz 0ms (cache hit)
605 http cache escape-string-regexp@https://registry.npmjs.org/escape-string-regexp/-/escape-string-regexp-4.0.0.tgz 0ms (cache hit)
606 http cache node-addon-api@https://registry.npmjs.org/node-addon-api/-/node-addon-api-8.8.0.tgz 0ms (cache hit)
607 http cache ms@https://registry.npmjs.org/ms/-/ms-2.1.2.tgz 0ms (cache hit)
608 http cache debug@https://registry.npmjs.org/debug/-/debug-4.3.4.tgz 0ms (cache hit)
609 silly tarball no local data for fd-slicer@https://registry.npmjs.org/fd-slicer/-/fd-slicer-1.1.0.tgz. Extracting by manifest.
610 silly tarball no local data for @types/w3c-web-usb@https://registry.npmjs.org/@types/w3c-web-usb/-/w3c-web-usb-1.0.14.tgz. Extracting by manifest.
611 silly tarball no local data for buffer-crc32@https://registry.npmjs.org/buffer-crc32/-/buffer-crc32-0.2.13.tgz. Extracting by manifest.
612 silly tarball no local data for pend@https://registry.npmjs.org/pend/-/pend-1.2.0.tgz. Extracting by manifest.
613 silly tarball no local data for node-addon-api@https://registry.npmjs.org/node-addon-api/-/node-addon-api-7.0.0.tgz. Extracting by manifest.
614 silly tarball no local data for node-gyp-build@https://registry.npmjs.org/node-gyp-build/-/node-gyp-build-4.6.0.tgz. Extracting by manifest.
615 silly tarball no local data for @serialport/bindings-interface@https://registry.npmjs.org/@serialport/bindings-interface/-/bindings-interface-1.2.2.tgz. Extracting by manifest.
616 silly tarball no local data for @serialport/parser-spacepacket@https://registry.npmjs.org/@serialport/parser-spacepacket/-/parser-spacepacket-12.0.0.tgz. Extracting by manifest.
617 silly tarball no local data for @serialport/stream@https://registry.npmjs.org/@serialport/stream/-/stream-12.0.0.tgz. Extracting by manifest.
618 silly tarball no local data for @serialport/parser-slip-encoder@https://registry.npmjs.org/@serialport/parser-slip-encoder/-/parser-slip-encoder-12.0.0.tgz. Extracting by manifest.
619 silly tarball no local data for @serialport/parser-regex@https://registry.npmjs.org/@serialport/parser-regex/-/parser-regex-12.0.0.tgz. Extracting by manifest.
620 silly tarball no local data for @serialport/parser-ready@https://registry.npmjs.org/@serialport/parser-ready/-/parser-ready-12.0.0.tgz. Extracting by manifest.
621 silly tarball no local data for @serialport/parser-readline@https://registry.npmjs.org/@serialport/parser-readline/-/parser-readline-12.0.0.tgz. Extracting by manifest.
622 silly tarball no local data for @serialport/parser-packet-length@https://registry.npmjs.org/@serialport/parser-packet-length/-/parser-packet-length-12.0.0.tgz. Extracting by manifest.
623 silly tarball no local data for @serialport/parser-inter-byte-timeout@https://registry.npmjs.org/@serialport/parser-inter-byte-timeout/-/parser-inter-byte-timeout-12.0.0.tgz. Extracting by manifest.
624 silly tarball no local data for @serialport/parser-cctalk@https://registry.npmjs.org/@serialport/parser-cctalk/-/parser-cctalk-12.0.0.tgz. Extracting by manifest.
625 silly tarball no local data for @serialport/parser-delimiter@https://registry.npmjs.org/@serialport/parser-delimiter/-/parser-delimiter-12.0.0.tgz. Extracting by manifest.
626 silly tarball no local data for @serialport/parser-byte-length@https://registry.npmjs.org/@serialport/parser-byte-length/-/parser-byte-length-12.0.0.tgz. Extracting by manifest.
627 silly tarball no local data for @serialport/bindings-cpp@https://registry.npmjs.org/@serialport/bindings-cpp/-/bindings-cpp-12.0.1.tgz. Extracting by manifest.
628 silly tarball no local data for @serialport/binding-mock@https://registry.npmjs.org/@serialport/binding-mock/-/binding-mock-10.2.2.tgz. Extracting by manifest.
629 silly tarball no local data for type-fest@https://registry.npmjs.org/type-fest/-/type-fest-0.13.1.tgz. Extracting by manifest.
630 silly tarball no local data for es-errors@https://registry.npmjs.org/es-errors/-/es-errors-1.3.0.tgz. Extracting by manifest.
631 silly tarball no local data for object-keys@https://registry.npmjs.org/object-keys/-/object-keys-1.1.1.tgz. Extracting by manifest.
632 silly tarball no local data for has-property-descriptors@https://registry.npmjs.org/has-property-descriptors/-/has-property-descriptors-1.0.2.tgz. Extracting by manifest.
633 silly tarball no local data for define-data-property@https://registry.npmjs.org/define-data-property/-/define-data-property-1.1.4.tgz. Extracting by manifest.
634 silly tarball no local data for gopd@https://registry.npmjs.org/gopd/-/gopd-1.2.0.tgz. Extracting by manifest.
635 silly tarball no local data for define-properties@https://registry.npmjs.org/define-properties/-/define-properties-1.2.1.tgz. Extracting by manifest.
636 silly tarball no local data for sprintf-js@https://registry.npmjs.org/sprintf-js/-/sprintf-js-1.1.3.tgz. Extracting by manifest.
637 silly tarball no local data for semver-compare@https://registry.npmjs.org/semver-compare/-/semver-compare-1.0.0.tgz. Extracting by manifest.
638 silly tarball no local data for json-stringify-safe@https://registry.npmjs.org/json-stringify-safe/-/json-stringify-safe-5.0.1.tgz. Extracting by manifest.
639 silly tarball no local data for globalthis@https://registry.npmjs.org/globalthis/-/globalthis-1.0.4.tgz. Extracting by manifest.
640 silly tarball no local data for detect-node@https://registry.npmjs.org/detect-node/-/detect-node-2.1.0.tgz. Extracting by manifest.
641 silly tarball no local data for wrappy@https://registry.npmjs.org/wrappy/-/wrappy-1.0.2.tgz. Extracting by manifest.
642 silly tarball no local data for once@https://registry.npmjs.org/once/-/once-1.4.0.tgz. Extracting by manifest.
643 silly tarball no local data for es-define-property@https://registry.npmjs.org/es-define-property/-/es-define-property-1.0.1.tgz. Extracting by manifest.
644 silly tarball no local data for end-of-stream@https://registry.npmjs.org/end-of-stream/-/end-of-stream-1.4.5.tgz. Extracting by manifest.
645 silly tarball no local data for resolve-alpn@https://registry.npmjs.org/resolve-alpn/-/resolve-alpn-1.2.1.tgz. Extracting by manifest.
646 silly tarball no local data for quick-lru@https://registry.npmjs.org/quick-lru/-/quick-lru-5.1.1.tgz. Extracting by manifest.
647 silly tarball no local data for mimic-response@https://registry.npmjs.org/mimic-response/-/mimic-response-1.0.1.tgz. Extracting by manifest.
648 silly tarball no local data for normalize-url@https://registry.npmjs.org/normalize-url/-/normalize-url-6.1.0.tgz. Extracting by manifest.
649 silly tarball no local data for keyv@https://registry.npmjs.org/keyv/-/keyv-4.5.4.tgz. Extracting by manifest.
650 silly tarball no local data for http-cache-semantics@https://registry.npmjs.org/http-cache-semantics/-/http-cache-semantics-4.2.0.tgz. Extracting by manifest.
651 silly tarball no local data for clone-response@https://registry.npmjs.org/clone-response/-/clone-response-1.0.3.tgz. Extracting by manifest.
652 silly tarball no local data for @types/keyv@https://registry.npmjs.org/@types/keyv/-/keyv-3.1.4.tgz. Extracting by manifest.
653 silly tarball no local data for @types/http-cache-semantics@https://registry.npmjs.org/@types/http-cache-semantics/-/http-cache-semantics-4.2.0.tgz. Extracting by manifest.
654 silly tarball no local data for defer-to-connect@https://registry.npmjs.org/defer-to-connect/-/defer-to-connect-2.0.1.tgz. Extracting by manifest.
655 silly tarball no local data for responselike@https://registry.npmjs.org/responselike/-/responselike-2.0.1.tgz. Extracting by manifest.
656 silly tarball no local data for p-cancelable@https://registry.npmjs.org/p-cancelable/-/p-cancelable-2.1.1.tgz. Extracting by manifest.
657 silly tarball no local data for lowercase-keys@https://registry.npmjs.org/lowercase-keys/-/lowercase-keys-2.0.0.tgz. Extracting by manifest.
658 silly tarball no local data for http2-wrapper@https://registry.npmjs.org/http2-wrapper/-/http2-wrapper-1.0.3.tgz. Extracting by manifest.
659 silly tarball no local data for decompress-response@https://registry.npmjs.org/decompress-response/-/decompress-response-6.0.0.tgz. Extracting by manifest.
660 silly tarball no local data for cacheable-request@https://registry.npmjs.org/cacheable-request/-/cacheable-request-7.0.4.tgz. Extracting by manifest.
661 silly tarball no local data for cacheable-lookup@https://registry.npmjs.org/cacheable-lookup/-/cacheable-lookup-5.0.4.tgz. Extracting by manifest.
662 silly tarball no local data for @types/responselike@https://registry.npmjs.org/@types/responselike/-/responselike-1.0.3.tgz. Extracting by manifest.
663 silly tarball no local data for @types/cacheable-request@https://registry.npmjs.org/@types/cacheable-request/-/cacheable-request-6.0.3.tgz. Extracting by manifest.
664 silly tarball no local data for @szmarczak/http-timer@https://registry.npmjs.org/@szmarczak/http-timer/-/http-timer-4.0.6.tgz. Extracting by manifest.
665 silly tarball no local data for @sindresorhus/is@https://registry.npmjs.org/@sindresorhus/is/-/is-4.6.0.tgz. Extracting by manifest.
666 silly tarball no local data for serialize-error@https://registry.npmjs.org/serialize-error/-/serialize-error-7.0.1.tgz. Extracting by manifest.
667 silly tarball no local data for roarr@https://registry.npmjs.org/roarr/-/roarr-2.15.4.tgz. Extracting by manifest.
668 silly tarball no local data for matcher@https://registry.npmjs.org/matcher/-/matcher-3.0.0.tgz. Extracting by manifest.
669 silly tarball no local data for es6-error@https://registry.npmjs.org/es6-error/-/es6-error-4.1.1.tgz. Extracting by manifest.
670 silly tarball no local data for boolean@https://registry.npmjs.org/boolean/-/boolean-3.2.0.tgz. Extracting by manifest.
671 silly tarball no local data for pump@https://registry.npmjs.org/pump/-/pump-3.0.4.tgz. Extracting by manifest.
672 silly tarball no local data for universalify@https://registry.npmjs.org/universalify/-/universalify-0.1.2.tgz. Extracting by manifest.
673 silly tarball no local data for jsonfile@https://registry.npmjs.org/jsonfile/-/jsonfile-4.0.0.tgz. Extracting by manifest.
674 silly tarball no local data for graceful-fs@https://registry.npmjs.org/graceful-fs/-/graceful-fs-4.2.11.tgz. Extracting by manifest.
675 silly tarball no local data for yauzl@https://registry.npmjs.org/yauzl/-/yauzl-2.10.0.tgz. Extracting by manifest.
676 silly tarball no local data for get-stream@https://registry.npmjs.org/get-stream/-/get-stream-5.2.0.tgz. Extracting by manifest.
677 silly tarball no local data for @types/yauzl@https://registry.npmjs.org/@types/yauzl/-/yauzl-2.10.3.tgz. Extracting by manifest.
678 silly tarball no local data for ms@https://registry.npmjs.org/ms/-/ms-2.1.3.tgz. Extracting by manifest.
679 silly tarball no local data for undici-types@https://registry.npmjs.org/undici-types/-/undici-types-5.26.5.tgz. Extracting by manifest.
680 silly tarball no local data for sumchecker@https://registry.npmjs.org/sumchecker/-/sumchecker-3.0.1.tgz. Extracting by manifest.
681 silly tarball no local data for semver@https://registry.npmjs.org/semver/-/semver-6.3.1.tgz. Extracting by manifest.
682 silly tarball no local data for progress@https://registry.npmjs.org/progress/-/progress-2.0.3.tgz. Extracting by manifest.
683 silly tarball no local data for got@https://registry.npmjs.org/got/-/got-11.8.6.tgz. Extracting by manifest.
684 silly tarball no local data for global-agent@https://registry.npmjs.org/global-agent/-/global-agent-3.0.0.tgz. Extracting by manifest.
685 silly tarball no local data for fs-extra@https://registry.npmjs.org/fs-extra/-/fs-extra-8.1.0.tgz. Extracting by manifest.
686 silly tarball no local data for env-paths@https://registry.npmjs.org/env-paths/-/env-paths-2.2.1.tgz. Extracting by manifest.
687 silly tarball no local data for debug@https://registry.npmjs.org/debug/-/debug-4.4.3.tgz. Extracting by manifest.
688 silly tarball no local data for extract-zip@https://registry.npmjs.org/extract-zip/-/extract-zip-2.0.1.tgz. Extracting by manifest.
689 silly tarball no local data for @types/node@https://registry.npmjs.org/@types/node/-/node-18.19.130.tgz. Extracting by manifest.
690 silly tarball no local data for @electron/get@https://registry.npmjs.org/@electron/get/-/get-2.0.3.tgz. Extracting by manifest.
691 silly tarball no local data for usb@https://registry.npmjs.org/usb/-/usb-2.17.0.tgz. Extracting by manifest.
692 silly tarball no local data for serialport@https://registry.npmjs.org/serialport/-/serialport-12.0.0.tgz. Extracting by manifest.
693 silly tarball no local data for electron@https://registry.npmjs.org/electron/-/electron-28.3.3.tgz. Extracting by manifest.
694 silly tarball no local data for ms@https://registry.npmjs.org/ms/-/ms-2.1.2.tgz. Extracting by manifest.
695 silly tarball no local data for debug@https://registry.npmjs.org/debug/-/debug-4.3.4.tgz. Extracting by manifest.
696 silly tarball no local data for ms@https://registry.npmjs.org/ms/-/ms-2.1.2.tgz. Extracting by manifest.
697 silly tarball no local data for @serialport/parser-delimiter@https://registry.npmjs.org/@serialport/parser-delimiter/-/parser-delimiter-11.0.0.tgz. Extracting by manifest.
698 silly tarball no local data for debug@https://registry.npmjs.org/debug/-/debug-4.3.4.tgz. Extracting by manifest.
699 silly tarball no local data for @serialport/parser-readline@https://registry.npmjs.org/@serialport/parser-readline/-/parser-readline-11.0.0.tgz. Extracting by manifest.
700 silly tarball no local data for mimic-response@https://registry.npmjs.org/mimic-response/-/mimic-response-3.1.0.tgz. Extracting by manifest.
701 silly tarball no local data for semver@https://registry.npmjs.org/semver/-/semver-7.8.1.tgz. Extracting by manifest.
702 silly tarball no local data for json-buffer@https://registry.npmjs.org/json-buffer/-/json-buffer-3.0.1.tgz. Extracting by manifest.
703 silly tarball no local data for escape-string-regexp@https://registry.npmjs.org/escape-string-regexp/-/escape-string-regexp-4.0.0.tgz. Extracting by manifest.
704 silly tarball no local data for node-addon-api@https://registry.npmjs.org/node-addon-api/-/node-addon-api-8.8.0.tgz. Extracting by manifest.
705 silly tarball no local data for ms@https://registry.npmjs.org/ms/-/ms-2.1.2.tgz. Extracting by manifest.
706 silly tarball no local data for debug@https://registry.npmjs.org/debug/-/debug-4.3.4.tgz. Extracting by manifest.
707 http fetch GET 200 https://registry.npmjs.org/fd-slicer/-/fd-slicer-1.1.0.tgz 242ms (cache miss)
708 http fetch GET 200 https://registry.npmjs.org/pend/-/pend-1.2.0.tgz 241ms (cache miss)
709 http fetch GET 200 https://registry.npmjs.org/@serialport/bindings-interface/-/bindings-interface-1.2.2.tgz 240ms (cache miss)
710 http fetch GET 200 https://registry.npmjs.org/@types/w3c-web-usb/-/w3c-web-usb-1.0.14.tgz 257ms (cache miss)
711 http fetch GET 200 https://registry.npmjs.org/node-gyp-build/-/node-gyp-build-4.6.0.tgz 348ms (cache miss)
712 http fetch GET 200 https://registry.npmjs.org/buffer-crc32/-/buffer-crc32-0.2.13.tgz 427ms (cache miss)
713 http fetch GET 200 https://registry.npmjs.org/@serialport/parser-delimiter/-/parser-delimiter-12.0.0.tgz 430ms (cache miss)
714 http fetch GET 200 https://registry.npmjs.org/@serialport/parser-cctalk/-/parser-cctalk-12.0.0.tgz 438ms (cache miss)
715 http fetch GET 200 https://registry.npmjs.org/@serialport/parser-byte-length/-/parser-byte-length-12.0.0.tgz 438ms (cache miss)
716 http fetch GET 200 https://registry.npmjs.org/has-property-descriptors/-/has-property-descriptors-1.0.2.tgz 636ms (cache miss)
717 http fetch GET 200 https://registry.npmjs.org/@serialport/parser-ready/-/parser-ready-12.0.0.tgz 725ms (cache miss)
718 http fetch GET 200 https://registry.npmjs.org/@serialport/parser-slip-encoder/-/parser-slip-encoder-12.0.0.tgz 730ms (cache miss)
719 http fetch GET 200 https://registry.npmjs.org/@serialport/binding-mock/-/binding-mock-10.2.2.tgz 855ms (cache miss)
720 http fetch GET 200 https://registry.npmjs.org/@serialport/parser-inter-byte-timeout/-/parser-inter-byte-timeout-12.0.0.tgz 856ms (cache miss)
721 http fetch GET 200 https://registry.npmjs.org/@serialport/parser-packet-length/-/parser-packet-length-12.0.0.tgz 858ms (cache miss)
722 http fetch GET 200 https://registry.npmjs.org/es-errors/-/es-errors-1.3.0.tgz 859ms (cache miss)
723 http fetch GET 200 https://registry.npmjs.org/@serialport/parser-readline/-/parser-readline-12.0.0.tgz 868ms (cache miss)
724 http fetch GET 200 https://registry.npmjs.org/object-keys/-/object-keys-1.1.1.tgz 875ms (cache miss)
725 http fetch GET 200 https://registry.npmjs.org/type-fest/-/type-fest-0.13.1.tgz 883ms (cache miss)
726 http fetch GET 200 https://registry.npmjs.org/gopd/-/gopd-1.2.0.tgz 914ms (cache miss)
727 http fetch GET 200 https://registry.npmjs.org/define-properties/-/define-properties-1.2.1.tgz 915ms (cache miss)
728 http fetch GET 200 https://registry.npmjs.org/@serialport/parser-spacepacket/-/parser-spacepacket-12.0.0.tgz 941ms (cache miss)
729 http fetch GET 200 https://registry.npmjs.org/detect-node/-/detect-node-2.1.0.tgz 1034ms (cache miss)
730 http fetch GET 200 https://registry.npmjs.org/semver-compare/-/semver-compare-1.0.0.tgz 1037ms (cache miss)
731 http fetch GET 200 https://registry.npmjs.org/wrappy/-/wrappy-1.0.2.tgz 1062ms (cache miss)
732 http fetch GET 200 https://registry.npmjs.org/end-of-stream/-/end-of-stream-1.4.5.tgz 1079ms (cache miss)
733 http fetch GET 200 https://registry.npmjs.org/resolve-alpn/-/resolve-alpn-1.2.1.tgz 1117ms (cache miss)
734 http fetch GET 200 https://registry.npmjs.org/globalthis/-/globalthis-1.0.4.tgz 1127ms (cache miss)
735 http fetch GET 200 https://registry.npmjs.org/quick-lru/-/quick-lru-5.1.1.tgz 1220ms (cache miss)
736 http fetch GET 200 https://registry.npmjs.org/mimic-response/-/mimic-response-1.0.1.tgz 1230ms (cache miss)
737 http fetch GET 200 https://registry.npmjs.org/http-cache-semantics/-/http-cache-semantics-4.2.0.tgz 1269ms (cache miss)
738 http fetch GET 200 https://registry.npmjs.org/es-define-property/-/es-define-property-1.0.1.tgz 1289ms (cache miss)
739 http fetch GET 200 https://registry.npmjs.org/json-stringify-safe/-/json-stringify-safe-5.0.1.tgz 1302ms (cache miss)
740 http fetch GET 200 https://registry.npmjs.org/clone-response/-/clone-response-1.0.3.tgz 1327ms (cache miss)
741 http fetch GET 200 https://registry.npmjs.org/node-addon-api/-/node-addon-api-7.0.0.tgz 1410ms (cache miss)
742 http fetch GET 200 https://registry.npmjs.org/@types/keyv/-/keyv-3.1.4.tgz 1417ms (cache miss)
743 http fetch GET 200 https://registry.npmjs.org/@types/http-cache-semantics/-/http-cache-semantics-4.2.0.tgz 1450ms (cache miss)
744 http fetch GET 200 https://registry.npmjs.org/responselike/-/responselike-2.0.1.tgz 1467ms (cache miss)
745 http fetch GET 200 https://registry.npmjs.org/keyv/-/keyv-4.5.4.tgz 1503ms (cache miss)
746 http fetch GET 200 https://registry.npmjs.org/normalize-url/-/normalize-url-6.1.0.tgz 1512ms (cache miss)
747 http fetch GET 200 https://registry.npmjs.org/p-cancelable/-/p-cancelable-2.1.1.tgz 1512ms (cache miss)
748 http fetch GET 200 https://registry.npmjs.org/decompress-response/-/decompress-response-6.0.0.tgz 1604ms (cache miss)
749 http fetch GET 200 https://registry.npmjs.org/cacheable-request/-/cacheable-request-7.0.4.tgz 1639ms (cache miss)
750 http fetch GET 200 https://registry.npmjs.org/defer-to-connect/-/defer-to-connect-2.0.1.tgz 1653ms (cache miss)
751 http fetch GET 200 https://registry.npmjs.org/sprintf-js/-/sprintf-js-1.1.3.tgz 1669ms (cache miss)
752 http fetch GET 200 https://registry.npmjs.org/@types/responselike/-/responselike-1.0.3.tgz 1689ms (cache miss)
753 http fetch GET 200 https://registry.npmjs.org/@types/cacheable-request/-/cacheable-request-6.0.3.tgz 1733ms (cache miss)
754 http fetch GET 200 https://registry.npmjs.org/lowercase-keys/-/lowercase-keys-2.0.0.tgz 1736ms (cache miss)
755 http fetch GET 200 https://registry.npmjs.org/roarr/-/roarr-2.15.4.tgz 1846ms (cache miss)
756 http fetch GET 200 https://registry.npmjs.org/cacheable-lookup/-/cacheable-lookup-5.0.4.tgz 1855ms (cache miss)
757 http fetch GET 200 https://registry.npmjs.org/matcher/-/matcher-3.0.0.tgz 1947ms (cache miss)
758 http fetch GET 200 https://registry.npmjs.org/once/-/once-1.4.0.tgz 2020ms (cache miss)
759 http fetch GET 200 https://registry.npmjs.org/@sindresorhus/is/-/is-4.6.0.tgz 2039ms (cache miss)
760 http fetch GET 200 https://registry.npmjs.org/jsonfile/-/jsonfile-4.0.0.tgz 2041ms (cache miss)
761 http fetch GET 200 https://registry.npmjs.org/get-stream/-/get-stream-5.2.0.tgz 2236ms (cache miss)
762 http fetch GET 200 https://registry.npmjs.org/@types/yauzl/-/yauzl-2.10.3.tgz 2253ms (cache miss)
763 http fetch GET 200 https://registry.npmjs.org/universalify/-/universalify-0.1.2.tgz 2270ms (cache miss)
764 http fetch GET 200 https://registry.npmjs.org/pump/-/pump-3.0.4.tgz 2285ms (cache miss)
765 http fetch GET 200 https://registry.npmjs.org/ms/-/ms-2.1.3.tgz 2425ms (cache miss)
766 http fetch GET 200 https://registry.npmjs.org/es6-error/-/es6-error-4.1.1.tgz 2454ms (cache miss)
767 http fetch GET 200 https://registry.npmjs.org/@szmarczak/http-timer/-/http-timer-4.0.6.tgz 2465ms (cache miss)
768 http fetch GET 200 https://registry.npmjs.org/graceful-fs/-/graceful-fs-4.2.11.tgz 2593ms (cache miss)
769 http fetch GET 200 https://registry.npmjs.org/undici-types/-/undici-types-5.26.5.tgz 2638ms (cache miss)
770 http fetch GET 200 https://registry.npmjs.org/@serialport/parser-regex/-/parser-regex-12.0.0.tgz 2674ms (cache miss)
771 http fetch GET 200 https://registry.npmjs.org/sumchecker/-/sumchecker-3.0.1.tgz 2677ms (cache miss)
772 http fetch GET 200 https://registry.npmjs.org/define-data-property/-/define-data-property-1.1.4.tgz 2786ms (cache miss)
773 http fetch GET 200 https://registry.npmjs.org/boolean/-/boolean-3.2.0.tgz 2783ms (cache miss)
774 warn deprecated boolean@3.2.0: Package no longer supported. Contact Support at https://www.npmjs.com/support for more info.
775 http fetch GET 200 https://registry.npmjs.org/http2-wrapper/-/http2-wrapper-1.0.3.tgz 2794ms (cache miss)
776 http fetch GET 200 https://registry.npmjs.org/serialize-error/-/serialize-error-7.0.1.tgz 2798ms (cache miss)
777 http fetch GET 200 https://registry.npmjs.org/yauzl/-/yauzl-2.10.0.tgz 2802ms (cache miss)
778 http fetch GET 200 https://registry.npmjs.org/env-paths/-/env-paths-2.2.1.tgz 2818ms (cache miss)
779 http fetch GET 200 https://registry.npmjs.org/@serialport/stream/-/stream-12.0.0.tgz 2838ms (cache miss)
780 http fetch GET 200 https://registry.npmjs.org/extract-zip/-/extract-zip-2.0.1.tgz 2856ms (cache miss)
781 http fetch GET 200 https://registry.npmjs.org/progress/-/progress-2.0.3.tgz 2942ms (cache miss)
782 http fetch GET 200 https://registry.npmjs.org/serialport/-/serialport-12.0.0.tgz 2986ms (cache miss)
783 http fetch GET 200 https://registry.npmjs.org/ms/-/ms-2.1.2.tgz 3001ms (cache miss)
784 http fetch GET 200 https://registry.npmjs.org/ms/-/ms-2.1.2.tgz 3037ms (cache miss)
785 http fetch GET 200 https://registry.npmjs.org/debug/-/debug-4.4.3.tgz 3067ms (cache miss)
786 http fetch GET 200 https://registry.npmjs.org/debug/-/debug-4.3.4.tgz 3190ms (cache miss)
787 http fetch GET 200 https://registry.npmjs.org/@serialport/parser-readline/-/parser-readline-11.0.0.tgz 3191ms (cache miss)
788 http fetch GET 200 https://registry.npmjs.org/@serialport/parser-delimiter/-/parser-delimiter-11.0.0.tgz 3237ms (cache miss)
789 http fetch GET 200 https://registry.npmjs.org/debug/-/debug-4.3.4.tgz 3243ms (cache miss)
790 http fetch GET 200 https://registry.npmjs.org/global-agent/-/global-agent-3.0.0.tgz 3308ms (cache miss)
791 http fetch GET 200 https://registry.npmjs.org/escape-string-regexp/-/escape-string-regexp-4.0.0.tgz 3368ms (cache miss)
792 http fetch GET 200 https://registry.npmjs.org/got/-/got-11.8.6.tgz 3412ms (cache miss)
793 http fetch GET 200 https://registry.npmjs.org/electron/-/electron-28.3.3.tgz 3475ms (cache miss)
794 http fetch GET 200 https://registry.npmjs.org/semver/-/semver-7.8.1.tgz 3475ms (cache miss)
795 http fetch GET 200 https://registry.npmjs.org/json-buffer/-/json-buffer-3.0.1.tgz 3632ms (cache miss)
796 http fetch GET 200 https://registry.npmjs.org/ms/-/ms-2.1.2.tgz 3667ms (cache miss)
797 http fetch GET 200 https://registry.npmjs.org/mimic-response/-/mimic-response-3.1.0.tgz 3757ms (cache miss)
798 http fetch GET 200 https://registry.npmjs.org/debug/-/debug-4.3.4.tgz 3767ms (cache miss)
799 http fetch GET 200 https://registry.npmjs.org/semver/-/semver-6.3.1.tgz 3916ms (cache miss)
800 http fetch GET 200 https://registry.npmjs.org/@electron/get/-/get-2.0.3.tgz 4025ms (cache miss)
801 http fetch GET 200 https://registry.npmjs.org/fs-extra/-/fs-extra-8.1.0.tgz 4402ms (cache miss)
802 http fetch GET 200 https://registry.npmjs.org/usb/-/usb-2.17.0.tgz 5229ms (cache miss)
803 http fetch GET 200 https://registry.npmjs.org/@serialport/bindings-cpp/-/bindings-cpp-12.0.1.tgz 6329ms (cache miss)
804 http fetch GET 200 https://registry.npmjs.org/node-addon-api/-/node-addon-api-8.8.0.tgz 6995ms (cache miss)
805 http fetch GET 200 https://registry.npmjs.org/@types/node/-/node-18.19.130.tgz 13973ms (cache miss)
806 info run @serialport/bindings-cpp@12.0.1 install node_modules/@serialport/bindings-cpp node-gyp-build
807 info run usb@2.17.0 install node_modules/usb node-gyp-build
808 info run @serialport/bindings-cpp@12.0.1 install { code: 0, signal: null }
809 info run usb@2.17.0 install { code: 0, signal: null }
810 info run electron@28.3.3 postinstall node_modules/electron node install.js
811 info run electron@28.3.3 postinstall { code: 0, signal: null }
812 silly ADD node_modules/pend
813 silly ADD node_modules/fd-slicer
814 silly ADD node_modules/buffer-crc32
815 silly ADD node_modules/@types/w3c-web-usb
816 silly ADD node_modules/node-gyp-build
817 silly ADD node_modules/node-addon-api
818 silly ADD node_modules/@serialport/bindings-interface
819 silly ADD node_modules/@serialport/stream
820 silly ADD node_modules/@serialport/stream/node_modules/ms
821 silly ADD node_modules/@serialport/stream/node_modules/debug
822 silly ADD node_modules/@serialport/parser-spacepacket
823 silly ADD node_modules/@serialport/parser-slip-encoder
824 silly ADD node_modules/@serialport/parser-regex
825 silly ADD node_modules/@serialport/parser-ready
826 silly ADD node_modules/@serialport/parser-readline
827 silly ADD node_modules/@serialport/parser-packet-length
828 silly ADD node_modules/@serialport/parser-inter-byte-timeout
829 silly ADD node_modules/@serialport/parser-delimiter
830 silly ADD node_modules/@serialport/parser-cctalk
831 silly ADD node_modules/@serialport/parser-byte-length
832 silly ADD node_modules/@serialport/bindings-cpp
833 silly ADD node_modules/@serialport/bindings-cpp/node_modules/ms
834 silly ADD node_modules/@serialport/bindings-cpp/node_modules/@serialport/parser-delimiter
835 silly ADD node_modules/@serialport/bindings-cpp/node_modules/debug
836 silly ADD node_modules/@serialport/bindings-cpp/node_modules/@serialport/parser-readline
837 silly ADD node_modules/@serialport/binding-mock
838 silly ADD node_modules/type-fest
839 silly ADD node_modules/es-errors
840 silly ADD node_modules/es-define-property
841 silly ADD node_modules/object-keys
842 silly ADD node_modules/has-property-descriptors
843 silly ADD node_modules/define-data-property
844 silly ADD node_modules/gopd
845 silly ADD node_modules/define-properties
846 silly ADD node_modules/sprintf-js
847 silly ADD node_modules/semver-compare
848 silly ADD node_modules/json-stringify-safe
849 silly ADD node_modules/globalthis
850 silly ADD node_modules/detect-node
851 silly ADD node_modules/wrappy
852 silly ADD node_modules/once
853 silly ADD node_modules/end-of-stream
854 silly ADD node_modules/escape-string-regexp
855 silly ADD node_modules/json-buffer
856 silly ADD node_modules/resolve-alpn
857 silly ADD node_modules/quick-lru
858 silly ADD node_modules/mimic-response
859 silly ADD node_modules/normalize-url
860 silly ADD node_modules/keyv
861 silly ADD node_modules/http-cache-semantics
862 silly ADD node_modules/clone-response
863 silly ADD node_modules/@types/keyv
864 silly ADD node_modules/@types/http-cache-semantics
865 silly ADD node_modules/defer-to-connect
866 silly ADD node_modules/responselike
867 silly ADD node_modules/p-cancelable
868 silly ADD node_modules/lowercase-keys
869 silly ADD node_modules/http2-wrapper
870 silly ADD node_modules/decompress-response
871 silly ADD node_modules/decompress-response/node_modules/mimic-response
872 silly ADD node_modules/cacheable-request
873 silly ADD node_modules/cacheable-lookup
874 silly ADD node_modules/@types/responselike
875 silly ADD node_modules/@types/cacheable-request
876 silly ADD node_modules/@szmarczak/http-timer
877 silly ADD node_modules/@sindresorhus/is
878 silly ADD node_modules/serialize-error
879 silly ADD node_modules/roarr
880 silly ADD node_modules/matcher
881 silly ADD node_modules/es6-error
882 silly ADD node_modules/boolean
883 silly ADD node_modules/pump
884 silly ADD node_modules/universalify
885 silly ADD node_modules/jsonfile
886 silly ADD node_modules/graceful-fs
887 silly ADD node_modules/yauzl
888 silly ADD node_modules/get-stream
889 silly ADD node_modules/@types/yauzl
890 silly ADD node_modules/ms
891 silly ADD node_modules/undici-types
892 silly ADD node_modules/sumchecker
893 silly ADD node_modules/semver
894 silly ADD node_modules/progress
895 silly ADD node_modules/got
896 silly ADD node_modules/global-agent
897 silly ADD node_modules/global-agent/node_modules/semver
898 silly ADD node_modules/fs-extra
899 silly ADD node_modules/env-paths
900 silly ADD node_modules/debug
901 silly ADD node_modules/extract-zip
902 silly ADD node_modules/@types/node
903 silly ADD node_modules/@electron/get
904 silly ADD node_modules/usb
905 silly ADD node_modules/usb/node_modules/node-addon-api
906 silly ADD node_modules/serialport
907 silly ADD node_modules/serialport/node_modules/ms
908 silly ADD node_modules/serialport/node_modules/debug
909 silly ADD node_modules/electron
910 verbose cwd /Users/wuwenbo/Documents/trae_projects/SoloProjects-hll/p150
911 verbose os Darwin 23.5.0
912 verbose node v24.12.0
913 verbose npm  v11.6.2
914 notice
914 notice New [33mminor[39m version of npm available! [33m11.6.2[39m -> [34m11.15.0[39m
914 notice Changelog: [34mhttps://github.com/npm/cli/releases/tag/v11.15.0[39m
914 notice To update run: [4mnpm install -g npm@11.15.0[24m
914 notice  { force: true, Symbol(proc-log.meta): true }
915 verbose exit 0
916 info ok
